DEBUG - 2025-09-17 12:30:03 --> Session: Class initialized using 'CodeIgniter\Session\Handlers\FileHandler' driver.
DEBUG - 2025-09-17 12:30:11 --> Session: Class initialized using 'CodeIgniter\Session\Handlers\FileHandler' driver.
CRITICAL - 2025-09-17 13:38:35 --> ErrorException: Undefined variable $atributos
[Method: GET, Route: DetalleEquipos/2]
in APPPATH\Views\DetalleEquipos.php on line 56.
 1 APPPATH\Views\DetalleEquipos.php(56): CodeIgniter\Debug\Exceptions->errorHandler(2, 'Undefined variable $atributos', 'C:\\xampp\\htdocs\\sistemainventario\\app\\Views\\DetalleEquipos.php', 56)
 2 SYSTEMPATH\View\View.php(226): include('C:\\xampp\\htdocs\\sistemainventario\\app\\Views\\DetalleEquipos.php')
 3 SYSTEMPATH\View\View.php(229): CodeIgniter\View\View->CodeIgniter\View\{closure}()
 4 SYSTEMPATH\Common.php(1167): CodeIgniter\View\View->render('DetalleEquipos', [], true)
 5 APPPATH\Controllers\ValatriEquipoController.php(14): view('DetalleEquipos', [...])
 6 SYSTEMPATH\CodeIgniter.php(933): App\Controllers\ValatriEquipoController->detalle('2')
 7 SYSTEMPATH\CodeIgniter.php(507): CodeIgniter\CodeIgniter->runController(Object(App\Controllers\ValatriEquipoController))
 8 SYSTEMPATH\CodeIgniter.php(354): CodeIgniter\CodeIgniter->handleRequest(null, Object(Config\Cache), false)
 9 SYSTEMPATH\Boot.php(363): CodeIgniter\CodeIgniter->run()
10 SYSTEMPATH\Boot.php(68): CodeIgniter\Boot::runCodeIgniter(Object(CodeIgniter\CodeIgniter))
11 FCPATH\index.php(59): CodeIgniter\Boot::bootWeb(Object(Config\Paths))
12 SYSTEMPATH\rewrite.php(44): require_once('C:\\xampp\\htdocs\\sistemainventario\\public\\index.php')
CRITICAL - 2025-09-17 13:41:12 --> ErrorException: Undefined variable $a
[Method: GET, Route: DetalleEquipos/2]
in APPPATH\Views\DetalleEquipos.php on line 52.
 1 APPPATH\Views\DetalleEquipos.php(52): CodeIgniter\Debug\Exceptions->errorHandler(2, 'Undefined variable $a', 'C:\\xampp\\htdocs\\sistemainventario\\app\\Views\\DetalleEquipos.php', 52)
 2 SYSTEMPATH\View\View.php(226): include('C:\\xampp\\htdocs\\sistemainventario\\app\\Views\\DetalleEquipos.php')
 3 SYSTEMPATH\View\View.php(229): CodeIgniter\View\View->CodeIgniter\View\{closure}()
 4 SYSTEMPATH\Common.php(1167): CodeIgniter\View\View->render('DetalleEquipos', [], true)
 5 APPPATH\Controllers\ValatriEquipoController.php(14): view('DetalleEquipos', [...])
 6 SYSTEMPATH\CodeIgniter.php(933): App\Controllers\ValatriEquipoController->detalle('2')
 7 SYSTEMPATH\CodeIgniter.php(507): CodeIgniter\CodeIgniter->runController(Object(App\Controllers\ValatriEquipoController))
 8 SYSTEMPATH\CodeIgniter.php(354): CodeIgniter\CodeIgniter->handleRequest(null, Object(Config\Cache), false)
 9 SYSTEMPATH\Boot.php(363): CodeIgniter\CodeIgniter->run()
10 SYSTEMPATH\Boot.php(68): CodeIgniter\Boot::runCodeIgniter(Object(CodeIgniter\CodeIgniter))
11 FCPATH\index.php(59): CodeIgniter\Boot::bootWeb(Object(Config\Paths))
12 SYSTEMPATH\rewrite.php(44): require_once('C:\\xampp\\htdocs\\sistemainventario\\public\\index.php')
CRITICAL - 2025-09-17 13:41:25 --> ErrorException: Undefined array key "id_atributo"
[Method: GET, Route: DetalleEquipos/2]
in APPPATH\Views\DetalleEquipos.php on line 52.
 1 APPPATH\Views\DetalleEquipos.php(52): CodeIgniter\Debug\Exceptions->errorHandler(2, 'Undefined array key "id_atributo"', 'C:\\xampp\\htdocs\\sistemainventario\\app\\Views\\DetalleEquipos.php', 52)
 2 SYSTEMPATH\View\View.php(226): include('C:\\xampp\\htdocs\\sistemainventario\\app\\Views\\DetalleEquipos.php')
 3 SYSTEMPATH\View\View.php(229): CodeIgniter\View\View->CodeIgniter\View\{closure}()
 4 SYSTEMPATH\Common.php(1167): CodeIgniter\View\View->render('DetalleEquipos', [], true)
 5 APPPATH\Controllers\ValatriEquipoController.php(14): view('DetalleEquipos', [...])
 6 SYSTEMPATH\CodeIgniter.php(933): App\Controllers\ValatriEquipoController->detalle('2')
 7 SYSTEMPATH\CodeIgniter.php(507): CodeIgniter\CodeIgniter->runController(Object(App\Controllers\ValatriEquipoController))
 8 SYSTEMPATH\CodeIgniter.php(354): CodeIgniter\CodeIgniter->handleRequest(null, Object(Config\Cache), false)
 9 SYSTEMPATH\Boot.php(363): CodeIgniter\CodeIgniter->run()
10 SYSTEMPATH\Boot.php(68): CodeIgniter\Boot::runCodeIgniter(Object(CodeIgniter\CodeIgniter))
11 FCPATH\index.php(59): CodeIgniter\Boot::bootWeb(Object(Config\Paths))
12 SYSTEMPATH\rewrite.php(44): require_once('C:\\xampp\\htdocs\\sistemainventario\\public\\index.php')
CRITICAL - 2025-09-17 13:44:23 --> ErrorException: Undefined array key "id_atributo_equipo"
[Method: GET, Route: DetalleEquipos/2]
in APPPATH\Views\DetalleEquipos.php on line 52.
 1 APPPATH\Views\DetalleEquipos.php(52): CodeIgniter\Debug\Exceptions->errorHandler(2, 'Undefined array key "id_atributo_equipo"', 'C:\\xampp\\htdocs\\sistemainventario\\app\\Views\\DetalleEquipos.php', 52)
 2 SYSTEMPATH\View\View.php(226): include('C:\\xampp\\htdocs\\sistemainventario\\app\\Views\\DetalleEquipos.php')
 3 SYSTEMPATH\View\View.php(229): CodeIgniter\View\View->CodeIgniter\View\{closure}()
 4 SYSTEMPATH\Common.php(1167): CodeIgniter\View\View->render('DetalleEquipos', [], true)
 5 APPPATH\Controllers\ValatriEquipoController.php(14): view('DetalleEquipos', [...])
 6 SYSTEMPATH\CodeIgniter.php(933): App\Controllers\ValatriEquipoController->detalle('2')
 7 SYSTEMPATH\CodeIgniter.php(507): CodeIgniter\CodeIgniter->runController(Object(App\Controllers\ValatriEquipoController))
 8 SYSTEMPATH\CodeIgniter.php(354): CodeIgniter\CodeIgniter->handleRequest(null, Object(Config\Cache), false)
 9 SYSTEMPATH\Boot.php(363): CodeIgniter\CodeIgniter->run()
10 SYSTEMPATH\Boot.php(68): CodeIgniter\Boot::runCodeIgniter(Object(CodeIgniter\CodeIgniter))
11 FCPATH\index.php(59): CodeIgniter\Boot::bootWeb(Object(Config\Paths))
12 SYSTEMPATH\rewrite.php(44): require_once('C:\\xampp\\htdocs\\sistemainventario\\public\\index.php')
CRITICAL - 2025-09-17 13:46:57 --> ErrorException: Undefined array key "id_atributo_equipo"
[Method: GET, Route: DetalleEquipos/2]
in APPPATH\Views\DetalleEquipos.php on line 52.
 1 APPPATH\Views\DetalleEquipos.php(52): CodeIgniter\Debug\Exceptions->errorHandler(2, 'Undefined array key "id_atributo_equipo"', 'C:\\xampp\\htdocs\\sistemainventario\\app\\Views\\DetalleEquipos.php', 52)
 2 SYSTEMPATH\View\View.php(226): include('C:\\xampp\\htdocs\\sistemainventario\\app\\Views\\DetalleEquipos.php')
 3 SYSTEMPATH\View\View.php(229): CodeIgniter\View\View->CodeIgniter\View\{closure}()
 4 SYSTEMPATH\Common.php(1167): CodeIgniter\View\View->render('DetalleEquipos', [], true)
 5 APPPATH\Controllers\ValatriEquipoController.php(14): view('DetalleEquipos', [...])
 6 SYSTEMPATH\CodeIgniter.php(933): App\Controllers\ValatriEquipoController->detalle('2')
 7 SYSTEMPATH\CodeIgniter.php(507): CodeIgniter\CodeIgniter->runController(Object(App\Controllers\ValatriEquipoController))
 8 SYSTEMPATH\CodeIgniter.php(354): CodeIgniter\CodeIgniter->handleRequest(null, Object(Config\Cache), false)
 9 SYSTEMPATH\Boot.php(363): CodeIgniter\CodeIgniter->run()
10 SYSTEMPATH\Boot.php(68): CodeIgniter\Boot::runCodeIgniter(Object(CodeIgniter\CodeIgniter))
11 FCPATH\index.php(59): CodeIgniter\Boot::bootWeb(Object(Config\Paths))
12 SYSTEMPATH\rewrite.php(44): require_once('C:\\xampp\\htdocs\\sistemainventario\\public\\index.php')
CRITICAL - 2025-09-17 13:59:16 --> ErrorException: Undefined array key "id_atributo_equipo"
[Method: GET, Route: DetalleEquipos/2]
in APPPATH\Views\DetalleEquipos.php on line 52.
 1 APPPATH\Views\DetalleEquipos.php(52): CodeIgniter\Debug\Exceptions->errorHandler(2, 'Undefined array key "id_atributo_equipo"', 'C:\\xampp\\htdocs\\sistemainventario\\app\\Views\\DetalleEquipos.php', 52)
 2 SYSTEMPATH\View\View.php(226): include('C:\\xampp\\htdocs\\sistemainventario\\app\\Views\\DetalleEquipos.php')
 3 SYSTEMPATH\View\View.php(229): CodeIgniter\View\View->CodeIgniter\View\{closure}()
 4 SYSTEMPATH\Common.php(1167): CodeIgniter\View\View->render('DetalleEquipos', [], true)
 5 APPPATH\Controllers\ValatriEquipoController.php(14): view('DetalleEquipos', [...])
 6 SYSTEMPATH\CodeIgniter.php(933): App\Controllers\ValatriEquipoController->detalle('2')
 7 SYSTEMPATH\CodeIgniter.php(507): CodeIgniter\CodeIgniter->runController(Object(App\Controllers\ValatriEquipoController))
 8 SYSTEMPATH\CodeIgniter.php(354): CodeIgniter\CodeIgniter->handleRequest(null, Object(Config\Cache), false)
 9 SYSTEMPATH\Boot.php(363): CodeIgniter\CodeIgniter->run()
10 SYSTEMPATH\Boot.php(68): CodeIgniter\Boot::runCodeIgniter(Object(CodeIgniter\CodeIgniter))
11 FCPATH\index.php(59): CodeIgniter\Boot::bootWeb(Object(Config\Paths))
12 SYSTEMPATH\rewrite.php(44): require_once('C:\\xampp\\htdocs\\sistemainventario\\public\\index.php')
CRITICAL - 2025-09-17 14:01:55 --> ErrorException: Undefined array key "id_atributo_equipo"
[Method: GET, Route: DetalleEquipos/2]
in APPPATH\Views\DetalleEquipos.php on line 52.
 1 APPPATH\Views\DetalleEquipos.php(52): CodeIgniter\Debug\Exceptions->errorHandler(2, 'Undefined array key "id_atributo_equipo"', 'C:\\xampp\\htdocs\\sistemainventario\\app\\Views\\DetalleEquipos.php', 52)
 2 SYSTEMPATH\View\View.php(226): include('C:\\xampp\\htdocs\\sistemainventario\\app\\Views\\DetalleEquipos.php')
 3 SYSTEMPATH\View\View.php(229): CodeIgniter\View\View->CodeIgniter\View\{closure}()
 4 SYSTEMPATH\Common.php(1167): CodeIgniter\View\View->render('DetalleEquipos', [], true)
 5 APPPATH\Controllers\ValatriEquipoController.php(14): view('DetalleEquipos', [...])
 6 SYSTEMPATH\CodeIgniter.php(933): App\Controllers\ValatriEquipoController->detalle('2')
 7 SYSTEMPATH\CodeIgniter.php(507): CodeIgniter\CodeIgniter->runController(Object(App\Controllers\ValatriEquipoController))
 8 SYSTEMPATH\CodeIgniter.php(354): CodeIgniter\CodeIgniter->handleRequest(null, Object(Config\Cache), false)
 9 SYSTEMPATH\Boot.php(363): CodeIgniter\CodeIgniter->run()
10 SYSTEMPATH\Boot.php(68): CodeIgniter\Boot::runCodeIgniter(Object(CodeIgniter\CodeIgniter))
11 FCPATH\index.php(59): CodeIgniter\Boot::bootWeb(Object(Config\Paths))
12 SYSTEMPATH\rewrite.php(44): require_once('C:\\xampp\\htdocs\\sistemainventario\\public\\index.php')
CRITICAL - 2025-09-17 14:03:33 --> ErrorException: Undefined array key "id_atributo_equipo"
[Method: GET, Route: DetalleEquipos/2]
in APPPATH\Views\DetalleEquipos.php on line 52.
 1 APPPATH\Views\DetalleEquipos.php(52): CodeIgniter\Debug\Exceptions->errorHandler(2, 'Undefined array key "id_atributo_equipo"', 'C:\\xampp\\htdocs\\sistemainventario\\app\\Views\\DetalleEquipos.php', 52)
 2 SYSTEMPATH\View\View.php(226): include('C:\\xampp\\htdocs\\sistemainventario\\app\\Views\\DetalleEquipos.php')
 3 SYSTEMPATH\View\View.php(229): CodeIgniter\View\View->CodeIgniter\View\{closure}()
 4 SYSTEMPATH\Common.php(1167): CodeIgniter\View\View->render('DetalleEquipos', [], true)
 5 APPPATH\Controllers\ValatriEquipoController.php(14): view('DetalleEquipos', [...])
 6 SYSTEMPATH\CodeIgniter.php(933): App\Controllers\ValatriEquipoController->detalle('2')
 7 SYSTEMPATH\CodeIgniter.php(507): CodeIgniter\CodeIgniter->runController(Object(App\Controllers\ValatriEquipoController))
 8 SYSTEMPATH\CodeIgniter.php(354): CodeIgniter\CodeIgniter->handleRequest(null, Object(Config\Cache), false)
 9 SYSTEMPATH\Boot.php(363): CodeIgniter\CodeIgniter->run()
10 SYSTEMPATH\Boot.php(68): CodeIgniter\Boot::runCodeIgniter(Object(CodeIgniter\CodeIgniter))
11 FCPATH\index.php(59): CodeIgniter\Boot::bootWeb(Object(Config\Paths))
12 SYSTEMPATH\rewrite.php(44): require_once('C:\\xampp\\htdocs\\sistemainventario\\public\\index.php')
CRITICAL - 2025-09-17 14:06:04 --> ErrorException: Undefined array key "id_atributo"
[Method: GET, Route: DetalleEquipos/2]
in APPPATH\Views\DetalleEquipos.php on line 52.
 1 APPPATH\Views\DetalleEquipos.php(52): CodeIgniter\Debug\Exceptions->errorHandler(2, 'Undefined array key "id_atributo"', 'C:\\xampp\\htdocs\\sistemainventario\\app\\Views\\DetalleEquipos.php', 52)
 2 SYSTEMPATH\View\View.php(226): include('C:\\xampp\\htdocs\\sistemainventario\\app\\Views\\DetalleEquipos.php')
 3 SYSTEMPATH\View\View.php(229): CodeIgniter\View\View->CodeIgniter\View\{closure}()
 4 SYSTEMPATH\Common.php(1167): CodeIgniter\View\View->render('DetalleEquipos', [], true)
 5 APPPATH\Controllers\ValatriEquipoController.php(14): view('DetalleEquipos', [...])
 6 SYSTEMPATH\CodeIgniter.php(933): App\Controllers\ValatriEquipoController->detalle('2')
 7 SYSTEMPATH\CodeIgniter.php(507): CodeIgniter\CodeIgniter->runController(Object(App\Controllers\ValatriEquipoController))
 8 SYSTEMPATH\CodeIgniter.php(354): CodeIgniter\CodeIgniter->handleRequest(null, Object(Config\Cache), false)
 9 SYSTEMPATH\Boot.php(363): CodeIgniter\CodeIgniter->run()
10 SYSTEMPATH\Boot.php(68): CodeIgniter\Boot::runCodeIgniter(Object(CodeIgniter\CodeIgniter))
11 FCPATH\index.php(59): CodeIgniter\Boot::bootWeb(Object(Config\Paths))
12 SYSTEMPATH\rewrite.php(44): require_once('C:\\xampp\\htdocs\\sistemainventario\\public\\index.php')
CRITICAL - 2025-09-17 14:06:48 --> ErrorException: Undefined array key "id_atributo_equipo"
[Method: GET, Route: DetalleEquipos/2]
in APPPATH\Views\DetalleEquipos.php on line 52.
 1 APPPATH\Views\DetalleEquipos.php(52): CodeIgniter\Debug\Exceptions->errorHandler(2, 'Undefined array key "id_atributo_equipo"', 'C:\\xampp\\htdocs\\sistemainventario\\app\\Views\\DetalleEquipos.php', 52)
 2 SYSTEMPATH\View\View.php(226): include('C:\\xampp\\htdocs\\sistemainventario\\app\\Views\\DetalleEquipos.php')
 3 SYSTEMPATH\View\View.php(229): CodeIgniter\View\View->CodeIgniter\View\{closure}()
 4 SYSTEMPATH\Common.php(1167): CodeIgniter\View\View->render('DetalleEquipos', [], true)
 5 APPPATH\Controllers\ValatriEquipoController.php(14): view('DetalleEquipos', [...])
 6 SYSTEMPATH\CodeIgniter.php(933): App\Controllers\ValatriEquipoController->detalle('2')
 7 SYSTEMPATH\CodeIgniter.php(507): CodeIgniter\CodeIgniter->runController(Object(App\Controllers\ValatriEquipoController))
 8 SYSTEMPATH\CodeIgniter.php(354): CodeIgniter\CodeIgniter->handleRequest(null, Object(Config\Cache), false)
 9 SYSTEMPATH\Boot.php(363): CodeIgniter\CodeIgniter->run()
10 SYSTEMPATH\Boot.php(68): CodeIgniter\Boot::runCodeIgniter(Object(CodeIgniter\CodeIgniter))
11 FCPATH\index.php(59): CodeIgniter\Boot::bootWeb(Object(Config\Paths))
12 SYSTEMPATH\rewrite.php(44): require_once('C:\\xampp\\htdocs\\sistemainventario\\public\\index.php')
CRITICAL - 2025-09-17 14:10:49 --> ErrorException: Undefined array key "id_atributo_equipo"
[Method: GET, Route: DetalleEquipos/2]
in APPPATH\Views\DetalleEquipos.php on line 52.
 1 APPPATH\Views\DetalleEquipos.php(52): CodeIgniter\Debug\Exceptions->errorHandler(2, 'Undefined array key "id_atributo_equipo"', 'C:\\xampp\\htdocs\\sistemainventario\\app\\Views\\DetalleEquipos.php', 52)
 2 SYSTEMPATH\View\View.php(226): include('C:\\xampp\\htdocs\\sistemainventario\\app\\Views\\DetalleEquipos.php')
 3 SYSTEMPATH\View\View.php(229): CodeIgniter\View\View->CodeIgniter\View\{closure}()
 4 SYSTEMPATH\Common.php(1167): CodeIgniter\View\View->render('DetalleEquipos', [], true)
 5 APPPATH\Controllers\ValatriEquipoController.php(14): view('DetalleEquipos', [...])
 6 SYSTEMPATH\CodeIgniter.php(933): App\Controllers\ValatriEquipoController->detalle('2')
 7 SYSTEMPATH\CodeIgniter.php(507): CodeIgniter\CodeIgniter->runController(Object(App\Controllers\ValatriEquipoController))
 8 SYSTEMPATH\CodeIgniter.php(354): CodeIgniter\CodeIgniter->handleRequest(null, Object(Config\Cache), false)
 9 SYSTEMPATH\Boot.php(363): CodeIgniter\CodeIgniter->run()
10 SYSTEMPATH\Boot.php(68): CodeIgniter\Boot::runCodeIgniter(Object(CodeIgniter\CodeIgniter))
11 FCPATH\index.php(59): CodeIgniter\Boot::bootWeb(Object(Config\Paths))
12 SYSTEMPATH\rewrite.php(44): require_once('C:\\xampp\\htdocs\\sistemainventario\\public\\index.php')
CRITICAL - 2025-09-17 14:19:33 --> ErrorException: Undefined variable $atributos
[Method: GET, Route: DetalleEquipos/2]
in APPPATH\Views\DetalleEquipos.php on line 51.
 1 APPPATH\Views\DetalleEquipos.php(51): CodeIgniter\Debug\Exceptions->errorHandler(2, 'Undefined variable $atributos', 'C:\\xampp\\htdocs\\sistemainventario\\app\\Views\\DetalleEquipos.php', 51)
 2 SYSTEMPATH\View\View.php(226): include('C:\\xampp\\htdocs\\sistemainventario\\app\\Views\\DetalleEquipos.php')
 3 SYSTEMPATH\View\View.php(229): CodeIgniter\View\View->CodeIgniter\View\{closure}()
 4 SYSTEMPATH\Common.php(1167): CodeIgniter\View\View->render('DetalleEquipos', [], true)
 5 APPPATH\Controllers\ValatriEquipoController.php(14): view('DetalleEquipos', [...])
 6 SYSTEMPATH\CodeIgniter.php(933): App\Controllers\ValatriEquipoController->detalle('2')
 7 SYSTEMPATH\CodeIgniter.php(507): CodeIgniter\CodeIgniter->runController(Object(App\Controllers\ValatriEquipoController))
 8 SYSTEMPATH\CodeIgniter.php(354): CodeIgniter\CodeIgniter->handleRequest(null, Object(Config\Cache), false)
 9 SYSTEMPATH\Boot.php(363): CodeIgniter\CodeIgniter->run()
10 SYSTEMPATH\Boot.php(68): CodeIgniter\Boot::runCodeIgniter(Object(CodeIgniter\CodeIgniter))
11 FCPATH\index.php(59): CodeIgniter\Boot::bootWeb(Object(Config\Paths))
12 SYSTEMPATH\rewrite.php(44): require_once('C:\\xampp\\htdocs\\sistemainventario\\public\\index.php')
CRITICAL - 2025-09-17 14:25:47 --> ErrorException: Undefined array key "nombre_atributo"
[Method: GET, Route: DetalleEquipos/2]
in APPPATH\Views\DetalleEquipos.php on line 53.
 1 APPPATH\Views\DetalleEquipos.php(53): CodeIgniter\Debug\Exceptions->errorHandler(2, 'Undefined array key "nombre_atributo"', 'C:\\xampp\\htdocs\\sistemainventario\\app\\Views\\DetalleEquipos.php', 53)
 2 SYSTEMPATH\View\View.php(226): include('C:\\xampp\\htdocs\\sistemainventario\\app\\Views\\DetalleEquipos.php')
 3 SYSTEMPATH\View\View.php(229): CodeIgniter\View\View->CodeIgniter\View\{closure}()
 4 SYSTEMPATH\Common.php(1167): CodeIgniter\View\View->render('DetalleEquipos', [], true)
 5 APPPATH\Controllers\ValatriEquipoController.php(18): view('DetalleEquipos', [...])
 6 SYSTEMPATH\CodeIgniter.php(933): App\Controllers\ValatriEquipoController->detalle('2')
 7 SYSTEMPATH\CodeIgniter.php(507): CodeIgniter\CodeIgniter->runController(Object(App\Controllers\ValatriEquipoController))
 8 SYSTEMPATH\CodeIgniter.php(354): CodeIgniter\CodeIgniter->handleRequest(null, Object(Config\Cache), false)
 9 SYSTEMPATH\Boot.php(363): CodeIgniter\CodeIgniter->run()
10 SYSTEMPATH\Boot.php(68): CodeIgniter\Boot::runCodeIgniter(Object(CodeIgniter\CodeIgniter))
11 FCPATH\index.php(59): CodeIgniter\Boot::bootWeb(Object(Config\Paths))
12 SYSTEMPATH\rewrite.php(44): require_once('C:\\xampp\\htdocs\\sistemainventario\\public\\index.php')
CRITICAL - 2025-09-17 14:27:00 --> ErrorException: Undefined array key "valor_atributo"
[Method: GET, Route: DetalleEquipos/2]
in APPPATH\Views\DetalleEquipos.php on line 53.
 1 APPPATH\Views\DetalleEquipos.php(53): CodeIgniter\Debug\Exceptions->errorHandler(2, 'Undefined array key "valor_atributo"', 'C:\\xampp\\htdocs\\sistemainventario\\app\\Views\\DetalleEquipos.php', 53)
 2 SYSTEMPATH\View\View.php(226): include('C:\\xampp\\htdocs\\sistemainventario\\app\\Views\\DetalleEquipos.php')
 3 SYSTEMPATH\View\View.php(229): CodeIgniter\View\View->CodeIgniter\View\{closure}()
 4 SYSTEMPATH\Common.php(1167): CodeIgniter\View\View->render('DetalleEquipos', [], true)
 5 APPPATH\Controllers\ValatriEquipoController.php(18): view('DetalleEquipos', [...])
 6 SYSTEMPATH\CodeIgniter.php(933): App\Controllers\ValatriEquipoController->detalle('2')
 7 SYSTEMPATH\CodeIgniter.php(507): CodeIgniter\CodeIgniter->runController(Object(App\Controllers\ValatriEquipoController))
 8 SYSTEMPATH\CodeIgniter.php(354): CodeIgniter\CodeIgniter->handleRequest(null, Object(Config\Cache), false)
 9 SYSTEMPATH\Boot.php(363): CodeIgniter\CodeIgniter->run()
10 SYSTEMPATH\Boot.php(68): CodeIgniter\Boot::runCodeIgniter(Object(CodeIgniter\CodeIgniter))
11 FCPATH\index.php(59): CodeIgniter\Boot::bootWeb(Object(Config\Paths))
12 SYSTEMPATH\rewrite.php(44): require_once('C:\\xampp\\htdocs\\sistemainventario\\public\\index.php')
CRITICAL - 2025-09-17 14:29:33 --> ErrorException: Undefined array key "id_valor_atributo"
[Method: GET, Route: DetalleEquipos/2]
in APPPATH\Views\DetalleEquipos.php on line 52.
 1 APPPATH\Views\DetalleEquipos.php(52): CodeIgniter\Debug\Exceptions->errorHandler(2, 'Undefined array key "id_valor_atributo"', 'C:\\xampp\\htdocs\\sistemainventario\\app\\Views\\DetalleEquipos.php', 52)
 2 SYSTEMPATH\View\View.php(226): include('C:\\xampp\\htdocs\\sistemainventario\\app\\Views\\DetalleEquipos.php')
 3 SYSTEMPATH\View\View.php(229): CodeIgniter\View\View->CodeIgniter\View\{closure}()
 4 SYSTEMPATH\Common.php(1167): CodeIgniter\View\View->render('DetalleEquipos', [], true)
 5 APPPATH\Controllers\ValatriEquipoController.php(18): view('DetalleEquipos', [...])
 6 SYSTEMPATH\CodeIgniter.php(933): App\Controllers\ValatriEquipoController->detalle('2')
 7 SYSTEMPATH\CodeIgniter.php(507): CodeIgniter\CodeIgniter->runController(Object(App\Controllers\ValatriEquipoController))
 8 SYSTEMPATH\CodeIgniter.php(354): CodeIgniter\CodeIgniter->handleRequest(null, Object(Config\Cache), false)
 9 SYSTEMPATH\Boot.php(363): CodeIgniter\CodeIgniter->run()
10 SYSTEMPATH\Boot.php(68): CodeIgniter\Boot::runCodeIgniter(Object(CodeIgniter\CodeIgniter))
11 FCPATH\index.php(59): CodeIgniter\Boot::bootWeb(Object(Config\Paths))
12 SYSTEMPATH\rewrite.php(44): require_once('C:\\xampp\\htdocs\\sistemainventario\\public\\index.php')
CRITICAL - 2025-09-17 15:01:24 --> ErrorException: Undefined variable $valorModel
[Method: POST, Route: CaracteristicasEquipo/agregarCaract]
in APPPATH\Controllers\ValatriEquipoController.php on line 35.
 1 APPPATH\Controllers\ValatriEquipoController.php(35): CodeIgniter\Debug\Exceptions->errorHandler(2, 'Undefined variable $valorModel', 'C:\\xampp\\htdocs\\sistemainventario\\app\\Controllers\\ValatriEquipoController.php', 35)
 2 SYSTEMPATH\CodeIgniter.php(933): App\Controllers\ValatriEquipoController->agregarCaract()
 3 SYSTEMPATH\CodeIgniter.php(507): CodeIgniter\CodeIgniter->runController(Object(App\Controllers\ValatriEquipoController))
 4 SYSTEMPATH\CodeIgniter.php(354): CodeIgniter\CodeIgniter->handleRequest(null, Object(Config\Cache), false)
 5 SYSTEMPATH\Boot.php(363): CodeIgniter\CodeIgniter->run()
 6 SYSTEMPATH\Boot.php(68): CodeIgniter\Boot::runCodeIgniter(Object(CodeIgniter\CodeIgniter))
 7 FCPATH\index.php(59): CodeIgniter\Boot::bootWeb(Object(Config\Paths))
 8 SYSTEMPATH\rewrite.php(44): require_once('C:\\xampp\\htdocs\\sistemainventario\\public\\index.php')
DEBUG - 2025-09-17 15:02:01 --> Session: Class initialized using 'CodeIgniter\Session\Handlers\FileHandler' driver.
DEBUG - 2025-09-17 15:02:06 --> Session: Class initialized using 'CodeIgniter\Session\Handlers\FileHandler' driver.
DEBUG - 2025-09-17 15:22:31 --> Session: Class initialized using 'CodeIgniter\Session\Handlers\FileHandler' driver.
DEBUG - 2025-09-17 15:22:46 --> Session: Class initialized using 'CodeIgniter\Session\Handlers\FileHandler' driver.
DEBUG - 2025-09-17 15:23:11 --> Session: Class initialized using 'CodeIgniter\Session\Handlers\FileHandler' driver.
DEBUG - 2025-09-17 15:23:25 --> Session: Class initialized using 'CodeIgniter\Session\Handlers\FileHandler' driver.
DEBUG - 2025-09-17 15:29:35 --> Session: Class initialized using 'CodeIgniter\Session\Handlers\FileHandler' driver.
DEBUG - 2025-09-17 15:39:09 --> Session: Class initialized using 'CodeIgniter\Session\Handlers\FileHandler' driver.
DEBUG - 2025-09-17 15:39:39 --> Session: Class initialized using 'CodeIgniter\Session\Handlers\FileHandler' driver.
DEBUG - 2025-09-17 15:39:54 --> Session: Class initialized using 'CodeIgniter\Session\Handlers\FileHandler' driver.
CRITICAL - 2025-09-17 15:44:59 --> ParseError: syntax error, unexpected token "=>", expecting "]"
[Method: GET, Route: DetalleEquipos/26]
in APPPATH\Controllers\ValatriEquipoController.php on line 41.
 1 VENDORPATH\composer\ClassLoader.php(427): Composer\Autoload\{closure}('C:\\xampp\\htdocs\\sistemainventario\\vendor\\composer/../../app\\Controllers\\ValatriEquipoController.php')
 2 [internal function]: Composer\Autoload\ClassLoader->loadClass('App\\Controllers\\ValatriEquipoController')
 3 SYSTEMPATH\CodeIgniter.php(885): class_exists('\\App\\Controllers\\ValatriEquipoController', true)
 4 SYSTEMPATH\CodeIgniter.php(494): CodeIgniter\CodeIgniter->startController()
 5 SYSTEMPATH\CodeIgniter.php(354): CodeIgniter\CodeIgniter->handleRequest(null, Object(Config\Cache), false)
 6 SYSTEMPATH\Boot.php(363): CodeIgniter\CodeIgniter->run()
 7 SYSTEMPATH\Boot.php(68): CodeIgniter\Boot::runCodeIgniter(Object(CodeIgniter\CodeIgniter))
 8 FCPATH\index.php(59): CodeIgniter\Boot::bootWeb(Object(Config\Paths))
 9 SYSTEMPATH\rewrite.php(44): require_once('C:\\xampp\\htdocs\\sistemainventario\\public\\index.php')
CRITICAL - 2025-09-17 15:51:45 --> ErrorException: Undefined array key "id_valor"
[Method: POST, Route: equipos/agregar-caracteristica]
in APPPATH\Controllers\ValatriEquipoController.php on line 41.
 1 APPPATH\Controllers\ValatriEquipoController.php(41): CodeIgniter\Debug\Exceptions->errorHandler(2, 'Undefined array key "id_valor"', 'C:\\xampp\\htdocs\\sistemainventario\\app\\Controllers\\ValatriEquipoController.php', 41)
 2 SYSTEMPATH\CodeIgniter.php(933): App\Controllers\ValatriEquipoController->agregarCaract()
 3 SYSTEMPATH\CodeIgniter.php(507): CodeIgniter\CodeIgniter->runController(Object(App\Controllers\ValatriEquipoController))
 4 SYSTEMPATH\CodeIgniter.php(354): CodeIgniter\CodeIgniter->handleRequest(null, Object(Config\Cache), false)
 5 SYSTEMPATH\Boot.php(363): CodeIgniter\CodeIgniter->run()
 6 SYSTEMPATH\Boot.php(68): CodeIgniter\Boot::runCodeIgniter(Object(CodeIgniter\CodeIgniter))
 7 FCPATH\index.php(59): CodeIgniter\Boot::bootWeb(Object(Config\Paths))
 8 SYSTEMPATH\rewrite.php(44): require_once('C:\\xampp\\htdocs\\sistemainventario\\public\\index.php')
DEBUG - 2025-09-17 15:52:15 --> Session: Class initialized using 'CodeIgniter\Session\Handlers\FileHandler' driver.
DEBUG - 2025-09-17 15:52:33 --> Session: Class initialized using 'CodeIgniter\Session\Handlers\FileHandler' driver.
DEBUG - 2025-09-17 16:06:06 --> Session: Class initialized using 'CodeIgniter\Session\Handlers\FileHandler' driver.
DEBUG - 2025-09-17 16:06:20 --> Session: Class initialized using 'CodeIgniter\Session\Handlers\FileHandler' driver.
DEBUG - 2025-09-17 16:06:48 --> Session: Class initialized using 'CodeIgniter\Session\Handlers\FileHandler' driver.
DEBUG - 2025-09-17 16:16:04 --> Session: Class initialized using 'CodeIgniter\Session\Handlers\FileHandler' driver.
CRITICAL - 2025-09-17 16:26:07 --> ParseError: syntax error, unexpected token "}", expecting ";"
[Method: GET, Route: DetalleEquipos/2]
in APPPATH\Controllers\ValatriEquipoController.php on line 83.
 1 VENDORPATH\composer\ClassLoader.php(427): Composer\Autoload\{closure}('C:\\xampp\\htdocs\\sistemainventario\\vendor\\composer/../../app\\Controllers\\ValatriEquipoController.php')
 2 [internal function]: Composer\Autoload\ClassLoader->loadClass('App\\Controllers\\ValatriEquipoController')
 3 SYSTEMPATH\CodeIgniter.php(885): class_exists('\\App\\Controllers\\ValatriEquipoController', true)
 4 SYSTEMPATH\CodeIgniter.php(494): CodeIgniter\CodeIgniter->startController()
 5 SYSTEMPATH\CodeIgniter.php(354): CodeIgniter\CodeIgniter->handleRequest(null, Object(Config\Cache), false)
 6 SYSTEMPATH\Boot.php(363): CodeIgniter\CodeIgniter->run()
 7 SYSTEMPATH\Boot.php(68): CodeIgniter\Boot::runCodeIgniter(Object(CodeIgniter\CodeIgniter))
 8 FCPATH\index.php(59): CodeIgniter\Boot::bootWeb(Object(Config\Paths))
 9 SYSTEMPATH\rewrite.php(44): require_once('C:\\xampp\\htdocs\\sistemainventario\\public\\index.php')
DEBUG - 2025-09-17 16:45:42 --> Session: Class initialized using 'CodeIgniter\Session\Handlers\FileHandler' driver.
DEBUG - 2025-09-17 16:45:46 --> Session: Class initialized using 'CodeIgniter\Session\Handlers\FileHandler' driver.
DEBUG - 2025-09-17 16:46:02 --> Session: Class initialized using 'CodeIgniter\Session\Handlers\FileHandler' driver.
DEBUG - 2025-09-17 16:51:20 --> Session: Class initialized using 'CodeIgniter\Session\Handlers\FileHandler' driver.
DEBUG - 2025-09-17 16:51:52 --> Session: Class initialized using 'CodeIgniter\Session\Handlers\FileHandler' driver.
DEBUG - 2025-09-17 16:51:55 --> Session: Class initialized using 'CodeIgniter\Session\Handlers\FileHandler' driver.
CRITICAL - 2025-09-17 17:08:00 --> ErrorException: Undefined array key "origen"
[Method: GET, Route: HistorialMovimiento]
in APPPATH\Views\HistorialMovimiento.php on line 26.
 1 APPPATH\Views\HistorialMovimiento.php(26): CodeIgniter\Debug\Exceptions->errorHandler(2, 'Undefined array key "origen"', 'C:\\xampp\\htdocs\\sistemainventario\\app\\Views\\HistorialMovimiento.php', 26)
 2 SYSTEMPATH\View\View.php(226): include('C:\\xampp\\htdocs\\sistemainventario\\app\\Views\\HistorialMovimiento.php')
 3 SYSTEMPATH\View\View.php(229): CodeIgniter\View\View->CodeIgniter\View\{closure}()
 4 SYSTEMPATH\Common.php(1167): CodeIgniter\View\View->render('HistorialMovimiento', [], true)
 5 APPPATH\Controllers\HistorialMovimientoController.php(23): view('HistorialMovimiento', [...])
 6 SYSTEMPATH\CodeIgniter.php(933): App\Controllers\HistorialMovimientoController->index()
 7 SYSTEMPATH\CodeIgniter.php(507): CodeIgniter\CodeIgniter->runController(Object(App\Controllers\HistorialMovimientoController))
 8 SYSTEMPATH\CodeIgniter.php(354): CodeIgniter\CodeIgniter->handleRequest(null, Object(Config\Cache), false)
 9 SYSTEMPATH\Boot.php(363): CodeIgniter\CodeIgniter->run()
10 SYSTEMPATH\Boot.php(68): CodeIgniter\Boot::runCodeIgniter(Object(CodeIgniter\CodeIgniter))
11 FCPATH\index.php(59): CodeIgniter\Boot::bootWeb(Object(Config\Paths))
12 SYSTEMPATH\rewrite.php(44): require_once('C:\\xampp\\htdocs\\sistemainventario\\public\\index.php')
ERROR - 2025-09-17 17:19:54 --> mysqli_sql_exception: Duplicate entry 'IMP-2024-001' for key 'codig_patrimonial' in C:\xampp\htdocs\sistemainventario\vendor\codeigniter4\framework\system\Database\MySQLi\Connection.php:327
Stack trace:
#0 C:\xampp\htdocs\sistemainventario\vendor\codeigniter4\framework\system\Database\MySQLi\Connection.php(327): mysqli->query('INSERT INTO `eq...', 0)
#1 C:\xampp\htdocs\sistemainventario\vendor\codeigniter4\framework\system\Database\BaseConnection.php(729): CodeIgniter\Database\MySQLi\Connection->execute('INSERT INTO `eq...')
#2 C:\xampp\htdocs\sistemainventario\vendor\codeigniter4\framework\system\Database\BaseConnection.php(646): CodeIgniter\Database\BaseConnection->simpleQuery('INSERT INTO `eq...')
#3 C:\xampp\htdocs\sistemainventario\vendor\codeigniter4\framework\system\Database\BaseBuilder.php(2345): CodeIgniter\Database\BaseConnection->query('INSERT INTO `eq...', Array, false)
#4 C:\xampp\htdocs\sistemainventario\vendor\codeigniter4\framework\system\Model.php(394): CodeIgniter\Database\BaseBuilder->insert()
#5 C:\xampp\htdocs\sistemainventario\vendor\codeigniter4\framework\system\BaseModel.php(838): CodeIgniter\Model->doInsert(Array)
#6 C:\xampp\htdocs\sistemainventario\vendor\codeigniter4\framework\system\Model.php(797): CodeIgniter\BaseModel->insert(Array, true)
#7 C:\xampp\htdocs\sistemainventario\app\Controllers\GestionEquipoController.php(49): CodeIgniter\Model->insert(Array)
#8 C:\xampp\htdocs\sistemainventario\vendor\codeigniter4\framework\system\CodeIgniter.php(933): App\Controllers\GestionEquipoController->crear()
#9 C:\xampp\htdocs\sistemainventario\vendor\codeigniter4\framework\system\CodeIgniter.php(507): CodeIgniter\CodeIgniter->runController(Object(App\Controllers\GestionEquipoController))
#10 C:\xampp\htdocs\sistemainventario\vendor\codeigniter4\framework\system\CodeIgniter.php(354): CodeIgniter\CodeIgniter->handleRequest(NULL, Object(Config\Cache), false)
#11 C:\xampp\htdocs\sistemainventario\vendor\codeigniter4\framework\system\Boot.php(363): CodeIgniter\CodeIgniter->run()
#12 C:\xampp\htdocs\sistemainventario\vendor\codeigniter4\framework\system\Boot.php(68): CodeIgniter\Boot::runCodeIgniter(Object(CodeIgniter\CodeIgniter))
#13 C:\xampp\htdocs\sistemainventario\public\index.php(59): CodeIgniter\Boot::bootWeb(Object(Config\Paths))
#14 C:\xampp\htdocs\sistemainventario\vendor\codeigniter4\framework\system\rewrite.php(44): require_once('C:\\xampp\\htdocs...')
#15 {main}
CRITICAL - 2025-09-17 17:19:54 --> CodeIgniter\Database\Exceptions\DatabaseException: Duplicate entry 'IMP-2024-001' for key 'codig_patrimonial'
[Method: POST, Route: GestionEquipos/crear]
in SYSTEMPATH\Database\BaseConnection.php on line 684.
 1 SYSTEMPATH\Database\BaseBuilder.php(2345): CodeIgniter\Database\BaseConnection->query('INSERT INTO `equipo` (`codig_patrimonial`, `num_serie`, `id_tipo_equipo`, `id_modelo_equipo`, `id_estado_equipo`) VALUES (:codig_patrimonial:, :num_serie:, :id_tipo_equipo:, :id_modelo_equipo:, :id_estado_equipo:)', [...], false)
 2 SYSTEMPATH\Model.php(394): CodeIgniter\Database\BaseBuilder->insert()
 3 SYSTEMPATH\BaseModel.php(838): CodeIgniter\Model->doInsert([...])
 4 SYSTEMPATH\Model.php(797): CodeIgniter\BaseModel->insert([...], true)
 5 APPPATH\Controllers\GestionEquipoController.php(49): CodeIgniter\Model->insert([...])
 6 SYSTEMPATH\CodeIgniter.php(933): App\Controllers\GestionEquipoController->crear()
 7 SYSTEMPATH\CodeIgniter.php(507): CodeIgniter\CodeIgniter->runController(Object(App\Controllers\GestionEquipoController))
 8 SYSTEMPATH\CodeIgniter.php(354): CodeIgniter\CodeIgniter->handleRequest(null, Object(Config\Cache), false)
 9 SYSTEMPATH\Boot.php(363): CodeIgniter\CodeIgniter->run()
10 SYSTEMPATH\Boot.php(68): CodeIgniter\Boot::runCodeIgniter(Object(CodeIgniter\CodeIgniter))
11 FCPATH\index.php(59): CodeIgniter\Boot::bootWeb(Object(Config\Paths))
12 SYSTEMPATH\rewrite.php(44): require_once('C:\\xampp\\htdocs\\sistemainventario\\public\\index.php')
CRITICAL - 2025-09-17 17:19:54 --> [Caused by] CodeIgniter\Database\Exceptions\DatabaseException: Duplicate entry 'IMP-2024-001' for key 'codig_patrimonial'
in SYSTEMPATH\Database\MySQLi\Connection.php on line 332.
 1 SYSTEMPATH\Database\BaseConnection.php(729): CodeIgniter\Database\MySQLi\Connection->execute('INSERT INTO `equipo` (`codig_patrimonial`, `num_serie`, `id_tipo_equipo`, `id_modelo_equipo`, `id_estado_equipo`) VALUES (\'IMP-2024-001\', \'WERFRV\', \'3\', \'3\', \'2\')')
 2 SYSTEMPATH\Database\BaseConnection.php(646): CodeIgniter\Database\BaseConnection->simpleQuery('INSERT INTO `equipo` (`codig_patrimonial`, `num_serie`, `id_tipo_equipo`, `id_modelo_equipo`, `id_estado_equipo`) VALUES (\'IMP-2024-001\', \'WERFRV\', \'3\', \'3\', \'2\')')
 3 SYSTEMPATH\Database\BaseBuilder.php(2345): CodeIgniter\Database\BaseConnection->query('INSERT INTO `equipo` (`codig_patrimonial`, `num_serie`, `id_tipo_equipo`, `id_modelo_equipo`, `id_estado_equipo`) VALUES (:codig_patrimonial:, :num_serie:, :id_tipo_equipo:, :id_modelo_equipo:, :id_estado_equipo:)', [...], false)
 4 SYSTEMPATH\Model.php(394): CodeIgniter\Database\BaseBuilder->insert()
 5 SYSTEMPATH\BaseModel.php(838): CodeIgniter\Model->doInsert([...])
 6 SYSTEMPATH\Model.php(797): CodeIgniter\BaseModel->insert([...], true)
 7 APPPATH\Controllers\GestionEquipoController.php(49): CodeIgniter\Model->insert([...])
 8 SYSTEMPATH\CodeIgniter.php(933): App\Controllers\GestionEquipoController->crear()
 9 SYSTEMPATH\CodeIgniter.php(507): CodeIgniter\CodeIgniter->runController(Object(App\Controllers\GestionEquipoController))
10 SYSTEMPATH\CodeIgniter.php(354): CodeIgniter\CodeIgniter->handleRequest(null, Object(Config\Cache), false)
11 SYSTEMPATH\Boot.php(363): CodeIgniter\CodeIgniter->run()
12 SYSTEMPATH\Boot.php(68): CodeIgniter\Boot::runCodeIgniter(Object(CodeIgniter\CodeIgniter))
13 FCPATH\index.php(59): CodeIgniter\Boot::bootWeb(Object(Config\Paths))
14 SYSTEMPATH\rewrite.php(44): require_once('C:\\xampp\\htdocs\\sistemainventario\\public\\index.php')
CRITICAL - 2025-09-17 17:19:54 --> [Caused by] mysqli_sql_exception: Duplicate entry 'IMP-2024-001' for key 'codig_patrimonial'
in SYSTEMPATH\Database\MySQLi\Connection.php on line 327.
 1 SYSTEMPATH\Database\MySQLi\Connection.php(327): mysqli->query('INSERT INTO `equipo` (`codig_patrimonial`, `num_serie`, `id_tipo_equipo`, `id_modelo_equipo`, `id_estado_equipo`) VALUES (\'IMP-2024-001\', \'WERFRV\', \'3\', \'3\', \'2\')', 0)
 2 SYSTEMPATH\Database\BaseConnection.php(729): CodeIgniter\Database\MySQLi\Connection->execute('INSERT INTO `equipo` (`codig_patrimonial`, `num_serie`, `id_tipo_equipo`, `id_modelo_equipo`, `id_estado_equipo`) VALUES (\'IMP-2024-001\', \'WERFRV\', \'3\', \'3\', \'2\')')
 3 SYSTEMPATH\Database\BaseConnection.php(646): CodeIgniter\Database\BaseConnection->simpleQuery('INSERT INTO `equipo` (`codig_patrimonial`, `num_serie`, `id_tipo_equipo`, `id_modelo_equipo`, `id_estado_equipo`) VALUES (\'IMP-2024-001\', \'WERFRV\', \'3\', \'3\', \'2\')')
 4 SYSTEMPATH\Database\BaseBuilder.php(2345): CodeIgniter\Database\BaseConnection->query('INSERT INTO `equipo` (`codig_patrimonial`, `num_serie`, `id_tipo_equipo`, `id_modelo_equipo`, `id_estado_equipo`) VALUES (:codig_patrimonial:, :num_serie:, :id_tipo_equipo:, :id_modelo_equipo:, :id_estado_equipo:)', [...], false)
 5 SYSTEMPATH\Model.php(394): CodeIgniter\Database\BaseBuilder->insert()
 6 SYSTEMPATH\BaseModel.php(838): CodeIgniter\Model->doInsert([...])
 7 SYSTEMPATH\Model.php(797): CodeIgniter\BaseModel->insert([...], true)
 8 APPPATH\Controllers\GestionEquipoController.php(49): CodeIgniter\Model->insert([...])
 9 SYSTEMPATH\CodeIgniter.php(933): App\Controllers\GestionEquipoController->crear()
10 SYSTEMPATH\CodeIgniter.php(507): CodeIgniter\CodeIgniter->runController(Object(App\Controllers\GestionEquipoController))
11 SYSTEMPATH\CodeIgniter.php(354): CodeIgniter\CodeIgniter->handleRequest(null, Object(Config\Cache), false)
12 SYSTEMPATH\Boot.php(363): CodeIgniter\CodeIgniter->run()
13 SYSTEMPATH\Boot.php(68): CodeIgniter\Boot::runCodeIgniter(Object(CodeIgniter\CodeIgniter))
14 FCPATH\index.php(59): CodeIgniter\Boot::bootWeb(Object(Config\Paths))
15 SYSTEMPATH\rewrite.php(44): require_once('C:\\xampp\\htdocs\\sistemainventario\\public\\index.php')
ERROR - 2025-09-17 17:20:20 --> mysqli_sql_exception: Duplicate entry 'IMP-2024-001' for key 'codig_patrimonial' in C:\xampp\htdocs\sistemainventario\vendor\codeigniter4\framework\system\Database\MySQLi\Connection.php:327
Stack trace:
#0 C:\xampp\htdocs\sistemainventario\vendor\codeigniter4\framework\system\Database\MySQLi\Connection.php(327): mysqli->query('INSERT INTO `eq...', 0)
#1 C:\xampp\htdocs\sistemainventario\vendor\codeigniter4\framework\system\Database\BaseConnection.php(729): CodeIgniter\Database\MySQLi\Connection->execute('INSERT INTO `eq...')
#2 C:\xampp\htdocs\sistemainventario\vendor\codeigniter4\framework\system\Database\BaseConnection.php(646): CodeIgniter\Database\BaseConnection->simpleQuery('INSERT INTO `eq...')
#3 C:\xampp\htdocs\sistemainventario\vendor\codeigniter4\framework\system\Database\BaseBuilder.php(2345): CodeIgniter\Database\BaseConnection->query('INSERT INTO `eq...', Array, false)
#4 C:\xampp\htdocs\sistemainventario\vendor\codeigniter4\framework\system\Model.php(394): CodeIgniter\Database\BaseBuilder->insert()
#5 C:\xampp\htdocs\sistemainventario\vendor\codeigniter4\framework\system\BaseModel.php(838): CodeIgniter\Model->doInsert(Array)
#6 C:\xampp\htdocs\sistemainventario\vendor\codeigniter4\framework\system\Model.php(797): CodeIgniter\BaseModel->insert(Array, true)
#7 C:\xampp\htdocs\sistemainventario\app\Controllers\GestionEquipoController.php(49): CodeIgniter\Model->insert(Array)
#8 C:\xampp\htdocs\sistemainventario\vendor\codeigniter4\framework\system\CodeIgniter.php(933): App\Controllers\GestionEquipoController->crear()
#9 C:\xampp\htdocs\sistemainventario\vendor\codeigniter4\framework\system\CodeIgniter.php(507): CodeIgniter\CodeIgniter->runController(Object(App\Controllers\GestionEquipoController))
#10 C:\xampp\htdocs\sistemainventario\vendor\codeigniter4\framework\system\CodeIgniter.php(354): CodeIgniter\CodeIgniter->handleRequest(NULL, Object(Config\Cache), false)
#11 C:\xampp\htdocs\sistemainventario\vendor\codeigniter4\framework\system\Boot.php(363): CodeIgniter\CodeIgniter->run()
#12 C:\xampp\htdocs\sistemainventario\vendor\codeigniter4\framework\system\Boot.php(68): CodeIgniter\Boot::runCodeIgniter(Object(CodeIgniter\CodeIgniter))
#13 C:\xampp\htdocs\sistemainventario\public\index.php(59): CodeIgniter\Boot::bootWeb(Object(Config\Paths))
#14 C:\xampp\htdocs\sistemainventario\vendor\codeigniter4\framework\system\rewrite.php(44): require_once('C:\\xampp\\htdocs...')
#15 {main}
CRITICAL - 2025-09-17 17:20:20 --> CodeIgniter\Database\Exceptions\DatabaseException: Duplicate entry 'IMP-2024-001' for key 'codig_patrimonial'
[Method: POST, Route: GestionEquipos/crear]
in SYSTEMPATH\Database\BaseConnection.php on line 684.
 1 SYSTEMPATH\Database\BaseBuilder.php(2345): CodeIgniter\Database\BaseConnection->query('INSERT INTO `equipo` (`codig_patrimonial`, `num_serie`, `id_tipo_equipo`, `id_modelo_equipo`, `id_estado_equipo`) VALUES (:codig_patrimonial:, :num_serie:, :id_tipo_equipo:, :id_modelo_equipo:, :id_estado_equipo:)', [...], false)
 2 SYSTEMPATH\Model.php(394): CodeIgniter\Database\BaseBuilder->insert()
 3 SYSTEMPATH\BaseModel.php(838): CodeIgniter\Model->doInsert([...])
 4 SYSTEMPATH\Model.php(797): CodeIgniter\BaseModel->insert([...], true)
 5 APPPATH\Controllers\GestionEquipoController.php(49): CodeIgniter\Model->insert([...])
 6 SYSTEMPATH\CodeIgniter.php(933): App\Controllers\GestionEquipoController->crear()
 7 SYSTEMPATH\CodeIgniter.php(507): CodeIgniter\CodeIgniter->runController(Object(App\Controllers\GestionEquipoController))
 8 SYSTEMPATH\CodeIgniter.php(354): CodeIgniter\CodeIgniter->handleRequest(null, Object(Config\Cache), false)
 9 SYSTEMPATH\Boot.php(363): CodeIgniter\CodeIgniter->run()
10 SYSTEMPATH\Boot.php(68): CodeIgniter\Boot::runCodeIgniter(Object(CodeIgniter\CodeIgniter))
11 FCPATH\index.php(59): CodeIgniter\Boot::bootWeb(Object(Config\Paths))
12 SYSTEMPATH\rewrite.php(44): require_once('C:\\xampp\\htdocs\\sistemainventario\\public\\index.php')
CRITICAL - 2025-09-17 17:20:20 --> [Caused by] CodeIgniter\Database\Exceptions\DatabaseException: Duplicate entry 'IMP-2024-001' for key 'codig_patrimonial'
in SYSTEMPATH\Database\MySQLi\Connection.php on line 332.
 1 SYSTEMPATH\Database\BaseConnection.php(729): CodeIgniter\Database\MySQLi\Connection->execute('INSERT INTO `equipo` (`codig_patrimonial`, `num_serie`, `id_tipo_equipo`, `id_modelo_equipo`, `id_estado_equipo`) VALUES (\'IMP-2024-001\', \'WERFRV\', \'3\', \'3\', \'2\')')
 2 SYSTEMPATH\Database\BaseConnection.php(646): CodeIgniter\Database\BaseConnection->simpleQuery('INSERT INTO `equipo` (`codig_patrimonial`, `num_serie`, `id_tipo_equipo`, `id_modelo_equipo`, `id_estado_equipo`) VALUES (\'IMP-2024-001\', \'WERFRV\', \'3\', \'3\', \'2\')')
 3 SYSTEMPATH\Database\BaseBuilder.php(2345): CodeIgniter\Database\BaseConnection->query('INSERT INTO `equipo` (`codig_patrimonial`, `num_serie`, `id_tipo_equipo`, `id_modelo_equipo`, `id_estado_equipo`) VALUES (:codig_patrimonial:, :num_serie:, :id_tipo_equipo:, :id_modelo_equipo:, :id_estado_equipo:)', [...], false)
 4 SYSTEMPATH\Model.php(394): CodeIgniter\Database\BaseBuilder->insert()
 5 SYSTEMPATH\BaseModel.php(838): CodeIgniter\Model->doInsert([...])
 6 SYSTEMPATH\Model.php(797): CodeIgniter\BaseModel->insert([...], true)
 7 APPPATH\Controllers\GestionEquipoController.php(49): CodeIgniter\Model->insert([...])
 8 SYSTEMPATH\CodeIgniter.php(933): App\Controllers\GestionEquipoController->crear()
 9 SYSTEMPATH\CodeIgniter.php(507): CodeIgniter\CodeIgniter->runController(Object(App\Controllers\GestionEquipoController))
10 SYSTEMPATH\CodeIgniter.php(354): CodeIgniter\CodeIgniter->handleRequest(null, Object(Config\Cache), false)
11 SYSTEMPATH\Boot.php(363): CodeIgniter\CodeIgniter->run()
12 SYSTEMPATH\Boot.php(68): CodeIgniter\Boot::runCodeIgniter(Object(CodeIgniter\CodeIgniter))
13 FCPATH\index.php(59): CodeIgniter\Boot::bootWeb(Object(Config\Paths))
14 SYSTEMPATH\rewrite.php(44): require_once('C:\\xampp\\htdocs\\sistemainventario\\public\\index.php')
CRITICAL - 2025-09-17 17:20:20 --> [Caused by] mysqli_sql_exception: Duplicate entry 'IMP-2024-001' for key 'codig_patrimonial'
in SYSTEMPATH\Database\MySQLi\Connection.php on line 327.
 1 SYSTEMPATH\Database\MySQLi\Connection.php(327): mysqli->query('INSERT INTO `equipo` (`codig_patrimonial`, `num_serie`, `id_tipo_equipo`, `id_modelo_equipo`, `id_estado_equipo`) VALUES (\'IMP-2024-001\', \'WERFRV\', \'3\', \'3\', \'2\')', 0)
 2 SYSTEMPATH\Database\BaseConnection.php(729): CodeIgniter\Database\MySQLi\Connection->execute('INSERT INTO `equipo` (`codig_patrimonial`, `num_serie`, `id_tipo_equipo`, `id_modelo_equipo`, `id_estado_equipo`) VALUES (\'IMP-2024-001\', \'WERFRV\', \'3\', \'3\', \'2\')')
 3 SYSTEMPATH\Database\BaseConnection.php(646): CodeIgniter\Database\BaseConnection->simpleQuery('INSERT INTO `equipo` (`codig_patrimonial`, `num_serie`, `id_tipo_equipo`, `id_modelo_equipo`, `id_estado_equipo`) VALUES (\'IMP-2024-001\', \'WERFRV\', \'3\', \'3\', \'2\')')
 4 SYSTEMPATH\Database\BaseBuilder.php(2345): CodeIgniter\Database\BaseConnection->query('INSERT INTO `equipo` (`codig_patrimonial`, `num_serie`, `id_tipo_equipo`, `id_modelo_equipo`, `id_estado_equipo`) VALUES (:codig_patrimonial:, :num_serie:, :id_tipo_equipo:, :id_modelo_equipo:, :id_estado_equipo:)', [...], false)
 5 SYSTEMPATH\Model.php(394): CodeIgniter\Database\BaseBuilder->insert()
 6 SYSTEMPATH\BaseModel.php(838): CodeIgniter\Model->doInsert([...])
 7 SYSTEMPATH\Model.php(797): CodeIgniter\BaseModel->insert([...], true)
 8 APPPATH\Controllers\GestionEquipoController.php(49): CodeIgniter\Model->insert([...])
 9 SYSTEMPATH\CodeIgniter.php(933): App\Controllers\GestionEquipoController->crear()
10 SYSTEMPATH\CodeIgniter.php(507): CodeIgniter\CodeIgniter->runController(Object(App\Controllers\GestionEquipoController))
11 SYSTEMPATH\CodeIgniter.php(354): CodeIgniter\CodeIgniter->handleRequest(null, Object(Config\Cache), false)
12 SYSTEMPATH\Boot.php(363): CodeIgniter\CodeIgniter->run()
13 SYSTEMPATH\Boot.php(68): CodeIgniter\Boot::runCodeIgniter(Object(CodeIgniter\CodeIgniter))
14 FCPATH\index.php(59): CodeIgniter\Boot::bootWeb(Object(Config\Paths))
15 SYSTEMPATH\rewrite.php(44): require_once('C:\\xampp\\htdocs\\sistemainventario\\public\\index.php')
ERROR - 2025-09-17 17:20:38 --> mysqli_sql_exception: Duplicate entry 'IMP-2024-001' for key 'codig_patrimonial' in C:\xampp\htdocs\sistemainventario\vendor\codeigniter4\framework\system\Database\MySQLi\Connection.php:327
Stack trace:
#0 C:\xampp\htdocs\sistemainventario\vendor\codeigniter4\framework\system\Database\MySQLi\Connection.php(327): mysqli->query('INSERT INTO `eq...', 0)
#1 C:\xampp\htdocs\sistemainventario\vendor\codeigniter4\framework\system\Database\BaseConnection.php(729): CodeIgniter\Database\MySQLi\Connection->execute('INSERT INTO `eq...')
#2 C:\xampp\htdocs\sistemainventario\vendor\codeigniter4\framework\system\Database\BaseConnection.php(646): CodeIgniter\Database\BaseConnection->simpleQuery('INSERT INTO `eq...')
#3 C:\xampp\htdocs\sistemainventario\vendor\codeigniter4\framework\system\Database\BaseBuilder.php(2345): CodeIgniter\Database\BaseConnection->query('INSERT INTO `eq...', Array, false)
#4 C:\xampp\htdocs\sistemainventario\vendor\codeigniter4\framework\system\Model.php(394): CodeIgniter\Database\BaseBuilder->insert()
#5 C:\xampp\htdocs\sistemainventario\vendor\codeigniter4\framework\system\BaseModel.php(838): CodeIgniter\Model->doInsert(Array)
#6 C:\xampp\htdocs\sistemainventario\vendor\codeigniter4\framework\system\Model.php(797): CodeIgniter\BaseModel->insert(Array, true)
#7 C:\xampp\htdocs\sistemainventario\app\Controllers\GestionEquipoController.php(49): CodeIgniter\Model->insert(Array)
#8 C:\xampp\htdocs\sistemainventario\vendor\codeigniter4\framework\system\CodeIgniter.php(933): App\Controllers\GestionEquipoController->crear()
#9 C:\xampp\htdocs\sistemainventario\vendor\codeigniter4\framework\system\CodeIgniter.php(507): CodeIgniter\CodeIgniter->runController(Object(App\Controllers\GestionEquipoController))
#10 C:\xampp\htdocs\sistemainventario\vendor\codeigniter4\framework\system\CodeIgniter.php(354): CodeIgniter\CodeIgniter->handleRequest(NULL, Object(Config\Cache), false)
#11 C:\xampp\htdocs\sistemainventario\vendor\codeigniter4\framework\system\Boot.php(363): CodeIgniter\CodeIgniter->run()
#12 C:\xampp\htdocs\sistemainventario\vendor\codeigniter4\framework\system\Boot.php(68): CodeIgniter\Boot::runCodeIgniter(Object(CodeIgniter\CodeIgniter))
#13 C:\xampp\htdocs\sistemainventario\public\index.php(59): CodeIgniter\Boot::bootWeb(Object(Config\Paths))
#14 C:\xampp\htdocs\sistemainventario\vendor\codeigniter4\framework\system\rewrite.php(44): require_once('C:\\xampp\\htdocs...')
#15 {main}
CRITICAL - 2025-09-17 17:20:38 --> CodeIgniter\Database\Exceptions\DatabaseException: Duplicate entry 'IMP-2024-001' for key 'codig_patrimonial'
[Method: POST, Route: GestionEquipos/crear]
in SYSTEMPATH\Database\BaseConnection.php on line 684.
 1 SYSTEMPATH\Database\BaseBuilder.php(2345): CodeIgniter\Database\BaseConnection->query('INSERT INTO `equipo` (`codig_patrimonial`, `num_serie`, `id_tipo_equipo`, `id_modelo_equipo`, `id_estado_equipo`) VALUES (:codig_patrimonial:, :num_serie:, :id_tipo_equipo:, :id_modelo_equipo:, :id_estado_equipo:)', [...], false)
 2 SYSTEMPATH\Model.php(394): CodeIgniter\Database\BaseBuilder->insert()
 3 SYSTEMPATH\BaseModel.php(838): CodeIgniter\Model->doInsert([...])
 4 SYSTEMPATH\Model.php(797): CodeIgniter\BaseModel->insert([...], true)
 5 APPPATH\Controllers\GestionEquipoController.php(49): CodeIgniter\Model->insert([...])
 6 SYSTEMPATH\CodeIgniter.php(933): App\Controllers\GestionEquipoController->crear()
 7 SYSTEMPATH\CodeIgniter.php(507): CodeIgniter\CodeIgniter->runController(Object(App\Controllers\GestionEquipoController))
 8 SYSTEMPATH\CodeIgniter.php(354): CodeIgniter\CodeIgniter->handleRequest(null, Object(Config\Cache), false)
 9 SYSTEMPATH\Boot.php(363): CodeIgniter\CodeIgniter->run()
10 SYSTEMPATH\Boot.php(68): CodeIgniter\Boot::runCodeIgniter(Object(CodeIgniter\CodeIgniter))
11 FCPATH\index.php(59): CodeIgniter\Boot::bootWeb(Object(Config\Paths))
12 SYSTEMPATH\rewrite.php(44): require_once('C:\\xampp\\htdocs\\sistemainventario\\public\\index.php')
CRITICAL - 2025-09-17 17:20:38 --> [Caused by] CodeIgniter\Database\Exceptions\DatabaseException: Duplicate entry 'IMP-2024-001' for key 'codig_patrimonial'
in SYSTEMPATH\Database\MySQLi\Connection.php on line 332.
 1 SYSTEMPATH\Database\BaseConnection.php(729): CodeIgniter\Database\MySQLi\Connection->execute('INSERT INTO `equipo` (`codig_patrimonial`, `num_serie`, `id_tipo_equipo`, `id_modelo_equipo`, `id_estado_equipo`) VALUES (\'IMP-2024-001\', \'WERFRV\', \'2\', \'3\', \'2\')')
 2 SYSTEMPATH\Database\BaseConnection.php(646): CodeIgniter\Database\BaseConnection->simpleQuery('INSERT INTO `equipo` (`codig_patrimonial`, `num_serie`, `id_tipo_equipo`, `id_modelo_equipo`, `id_estado_equipo`) VALUES (\'IMP-2024-001\', \'WERFRV\', \'2\', \'3\', \'2\')')
 3 SYSTEMPATH\Database\BaseBuilder.php(2345): CodeIgniter\Database\BaseConnection->query('INSERT INTO `equipo` (`codig_patrimonial`, `num_serie`, `id_tipo_equipo`, `id_modelo_equipo`, `id_estado_equipo`) VALUES (:codig_patrimonial:, :num_serie:, :id_tipo_equipo:, :id_modelo_equipo:, :id_estado_equipo:)', [...], false)
 4 SYSTEMPATH\Model.php(394): CodeIgniter\Database\BaseBuilder->insert()
 5 SYSTEMPATH\BaseModel.php(838): CodeIgniter\Model->doInsert([...])
 6 SYSTEMPATH\Model.php(797): CodeIgniter\BaseModel->insert([...], true)
 7 APPPATH\Controllers\GestionEquipoController.php(49): CodeIgniter\Model->insert([...])
 8 SYSTEMPATH\CodeIgniter.php(933): App\Controllers\GestionEquipoController->crear()
 9 SYSTEMPATH\CodeIgniter.php(507): CodeIgniter\CodeIgniter->runController(Object(App\Controllers\GestionEquipoController))
10 SYSTEMPATH\CodeIgniter.php(354): CodeIgniter\CodeIgniter->handleRequest(null, Object(Config\Cache), false)
11 SYSTEMPATH\Boot.php(363): CodeIgniter\CodeIgniter->run()
12 SYSTEMPATH\Boot.php(68): CodeIgniter\Boot::runCodeIgniter(Object(CodeIgniter\CodeIgniter))
13 FCPATH\index.php(59): CodeIgniter\Boot::bootWeb(Object(Config\Paths))
14 SYSTEMPATH\rewrite.php(44): require_once('C:\\xampp\\htdocs\\sistemainventario\\public\\index.php')
CRITICAL - 2025-09-17 17:20:38 --> [Caused by] mysqli_sql_exception: Duplicate entry 'IMP-2024-001' for key 'codig_patrimonial'
in SYSTEMPATH\Database\MySQLi\Connection.php on line 327.
 1 SYSTEMPATH\Database\MySQLi\Connection.php(327): mysqli->query('INSERT INTO `equipo` (`codig_patrimonial`, `num_serie`, `id_tipo_equipo`, `id_modelo_equipo`, `id_estado_equipo`) VALUES (\'IMP-2024-001\', \'WERFRV\', \'2\', \'3\', \'2\')', 0)
 2 SYSTEMPATH\Database\BaseConnection.php(729): CodeIgniter\Database\MySQLi\Connection->execute('INSERT INTO `equipo` (`codig_patrimonial`, `num_serie`, `id_tipo_equipo`, `id_modelo_equipo`, `id_estado_equipo`) VALUES (\'IMP-2024-001\', \'WERFRV\', \'2\', \'3\', \'2\')')
 3 SYSTEMPATH\Database\BaseConnection.php(646): CodeIgniter\Database\BaseConnection->simpleQuery('INSERT INTO `equipo` (`codig_patrimonial`, `num_serie`, `id_tipo_equipo`, `id_modelo_equipo`, `id_estado_equipo`) VALUES (\'IMP-2024-001\', \'WERFRV\', \'2\', \'3\', \'2\')')
 4 SYSTEMPATH\Database\BaseBuilder.php(2345): CodeIgniter\Database\BaseConnection->query('INSERT INTO `equipo` (`codig_patrimonial`, `num_serie`, `id_tipo_equipo`, `id_modelo_equipo`, `id_estado_equipo`) VALUES (:codig_patrimonial:, :num_serie:, :id_tipo_equipo:, :id_modelo_equipo:, :id_estado_equipo:)', [...], false)
 5 SYSTEMPATH\Model.php(394): CodeIgniter\Database\BaseBuilder->insert()
 6 SYSTEMPATH\BaseModel.php(838): CodeIgniter\Model->doInsert([...])
 7 SYSTEMPATH\Model.php(797): CodeIgniter\BaseModel->insert([...], true)
 8 APPPATH\Controllers\GestionEquipoController.php(49): CodeIgniter\Model->insert([...])
 9 SYSTEMPATH\CodeIgniter.php(933): App\Controllers\GestionEquipoController->crear()
10 SYSTEMPATH\CodeIgniter.php(507): CodeIgniter\CodeIgniter->runController(Object(App\Controllers\GestionEquipoController))
11 SYSTEMPATH\CodeIgniter.php(354): CodeIgniter\CodeIgniter->handleRequest(null, Object(Config\Cache), false)
12 SYSTEMPATH\Boot.php(363): CodeIgniter\CodeIgniter->run()
13 SYSTEMPATH\Boot.php(68): CodeIgniter\Boot::runCodeIgniter(Object(CodeIgniter\CodeIgniter))
14 FCPATH\index.php(59): CodeIgniter\Boot::bootWeb(Object(Config\Paths))
15 SYSTEMPATH\rewrite.php(44): require_once('C:\\xampp\\htdocs\\sistemainventario\\public\\index.php')
ERROR - 2025-09-17 17:24:44 --> mysqli_sql_exception: Duplicate entry 'IMP-2024-001' for key 'codig_patrimonial' in C:\xampp\htdocs\sistemainventario\vendor\codeigniter4\framework\system\Database\MySQLi\Connection.php:327
Stack trace:
#0 C:\xampp\htdocs\sistemainventario\vendor\codeigniter4\framework\system\Database\MySQLi\Connection.php(327): mysqli->query('INSERT INTO `eq...', 0)
#1 C:\xampp\htdocs\sistemainventario\vendor\codeigniter4\framework\system\Database\BaseConnection.php(729): CodeIgniter\Database\MySQLi\Connection->execute('INSERT INTO `eq...')
#2 C:\xampp\htdocs\sistemainventario\vendor\codeigniter4\framework\system\Database\BaseConnection.php(646): CodeIgniter\Database\BaseConnection->simpleQuery('INSERT INTO `eq...')
#3 C:\xampp\htdocs\sistemainventario\vendor\codeigniter4\framework\system\Database\BaseBuilder.php(2345): CodeIgniter\Database\BaseConnection->query('INSERT INTO `eq...', Array, false)
#4 C:\xampp\htdocs\sistemainventario\vendor\codeigniter4\framework\system\Model.php(394): CodeIgniter\Database\BaseBuilder->insert()
#5 C:\xampp\htdocs\sistemainventario\vendor\codeigniter4\framework\system\BaseModel.php(838): CodeIgniter\Model->doInsert(Array)
#6 C:\xampp\htdocs\sistemainventario\vendor\codeigniter4\framework\system\Model.php(797): CodeIgniter\BaseModel->insert(Array, true)
#7 C:\xampp\htdocs\sistemainventario\app\Controllers\GestionEquipoController.php(49): CodeIgniter\Model->insert(Array)
#8 C:\xampp\htdocs\sistemainventario\vendor\codeigniter4\framework\system\CodeIgniter.php(933): App\Controllers\GestionEquipoController->crear()
#9 C:\xampp\htdocs\sistemainventario\vendor\codeigniter4\framework\system\CodeIgniter.php(507): CodeIgniter\CodeIgniter->runController(Object(App\Controllers\GestionEquipoController))
#10 C:\xampp\htdocs\sistemainventario\vendor\codeigniter4\framework\system\CodeIgniter.php(354): CodeIgniter\CodeIgniter->handleRequest(NULL, Object(Config\Cache), false)
#11 C:\xampp\htdocs\sistemainventario\vendor\codeigniter4\framework\system\Boot.php(363): CodeIgniter\CodeIgniter->run()
#12 C:\xampp\htdocs\sistemainventario\vendor\codeigniter4\framework\system\Boot.php(68): CodeIgniter\Boot::runCodeIgniter(Object(CodeIgniter\CodeIgniter))
#13 C:\xampp\htdocs\sistemainventario\public\index.php(59): CodeIgniter\Boot::bootWeb(Object(Config\Paths))
#14 C:\xampp\htdocs\sistemainventario\vendor\codeigniter4\framework\system\rewrite.php(44): require_once('C:\\xampp\\htdocs...')
#15 {main}
CRITICAL - 2025-09-17 17:24:44 --> CodeIgniter\Database\Exceptions\DatabaseException: Duplicate entry 'IMP-2024-001' for key 'codig_patrimonial'
[Method: POST, Route: GestionEquipos/crear]
in SYSTEMPATH\Database\BaseConnection.php on line 684.
 1 SYSTEMPATH\Database\BaseBuilder.php(2345): CodeIgniter\Database\BaseConnection->query('INSERT INTO `equipo` (`codig_patrimonial`, `num_serie`, `id_tipo_equipo`, `id_modelo_equipo`, `id_estado_equipo`) VALUES (:codig_patrimonial:, :num_serie:, :id_tipo_equipo:, :id_modelo_equipo:, :id_estado_equipo:)', [...], false)
 2 SYSTEMPATH\Model.php(394): CodeIgniter\Database\BaseBuilder->insert()
 3 SYSTEMPATH\BaseModel.php(838): CodeIgniter\Model->doInsert([...])
 4 SYSTEMPATH\Model.php(797): CodeIgniter\BaseModel->insert([...], true)
 5 APPPATH\Controllers\GestionEquipoController.php(49): CodeIgniter\Model->insert([...])
 6 SYSTEMPATH\CodeIgniter.php(933): App\Controllers\GestionEquipoController->crear()
 7 SYSTEMPATH\CodeIgniter.php(507): CodeIgniter\CodeIgniter->runController(Object(App\Controllers\GestionEquipoController))
 8 SYSTEMPATH\CodeIgniter.php(354): CodeIgniter\CodeIgniter->handleRequest(null, Object(Config\Cache), false)
 9 SYSTEMPATH\Boot.php(363): CodeIgniter\CodeIgniter->run()
10 SYSTEMPATH\Boot.php(68): CodeIgniter\Boot::runCodeIgniter(Object(CodeIgniter\CodeIgniter))
11 FCPATH\index.php(59): CodeIgniter\Boot::bootWeb(Object(Config\Paths))
12 SYSTEMPATH\rewrite.php(44): require_once('C:\\xampp\\htdocs\\sistemainventario\\public\\index.php')
CRITICAL - 2025-09-17 17:24:44 --> [Caused by] CodeIgniter\Database\Exceptions\DatabaseException: Duplicate entry 'IMP-2024-001' for key 'codig_patrimonial'
in SYSTEMPATH\Database\MySQLi\Connection.php on line 332.
 1 SYSTEMPATH\Database\BaseConnection.php(729): CodeIgniter\Database\MySQLi\Connection->execute('INSERT INTO `equipo` (`codig_patrimonial`, `num_serie`, `id_tipo_equipo`, `id_modelo_equipo`, `id_estado_equipo`) VALUES (\'IMP-2024-001\', \'PJN12345XZ\', \'1\', \'1\', \'1\')')
 2 SYSTEMPATH\Database\BaseConnection.php(646): CodeIgniter\Database\BaseConnection->simpleQuery('INSERT INTO `equipo` (`codig_patrimonial`, `num_serie`, `id_tipo_equipo`, `id_modelo_equipo`, `id_estado_equipo`) VALUES (\'IMP-2024-001\', \'PJN12345XZ\', \'1\', \'1\', \'1\')')
 3 SYSTEMPATH\Database\BaseBuilder.php(2345): CodeIgniter\Database\BaseConnection->query('INSERT INTO `equipo` (`codig_patrimonial`, `num_serie`, `id_tipo_equipo`, `id_modelo_equipo`, `id_estado_equipo`) VALUES (:codig_patrimonial:, :num_serie:, :id_tipo_equipo:, :id_modelo_equipo:, :id_estado_equipo:)', [...], false)
 4 SYSTEMPATH\Model.php(394): CodeIgniter\Database\BaseBuilder->insert()
 5 SYSTEMPATH\BaseModel.php(838): CodeIgniter\Model->doInsert([...])
 6 SYSTEMPATH\Model.php(797): CodeIgniter\BaseModel->insert([...], true)
 7 APPPATH\Controllers\GestionEquipoController.php(49): CodeIgniter\Model->insert([...])
 8 SYSTEMPATH\CodeIgniter.php(933): App\Controllers\GestionEquipoController->crear()
 9 SYSTEMPATH\CodeIgniter.php(507): CodeIgniter\CodeIgniter->runController(Object(App\Controllers\GestionEquipoController))
10 SYSTEMPATH\CodeIgniter.php(354): CodeIgniter\CodeIgniter->handleRequest(null, Object(Config\Cache), false)
11 SYSTEMPATH\Boot.php(363): CodeIgniter\CodeIgniter->run()
12 SYSTEMPATH\Boot.php(68): CodeIgniter\Boot::runCodeIgniter(Object(CodeIgniter\CodeIgniter))
13 FCPATH\index.php(59): CodeIgniter\Boot::bootWeb(Object(Config\Paths))
14 SYSTEMPATH\rewrite.php(44): require_once('C:\\xampp\\htdocs\\sistemainventario\\public\\index.php')
CRITICAL - 2025-09-17 17:24:44 --> [Caused by] mysqli_sql_exception: Duplicate entry 'IMP-2024-001' for key 'codig_patrimonial'
in SYSTEMPATH\Database\MySQLi\Connection.php on line 327.
 1 SYSTEMPATH\Database\MySQLi\Connection.php(327): mysqli->query('INSERT INTO `equipo` (`codig_patrimonial`, `num_serie`, `id_tipo_equipo`, `id_modelo_equipo`, `id_estado_equipo`) VALUES (\'IMP-2024-001\', \'PJN12345XZ\', \'1\', \'1\', \'1\')', 0)
 2 SYSTEMPATH\Database\BaseConnection.php(729): CodeIgniter\Database\MySQLi\Connection->execute('INSERT INTO `equipo` (`codig_patrimonial`, `num_serie`, `id_tipo_equipo`, `id_modelo_equipo`, `id_estado_equipo`) VALUES (\'IMP-2024-001\', \'PJN12345XZ\', \'1\', \'1\', \'1\')')
 3 SYSTEMPATH\Database\BaseConnection.php(646): CodeIgniter\Database\BaseConnection->simpleQuery('INSERT INTO `equipo` (`codig_patrimonial`, `num_serie`, `id_tipo_equipo`, `id_modelo_equipo`, `id_estado_equipo`) VALUES (\'IMP-2024-001\', \'PJN12345XZ\', \'1\', \'1\', \'1\')')
 4 SYSTEMPATH\Database\BaseBuilder.php(2345): CodeIgniter\Database\BaseConnection->query('INSERT INTO `equipo` (`codig_patrimonial`, `num_serie`, `id_tipo_equipo`, `id_modelo_equipo`, `id_estado_equipo`) VALUES (:codig_patrimonial:, :num_serie:, :id_tipo_equipo:, :id_modelo_equipo:, :id_estado_equipo:)', [...], false)
 5 SYSTEMPATH\Model.php(394): CodeIgniter\Database\BaseBuilder->insert()
 6 SYSTEMPATH\BaseModel.php(838): CodeIgniter\Model->doInsert([...])
 7 SYSTEMPATH\Model.php(797): CodeIgniter\BaseModel->insert([...], true)
 8 APPPATH\Controllers\GestionEquipoController.php(49): CodeIgniter\Model->insert([...])
 9 SYSTEMPATH\CodeIgniter.php(933): App\Controllers\GestionEquipoController->crear()
10 SYSTEMPATH\CodeIgniter.php(507): CodeIgniter\CodeIgniter->runController(Object(App\Controllers\GestionEquipoController))
11 SYSTEMPATH\CodeIgniter.php(354): CodeIgniter\CodeIgniter->handleRequest(null, Object(Config\Cache), false)
12 SYSTEMPATH\Boot.php(363): CodeIgniter\CodeIgniter->run()
13 SYSTEMPATH\Boot.php(68): CodeIgniter\Boot::runCodeIgniter(Object(CodeIgniter\CodeIgniter))
14 FCPATH\index.php(59): CodeIgniter\Boot::bootWeb(Object(Config\Paths))
15 SYSTEMPATH\rewrite.php(44): require_once('C:\\xampp\\htdocs\\sistemainventario\\public\\index.php')
CRITICAL - 2025-09-17 18:25:21 --> ErrorException: Undefined variable $e
[Method: GET, Route: Catalogo/TipoEquipos]
in APPPATH\Views\Catalogo\TipoEquipos.php on line 24.
 1 APPPATH\Views\Catalogo\TipoEquipos.php(24): CodeIgniter\Debug\Exceptions->errorHandler(2, 'Undefined variable $e', 'C:\\xampp\\htdocs\\sistemainventario\\app\\Views\\Catalogo\\TipoEquipos.php', 24)
 2 SYSTEMPATH\View\View.php(226): include('C:\\xampp\\htdocs\\sistemainventario\\app\\Views\\Catalogo\\TipoEquipos.php')
 3 SYSTEMPATH\View\View.php(229): CodeIgniter\View\View->CodeIgniter\View\{closure}()
 4 SYSTEMPATH\Common.php(1167): CodeIgniter\View\View->render('Catalogo/TipoEquipos', [], true)
 5 APPPATH\Controllers\TipoEquiposController.php(13): view('Catalogo/TipoEquipos', [...])
 6 SYSTEMPATH\CodeIgniter.php(933): App\Controllers\TipoEquiposController->index()
 7 SYSTEMPATH\CodeIgniter.php(507): CodeIgniter\CodeIgniter->runController(Object(App\Controllers\TipoEquiposController))
 8 SYSTEMPATH\CodeIgniter.php(354): CodeIgniter\CodeIgniter->handleRequest(null, Object(Config\Cache), false)
 9 SYSTEMPATH\Boot.php(363): CodeIgniter\CodeIgniter->run()
10 SYSTEMPATH\Boot.php(68): CodeIgniter\Boot::runCodeIgniter(Object(CodeIgniter\CodeIgniter))
11 FCPATH\index.php(59): CodeIgniter\Boot::bootWeb(Object(Config\Paths))
12 SYSTEMPATH\rewrite.php(44): require_once('C:\\xampp\\htdocs\\sistemainventario\\public\\index.php')
CRITICAL - 2025-09-17 18:26:03 --> ErrorException: Undefined variable $e
[Method: GET, Route: Catalogo/TipoEquipos]
in APPPATH\Views\Catalogo\TipoEquipos.php on line 24.
 1 APPPATH\Views\Catalogo\TipoEquipos.php(24): CodeIgniter\Debug\Exceptions->errorHandler(2, 'Undefined variable $e', 'C:\\xampp\\htdocs\\sistemainventario\\app\\Views\\Catalogo\\TipoEquipos.php', 24)
 2 SYSTEMPATH\View\View.php(226): include('C:\\xampp\\htdocs\\sistemainventario\\app\\Views\\Catalogo\\TipoEquipos.php')
 3 SYSTEMPATH\View\View.php(229): CodeIgniter\View\View->CodeIgniter\View\{closure}()
 4 SYSTEMPATH\Common.php(1167): CodeIgniter\View\View->render('Catalogo/TipoEquipos', [], true)
 5 APPPATH\Controllers\TipoEquiposController.php(13): view('Catalogo/TipoEquipos', [...])
 6 SYSTEMPATH\CodeIgniter.php(933): App\Controllers\TipoEquiposController->index()
 7 SYSTEMPATH\CodeIgniter.php(507): CodeIgniter\CodeIgniter->runController(Object(App\Controllers\TipoEquiposController))
 8 SYSTEMPATH\CodeIgniter.php(354): CodeIgniter\CodeIgniter->handleRequest(null, Object(Config\Cache), false)
 9 SYSTEMPATH\Boot.php(363): CodeIgniter\CodeIgniter->run()
10 SYSTEMPATH\Boot.php(68): CodeIgniter\Boot::runCodeIgniter(Object(CodeIgniter\CodeIgniter))
11 FCPATH\index.php(59): CodeIgniter\Boot::bootWeb(Object(Config\Paths))
12 SYSTEMPATH\rewrite.php(44): require_once('C:\\xampp\\htdocs\\sistemainventario\\public\\index.php')
CRITICAL - 2025-09-17 18:26:33 --> ErrorException: Undefined variable $e
[Method: GET, Route: Catalogo/TipoEquipos]
in APPPATH\Views\Catalogo\TipoEquipos.php on line 24.
 1 APPPATH\Views\Catalogo\TipoEquipos.php(24): CodeIgniter\Debug\Exceptions->errorHandler(2, 'Undefined variable $e', 'C:\\xampp\\htdocs\\sistemainventario\\app\\Views\\Catalogo\\TipoEquipos.php', 24)
 2 SYSTEMPATH\View\View.php(226): include('C:\\xampp\\htdocs\\sistemainventario\\app\\Views\\Catalogo\\TipoEquipos.php')
 3 SYSTEMPATH\View\View.php(229): CodeIgniter\View\View->CodeIgniter\View\{closure}()
 4 SYSTEMPATH\Common.php(1167): CodeIgniter\View\View->render('Catalogo/TipoEquipos', [], true)
 5 APPPATH\Controllers\TipoEquiposController.php(13): view('Catalogo/TipoEquipos', [...])
 6 SYSTEMPATH\CodeIgniter.php(933): App\Controllers\TipoEquiposController->index()
 7 SYSTEMPATH\CodeIgniter.php(507): CodeIgniter\CodeIgniter->runController(Object(App\Controllers\TipoEquiposController))
 8 SYSTEMPATH\CodeIgniter.php(354): CodeIgniter\CodeIgniter->handleRequest(null, Object(Config\Cache), false)
 9 SYSTEMPATH\Boot.php(363): CodeIgniter\CodeIgniter->run()
10 SYSTEMPATH\Boot.php(68): CodeIgniter\Boot::runCodeIgniter(Object(CodeIgniter\CodeIgniter))
11 FCPATH\index.php(59): CodeIgniter\Boot::bootWeb(Object(Config\Paths))
12 SYSTEMPATH\rewrite.php(44): require_once('C:\\xampp\\htdocs\\sistemainventario\\public\\index.php')
CRITICAL - 2025-09-17 18:29:38 --> ErrorException: Undefined variable $e
[Method: GET, Route: Catalogo/TipoEquipos]
in APPPATH\Views\Catalogo\TipoEquipos.php on line 32.
 1 APPPATH\Views\Catalogo\TipoEquipos.php(32): CodeIgniter\Debug\Exceptions->errorHandler(2, 'Undefined variable $e', 'C:\\xampp\\htdocs\\sistemainventario\\app\\Views\\Catalogo\\TipoEquipos.php', 32)
 2 SYSTEMPATH\View\View.php(226): include('C:\\xampp\\htdocs\\sistemainventario\\app\\Views\\Catalogo\\TipoEquipos.php')
 3 SYSTEMPATH\View\View.php(229): CodeIgniter\View\View->CodeIgniter\View\{closure}()
 4 SYSTEMPATH\Common.php(1167): CodeIgniter\View\View->render('Catalogo/TipoEquipos', [], true)
 5 APPPATH\Controllers\TipoEquiposController.php(13): view('Catalogo/TipoEquipos', [...])
 6 SYSTEMPATH\CodeIgniter.php(933): App\Controllers\TipoEquiposController->index()
 7 SYSTEMPATH\CodeIgniter.php(507): CodeIgniter\CodeIgniter->runController(Object(App\Controllers\TipoEquiposController))
 8 SYSTEMPATH\CodeIgniter.php(354): CodeIgniter\CodeIgniter->handleRequest(null, Object(Config\Cache), false)
 9 SYSTEMPATH\Boot.php(363): CodeIgniter\CodeIgniter->run()
10 SYSTEMPATH\Boot.php(68): CodeIgniter\Boot::runCodeIgniter(Object(CodeIgniter\CodeIgniter))
11 FCPATH\index.php(59): CodeIgniter\Boot::bootWeb(Object(Config\Paths))
12 SYSTEMPATH\rewrite.php(44): require_once('C:\\xampp\\htdocs\\sistemainventario\\public\\index.php')
