DEBUG - 2025-09-30 00:05:53 --> Session: Class initialized using 'CodeIgniter\Session\Handlers\FileHandler' driver.
DEBUG - 2025-09-30 00:13:17 --> Session: Class initialized using 'CodeIgniter\Session\Handlers\FileHandler' driver.
DEBUG - 2025-09-30 13:01:35 --> Session: Class initialized using 'CodeIgniter\Session\Handlers\FileHandler' driver.
DEBUG - 2025-09-30 13:01:44 --> Session: Class initialized using 'CodeIgniter\Session\Handlers\FileHandler' driver.
DEBUG - 2025-09-30 13:02:14 --> Session: Class initialized using 'CodeIgniter\Session\Handlers\FileHandler' driver.
DEBUG - 2025-09-30 13:02:23 --> Session: Class initialized using 'CodeIgniter\Session\Handlers\FileHandler' driver.
DEBUG - 2025-09-30 13:08:37 --> Session: Class initialized using 'CodeIgniter\Session\Handlers\FileHandler' driver.
DEBUG - 2025-09-30 14:25:37 --> Session: Class initialized using 'CodeIgniter\Session\Handlers\FileHandler' driver.
DEBUG - 2025-09-30 14:27:22 --> Session: Class initialized using 'CodeIgniter\Session\Handlers\FileHandler' driver.
DEBUG - 2025-09-30 14:27:25 --> Session: Class initialized using 'CodeIgniter\Session\Handlers\FileHandler' driver.
DEBUG - 2025-09-30 14:27:28 --> Session: Class initialized using 'CodeIgniter\Session\Handlers\FileHandler' driver.
DEBUG - 2025-09-30 14:27:30 --> Session: Class initialized using 'CodeIgniter\Session\Handlers\FileHandler' driver.
DEBUG - 2025-09-30 14:27:33 --> Session: Class initialized using 'CodeIgniter\Session\Handlers\FileHandler' driver.
DEBUG - 2025-09-30 14:30:57 --> Session: Class initialized using 'CodeIgniter\Session\Handlers\FileHandler' driver.
DEBUG - 2025-09-30 14:33:09 --> Session: Class initialized using 'CodeIgniter\Session\Handlers\FileHandler' driver.
DEBUG - 2025-09-30 14:33:57 --> Session: Class initialized using 'CodeIgniter\Session\Handlers\FileHandler' driver.
DEBUG - 2025-09-30 14:34:09 --> Session: Class initialized using 'CodeIgniter\Session\Handlers\FileHandler' driver.
DEBUG - 2025-09-30 14:35:12 --> Session: Class initialized using 'CodeIgniter\Session\Handlers\FileHandler' driver.
DEBUG - 2025-09-30 14:35:27 --> Session: Class initialized using 'CodeIgniter\Session\Handlers\FileHandler' driver.
DEBUG - 2025-09-30 14:35:34 --> Session: Class initialized using 'CodeIgniter\Session\Handlers\FileHandler' driver.
DEBUG - 2025-09-30 14:37:02 --> Session: Class initialized using 'CodeIgniter\Session\Handlers\FileHandler' driver.
DEBUG - 2025-09-30 14:37:15 --> Session: Class initialized using 'CodeIgniter\Session\Handlers\FileHandler' driver.
DEBUG - 2025-09-30 14:37:44 --> Session: Class initialized using 'CodeIgniter\Session\Handlers\FileHandler' driver.
DEBUG - 2025-09-30 14:37:54 --> Session: Class initialized using 'CodeIgniter\Session\Handlers\FileHandler' driver.
DEBUG - 2025-09-30 14:38:30 --> Session: Class initialized using 'CodeIgniter\Session\Handlers\FileHandler' driver.
DEBUG - 2025-09-30 14:38:54 --> Session: Class initialized using 'CodeIgniter\Session\Handlers\FileHandler' driver.
DEBUG - 2025-09-30 14:39:14 --> Session: Class initialized using 'CodeIgniter\Session\Handlers\FileHandler' driver.
DEBUG - 2025-09-30 14:42:02 --> Session: Class initialized using 'CodeIgniter\Session\Handlers\FileHandler' driver.
DEBUG - 2025-09-30 14:42:06 --> Session: Class initialized using 'CodeIgniter\Session\Handlers\FileHandler' driver.
DEBUG - 2025-09-30 14:42:09 --> Session: Class initialized using 'CodeIgniter\Session\Handlers\FileHandler' driver.
DEBUG - 2025-09-30 14:42:11 --> Session: Class initialized using 'CodeIgniter\Session\Handlers\FileHandler' driver.
DEBUG - 2025-09-30 14:42:16 --> Session: Class initialized using 'CodeIgniter\Session\Handlers\FileHandler' driver.
DEBUG - 2025-09-30 14:42:31 --> Session: Class initialized using 'CodeIgniter\Session\Handlers\FileHandler' driver.
DEBUG - 2025-09-30 14:42:34 --> Session: Class initialized using 'CodeIgniter\Session\Handlers\FileHandler' driver.
DEBUG - 2025-09-30 14:42:59 --> Session: Class initialized using 'CodeIgniter\Session\Handlers\FileHandler' driver.
DEBUG - 2025-09-30 14:52:43 --> Session: Class initialized using 'CodeIgniter\Session\Handlers\FileHandler' driver.
DEBUG - 2025-09-30 16:28:55 --> Session: Class initialized using 'CodeIgniter\Session\Handlers\FileHandler' driver.
CRITICAL - 2025-09-30 16:28:58 --> CodeIgniter\Exceptions\BadMethodCallException: Call to undefined method App\Models\AsignacionEquipo\AsignacionEquipoModel::leftJoin
[Method: GET, Route: ModAsignacion/asignaciones]
in SYSTEMPATH\Model.php on line 927.
 1 APPPATH\Models\AsignacionEquipo\AsignacionEquipoModel.php(52): CodeIgniter\Model->__call('leftJoin', [...])
 2 APPPATH\Controllers\AsignacionEquipo\AsignacionEquipoController.php(15): App\Models\AsignacionEquipo\AsignacionEquipoModel->obtenerAsignaciones()
 3 SYSTEMPATH\CodeIgniter.php(933): App\Controllers\AsignacionEquipo\AsignacionEquipoController->index()
 4 SYSTEMPATH\CodeIgniter.php(507): CodeIgniter\CodeIgniter->runController(Object(App\Controllers\AsignacionEquipo\AsignacionEquipoController))
 5 SYSTEMPATH\CodeIgniter.php(354): CodeIgniter\CodeIgniter->handleRequest(null, Object(Config\Cache), false)
 6 SYSTEMPATH\Boot.php(363): CodeIgniter\CodeIgniter->run()
 7 SYSTEMPATH\Boot.php(68): CodeIgniter\Boot::runCodeIgniter(Object(CodeIgniter\CodeIgniter))
 8 FCPATH\index.php(59): CodeIgniter\Boot::bootWeb(Object(Config\Paths))
 9 SYSTEMPATH\rewrite.php(44): require_once('C:\\xampp\\htdocs\\sistemainventario\\public\\index.php')
CRITICAL - 2025-09-30 16:39:19 --> ParseError: syntax error, unexpected variable "$builder"
[Method: GET, Route: ModAsignacion/asignaciones]
in APPPATH\Models\AsignacionEquipo\AsignacionEquipoModel.php on line 50.
 1 VENDORPATH\composer\ClassLoader.php(427): Composer\Autoload\{closure}('C:\\xampp\\htdocs\\sistemainventario\\vendor\\composer/../../app\\Models\\AsignacionEquipo\\AsignacionEquipoModel.php')
 2 APPPATH\Controllers\AsignacionEquipo\AsignacionEquipoController.php(12): Composer\Autoload\ClassLoader->loadClass('App\\Models\\AsignacionEquipo\\AsignacionEquipoModel')
 3 SYSTEMPATH\CodeIgniter.php(933): App\Controllers\AsignacionEquipo\AsignacionEquipoController->index()
 4 SYSTEMPATH\CodeIgniter.php(507): CodeIgniter\CodeIgniter->runController(Object(App\Controllers\AsignacionEquipo\AsignacionEquipoController))
 5 SYSTEMPATH\CodeIgniter.php(354): CodeIgniter\CodeIgniter->handleRequest(null, Object(Config\Cache), false)
 6 SYSTEMPATH\Boot.php(363): CodeIgniter\CodeIgniter->run()
 7 SYSTEMPATH\Boot.php(68): CodeIgniter\Boot::runCodeIgniter(Object(CodeIgniter\CodeIgniter))
 8 FCPATH\index.php(59): CodeIgniter\Boot::bootWeb(Object(Config\Paths))
 9 SYSTEMPATH\rewrite.php(44): require_once('C:\\xampp\\htdocs\\sistemainventario\\public\\index.php')
CRITICAL - 2025-09-30 16:42:40 --> ErrorException: Undefined array key "origen"
[Method: GET, Route: HistorialMovimiento]
in APPPATH\Views\HistorialMovimiento.php on line 26.
 1 APPPATH\Views\HistorialMovimiento.php(26): CodeIgniter\Debug\Exceptions->errorHandler(2, 'Undefined array key "origen"', 'C:\\xampp\\htdocs\\sistemainventario\\app\\Views\\HistorialMovimiento.php', 26)
 2 SYSTEMPATH\View\View.php(226): include('C:\\xampp\\htdocs\\sistemainventario\\app\\Views\\HistorialMovimiento.php')
 3 SYSTEMPATH\View\View.php(229): CodeIgniter\View\View->CodeIgniter\View\{closure}()
 4 SYSTEMPATH\Common.php(1167): CodeIgniter\View\View->render('HistorialMovimiento', [], true)
 5 APPPATH\Controllers\HistorialMovimientoController.php(23): view('HistorialMovimiento', [...])
 6 SYSTEMPATH\CodeIgniter.php(933): App\Controllers\HistorialMovimientoController->index()
 7 SYSTEMPATH\CodeIgniter.php(507): CodeIgniter\CodeIgniter->runController(Object(App\Controllers\HistorialMovimientoController))
 8 SYSTEMPATH\CodeIgniter.php(354): CodeIgniter\CodeIgniter->handleRequest(null, Object(Config\Cache), false)
 9 SYSTEMPATH\Boot.php(363): CodeIgniter\CodeIgniter->run()
10 SYSTEMPATH\Boot.php(68): CodeIgniter\Boot::runCodeIgniter(Object(CodeIgniter\CodeIgniter))
11 FCPATH\index.php(59): CodeIgniter\Boot::bootWeb(Object(Config\Paths))
12 SYSTEMPATH\rewrite.php(44): require_once('C:\\xampp\\htdocs\\sistemainventario\\public\\index.php')
DEBUG - 2025-09-30 17:13:08 --> Session: Class initialized using 'CodeIgniter\Session\Handlers\FileHandler' driver.
CRITICAL - 2025-09-30 18:03:19 --> ErrorException: Undefined variable $builder
[Method: GET, Route: ModMovimientos/HistorialMovimientos]
in APPPATH\Models\HistorialMovimiento\HistorialMovimientoModel.php on line 34.
 1 APPPATH\Models\HistorialMovimiento\HistorialMovimientoModel.php(34): CodeIgniter\Debug\Exceptions->errorHandler(2, 'Undefined variable $builder', 'C:\\xampp\\htdocs\\sistemainventario\\app\\Models\\HistorialMovimiento\\HistorialMovimientoModel.php', 34)
 2 APPPATH\Controllers\HistorialMovimiento\HistorialMovimientoController.php(13): App\Models\HistorialMovimiento\HistorialMovimientoModel->obtenerHistorial()
 3 SYSTEMPATH\CodeIgniter.php(933): App\Controllers\HistorialMovimiento\HistorialMovimientoController->index()
 4 SYSTEMPATH\CodeIgniter.php(507): CodeIgniter\CodeIgniter->runController(Object(App\Controllers\HistorialMovimiento\HistorialMovimientoController))
 5 SYSTEMPATH\CodeIgniter.php(354): CodeIgniter\CodeIgniter->handleRequest(null, Object(Config\Cache), false)
 6 SYSTEMPATH\Boot.php(363): CodeIgniter\CodeIgniter->run()
 7 SYSTEMPATH\Boot.php(68): CodeIgniter\Boot::runCodeIgniter(Object(CodeIgniter\CodeIgniter))
 8 FCPATH\index.php(59): CodeIgniter\Boot::bootWeb(Object(Config\Paths))
 9 SYSTEMPATH\rewrite.php(44): require_once('C:\\xampp\\htdocs\\sistemainventario\\public\\index.php')
ERROR - 2025-09-30 18:05:02 --> mysqli_sql_exception: Unknown column 'uuo.unidad_organica' in 'field list' in C:\xampp\htdocs\sistemainventario\vendor\codeigniter4\framework\system\Database\MySQLi\Connection.php:327
Stack trace:
#0 C:\xampp\htdocs\sistemainventario\vendor\codeigniter4\framework\system\Database\MySQLi\Connection.php(327): mysqli->query('SELECT `hm`.`id...', 0)
#1 C:\xampp\htdocs\sistemainventario\vendor\codeigniter4\framework\system\Database\BaseConnection.php(729): CodeIgniter\Database\MySQLi\Connection->execute('SELECT `hm`.`id...')
#2 C:\xampp\htdocs\sistemainventario\vendor\codeigniter4\framework\system\Database\BaseConnection.php(646): CodeIgniter\Database\BaseConnection->simpleQuery('SELECT `hm`.`id...')
#3 C:\xampp\htdocs\sistemainventario\vendor\codeigniter4\framework\system\Database\BaseBuilder.php(1649): CodeIgniter\Database\BaseConnection->query('SELECT `hm`.`id...', Array, false)
#4 C:\xampp\htdocs\sistemainventario\app\Models\HistorialMovimiento\HistorialMovimientoModel.php(51): CodeIgniter\Database\BaseBuilder->get()
#5 C:\xampp\htdocs\sistemainventario\app\Controllers\HistorialMovimiento\HistorialMovimientoController.php(13): App\Models\HistorialMovimiento\HistorialMovimientoModel->obtenerHistorial()
#6 C:\xampp\htdocs\sistemainventario\vendor\codeigniter4\framework\system\CodeIgniter.php(933): App\Controllers\HistorialMovimiento\HistorialMovimientoController->index()
#7 C:\xampp\htdocs\sistemainventario\vendor\codeigniter4\framework\system\CodeIgniter.php(507): CodeIgniter\CodeIgniter->runController(Object(App\Controllers\HistorialMovimiento\HistorialMovimientoController))
#8 C:\xampp\htdocs\sistemainventario\vendor\codeigniter4\framework\system\CodeIgniter.php(354): CodeIgniter\CodeIgniter->handleRequest(NULL, Object(Config\Cache), false)
#9 C:\xampp\htdocs\sistemainventario\vendor\codeigniter4\framework\system\Boot.php(363): CodeIgniter\CodeIgniter->run()
#10 C:\xampp\htdocs\sistemainventario\vendor\codeigniter4\framework\system\Boot.php(68): CodeIgniter\Boot::runCodeIgniter(Object(CodeIgniter\CodeIgniter))
#11 C:\xampp\htdocs\sistemainventario\public\index.php(59): CodeIgniter\Boot::bootWeb(Object(Config\Paths))
#12 C:\xampp\htdocs\sistemainventario\vendor\codeigniter4\framework\system\rewrite.php(44): require_once('C:\\xampp\\htdocs...')
#13 {main}
CRITICAL - 2025-09-30 18:05:02 --> CodeIgniter\Database\Exceptions\DatabaseException: Unknown column 'uuo.unidad_organica' in 'field list'
[Method: GET, Route: ModMovimientos/HistorialMovimientos]
in SYSTEMPATH\Database\BaseConnection.php on line 684.
 1 SYSTEMPATH\Database\BaseBuilder.php(1649): CodeIgniter\Database\BaseConnection->query('SELECT `hm`.`id_historial_movimiento`, `ae`.`id_asignacion`, `eq`.`codig_patrimonial`, `uuo`.`unidad_organica` AS `origen`, `uud`.`unidad_organica` AS `destino`, `hm`.`fecha_movimiento`, `u`.`nombre`, `hm`.`motivo`, `hm`.`created_at`, `hm`.`updated_at`, `hm`.`deleted_at`, `us`.`nombre` AS `Creado_por`, `usu`.`nombre` AS `Actualizado_por`, `usua`.`nombre` AS `Eliminado_por`
FROM `historial_movimiento` `hm`
JOIN `asignacion_equipo` `ae` ON `ae`.`id_asignacion` = `hm`.`id_asignacion`
JOIN `equipo` `eq` ON `eq`.`id_equipo` = `ae`.`id_equipo`
LEFT JOIN `unidad_organica` `uoo` ON `uoo`.`id_unidad_organica` = `hm`.`id_unidad_origen`
JOIN `unidad_organica` `uod` ON `uod`.`id_unidad_organica` = `hm`.`id_unidad_destino`
JOIN `usuario` `u` ON `u`.`id_usuario` = `hm`.`id_usuario`
JOIN `usuario` `us` ON `us`.`id_usuario` = `hm`.`created_by`
LEFT JOIN `usuario` `usu` ON `usu`.`id_usuario` = `hm`.`updated_by`
LEFT JOIN `usuario` `usua` ON `usua`.`id_usuario` = `hm`.`deleted_by`
ORDER BY `hm`.`fecha_movimiento` DESC', [], false)
 2 APPPATH\Models\HistorialMovimiento\HistorialMovimientoModel.php(51): CodeIgniter\Database\BaseBuilder->get()
 3 APPPATH\Controllers\HistorialMovimiento\HistorialMovimientoController.php(13): App\Models\HistorialMovimiento\HistorialMovimientoModel->obtenerHistorial()
 4 SYSTEMPATH\CodeIgniter.php(933): App\Controllers\HistorialMovimiento\HistorialMovimientoController->index()
 5 SYSTEMPATH\CodeIgniter.php(507): CodeIgniter\CodeIgniter->runController(Object(App\Controllers\HistorialMovimiento\HistorialMovimientoController))
 6 SYSTEMPATH\CodeIgniter.php(354): CodeIgniter\CodeIgniter->handleRequest(null, Object(Config\Cache), false)
 7 SYSTEMPATH\Boot.php(363): CodeIgniter\CodeIgniter->run()
 8 SYSTEMPATH\Boot.php(68): CodeIgniter\Boot::runCodeIgniter(Object(CodeIgniter\CodeIgniter))
 9 FCPATH\index.php(59): CodeIgniter\Boot::bootWeb(Object(Config\Paths))
10 SYSTEMPATH\rewrite.php(44): require_once('C:\\xampp\\htdocs\\sistemainventario\\public\\index.php')
CRITICAL - 2025-09-30 18:05:02 --> [Caused by] CodeIgniter\Database\Exceptions\DatabaseException: Unknown column 'uuo.unidad_organica' in 'field list'
in SYSTEMPATH\Database\MySQLi\Connection.php on line 332.
 1 SYSTEMPATH\Database\BaseConnection.php(729): CodeIgniter\Database\MySQLi\Connection->execute('SELECT `hm`.`id_historial_movimiento`, `ae`.`id_asignacion`, `eq`.`codig_patrimonial`, `uuo`.`unidad_organica` AS `origen`, `uud`.`unidad_organica` AS `destino`, `hm`.`fecha_movimiento`, `u`.`nombre`, `hm`.`motivo`, `hm`.`created_at`, `hm`.`updated_at`, `hm`.`deleted_at`, `us`.`nombre` AS `Creado_por`, `usu`.`nombre` AS `Actualizado_por`, `usua`.`nombre` AS `Eliminado_por`
FROM `historial_movimiento` `hm`
JOIN `asignacion_equipo` `ae` ON `ae`.`id_asignacion` = `hm`.`id_asignacion`
JOIN `equipo` `eq` ON `eq`.`id_equipo` = `ae`.`id_equipo`
LEFT JOIN `unidad_organica` `uoo` ON `uoo`.`id_unidad_organica` = `hm`.`id_unidad_origen`
JOIN `unidad_organica` `uod` ON `uod`.`id_unidad_organica` = `hm`.`id_unidad_destino`
JOIN `usuario` `u` ON `u`.`id_usuario` = `hm`.`id_usuario`
JOIN `usuario` `us` ON `us`.`id_usuario` = `hm`.`created_by`
LEFT JOIN `usuario` `usu` ON `usu`.`id_usuario` = `hm`.`updated_by`
LEFT JOIN `usuario` `usua` ON `usua`.`id_usuario` = `hm`.`deleted_by`
ORDER BY `hm`.`fecha_movimiento` DESC')
 2 SYSTEMPATH\Database\BaseConnection.php(646): CodeIgniter\Database\BaseConnection->simpleQuery('SELECT `hm`.`id_historial_movimiento`, `ae`.`id_asignacion`, `eq`.`codig_patrimonial`, `uuo`.`unidad_organica` AS `origen`, `uud`.`unidad_organica` AS `destino`, `hm`.`fecha_movimiento`, `u`.`nombre`, `hm`.`motivo`, `hm`.`created_at`, `hm`.`updated_at`, `hm`.`deleted_at`, `us`.`nombre` AS `Creado_por`, `usu`.`nombre` AS `Actualizado_por`, `usua`.`nombre` AS `Eliminado_por`
FROM `historial_movimiento` `hm`
JOIN `asignacion_equipo` `ae` ON `ae`.`id_asignacion` = `hm`.`id_asignacion`
JOIN `equipo` `eq` ON `eq`.`id_equipo` = `ae`.`id_equipo`
LEFT JOIN `unidad_organica` `uoo` ON `uoo`.`id_unidad_organica` = `hm`.`id_unidad_origen`
JOIN `unidad_organica` `uod` ON `uod`.`id_unidad_organica` = `hm`.`id_unidad_destino`
JOIN `usuario` `u` ON `u`.`id_usuario` = `hm`.`id_usuario`
JOIN `usuario` `us` ON `us`.`id_usuario` = `hm`.`created_by`
LEFT JOIN `usuario` `usu` ON `usu`.`id_usuario` = `hm`.`updated_by`
LEFT JOIN `usuario` `usua` ON `usua`.`id_usuario` = `hm`.`deleted_by`
ORDER BY `hm`.`fecha_movimiento` DESC')
 3 SYSTEMPATH\Database\BaseBuilder.php(1649): CodeIgniter\Database\BaseConnection->query('SELECT `hm`.`id_historial_movimiento`, `ae`.`id_asignacion`, `eq`.`codig_patrimonial`, `uuo`.`unidad_organica` AS `origen`, `uud`.`unidad_organica` AS `destino`, `hm`.`fecha_movimiento`, `u`.`nombre`, `hm`.`motivo`, `hm`.`created_at`, `hm`.`updated_at`, `hm`.`deleted_at`, `us`.`nombre` AS `Creado_por`, `usu`.`nombre` AS `Actualizado_por`, `usua`.`nombre` AS `Eliminado_por`
FROM `historial_movimiento` `hm`
JOIN `asignacion_equipo` `ae` ON `ae`.`id_asignacion` = `hm`.`id_asignacion`
JOIN `equipo` `eq` ON `eq`.`id_equipo` = `ae`.`id_equipo`
LEFT JOIN `unidad_organica` `uoo` ON `uoo`.`id_unidad_organica` = `hm`.`id_unidad_origen`
JOIN `unidad_organica` `uod` ON `uod`.`id_unidad_organica` = `hm`.`id_unidad_destino`
JOIN `usuario` `u` ON `u`.`id_usuario` = `hm`.`id_usuario`
JOIN `usuario` `us` ON `us`.`id_usuario` = `hm`.`created_by`
LEFT JOIN `usuario` `usu` ON `usu`.`id_usuario` = `hm`.`updated_by`
LEFT JOIN `usuario` `usua` ON `usua`.`id_usuario` = `hm`.`deleted_by`
ORDER BY `hm`.`fecha_movimiento` DESC', [], false)
 4 APPPATH\Models\HistorialMovimiento\HistorialMovimientoModel.php(51): CodeIgniter\Database\BaseBuilder->get()
 5 APPPATH\Controllers\HistorialMovimiento\HistorialMovimientoController.php(13): App\Models\HistorialMovimiento\HistorialMovimientoModel->obtenerHistorial()
 6 SYSTEMPATH\CodeIgniter.php(933): App\Controllers\HistorialMovimiento\HistorialMovimientoController->index()
 7 SYSTEMPATH\CodeIgniter.php(507): CodeIgniter\CodeIgniter->runController(Object(App\Controllers\HistorialMovimiento\HistorialMovimientoController))
 8 SYSTEMPATH\CodeIgniter.php(354): CodeIgniter\CodeIgniter->handleRequest(null, Object(Config\Cache), false)
 9 SYSTEMPATH\Boot.php(363): CodeIgniter\CodeIgniter->run()
10 SYSTEMPATH\Boot.php(68): CodeIgniter\Boot::runCodeIgniter(Object(CodeIgniter\CodeIgniter))
11 FCPATH\index.php(59): CodeIgniter\Boot::bootWeb(Object(Config\Paths))
12 SYSTEMPATH\rewrite.php(44): require_once('C:\\xampp\\htdocs\\sistemainventario\\public\\index.php')
CRITICAL - 2025-09-30 18:05:02 --> [Caused by] mysqli_sql_exception: Unknown column 'uuo.unidad_organica' in 'field list'
in SYSTEMPATH\Database\MySQLi\Connection.php on line 327.
 1 SYSTEMPATH\Database\MySQLi\Connection.php(327): mysqli->query('SELECT `hm`.`id_historial_movimiento`, `ae`.`id_asignacion`, `eq`.`codig_patrimonial`, `uuo`.`unidad_organica` AS `origen`, `uud`.`unidad_organica` AS `destino`, `hm`.`fecha_movimiento`, `u`.`nombre`, `hm`.`motivo`, `hm`.`created_at`, `hm`.`updated_at`, `hm`.`deleted_at`, `us`.`nombre` AS `Creado_por`, `usu`.`nombre` AS `Actualizado_por`, `usua`.`nombre` AS `Eliminado_por`
FROM `historial_movimiento` `hm`
JOIN `asignacion_equipo` `ae` ON `ae`.`id_asignacion` = `hm`.`id_asignacion`
JOIN `equipo` `eq` ON `eq`.`id_equipo` = `ae`.`id_equipo`
LEFT JOIN `unidad_organica` `uoo` ON `uoo`.`id_unidad_organica` = `hm`.`id_unidad_origen`
JOIN `unidad_organica` `uod` ON `uod`.`id_unidad_organica` = `hm`.`id_unidad_destino`
JOIN `usuario` `u` ON `u`.`id_usuario` = `hm`.`id_usuario`
JOIN `usuario` `us` ON `us`.`id_usuario` = `hm`.`created_by`
LEFT JOIN `usuario` `usu` ON `usu`.`id_usuario` = `hm`.`updated_by`
LEFT JOIN `usuario` `usua` ON `usua`.`id_usuario` = `hm`.`deleted_by`
ORDER BY `hm`.`fecha_movimiento` DESC', 0)
 2 SYSTEMPATH\Database\BaseConnection.php(729): CodeIgniter\Database\MySQLi\Connection->execute('SELECT `hm`.`id_historial_movimiento`, `ae`.`id_asignacion`, `eq`.`codig_patrimonial`, `uuo`.`unidad_organica` AS `origen`, `uud`.`unidad_organica` AS `destino`, `hm`.`fecha_movimiento`, `u`.`nombre`, `hm`.`motivo`, `hm`.`created_at`, `hm`.`updated_at`, `hm`.`deleted_at`, `us`.`nombre` AS `Creado_por`, `usu`.`nombre` AS `Actualizado_por`, `usua`.`nombre` AS `Eliminado_por`
FROM `historial_movimiento` `hm`
JOIN `asignacion_equipo` `ae` ON `ae`.`id_asignacion` = `hm`.`id_asignacion`
JOIN `equipo` `eq` ON `eq`.`id_equipo` = `ae`.`id_equipo`
LEFT JOIN `unidad_organica` `uoo` ON `uoo`.`id_unidad_organica` = `hm`.`id_unidad_origen`
JOIN `unidad_organica` `uod` ON `uod`.`id_unidad_organica` = `hm`.`id_unidad_destino`
JOIN `usuario` `u` ON `u`.`id_usuario` = `hm`.`id_usuario`
JOIN `usuario` `us` ON `us`.`id_usuario` = `hm`.`created_by`
LEFT JOIN `usuario` `usu` ON `usu`.`id_usuario` = `hm`.`updated_by`
LEFT JOIN `usuario` `usua` ON `usua`.`id_usuario` = `hm`.`deleted_by`
ORDER BY `hm`.`fecha_movimiento` DESC')
 3 SYSTEMPATH\Database\BaseConnection.php(646): CodeIgniter\Database\BaseConnection->simpleQuery('SELECT `hm`.`id_historial_movimiento`, `ae`.`id_asignacion`, `eq`.`codig_patrimonial`, `uuo`.`unidad_organica` AS `origen`, `uud`.`unidad_organica` AS `destino`, `hm`.`fecha_movimiento`, `u`.`nombre`, `hm`.`motivo`, `hm`.`created_at`, `hm`.`updated_at`, `hm`.`deleted_at`, `us`.`nombre` AS `Creado_por`, `usu`.`nombre` AS `Actualizado_por`, `usua`.`nombre` AS `Eliminado_por`
FROM `historial_movimiento` `hm`
JOIN `asignacion_equipo` `ae` ON `ae`.`id_asignacion` = `hm`.`id_asignacion`
JOIN `equipo` `eq` ON `eq`.`id_equipo` = `ae`.`id_equipo`
LEFT JOIN `unidad_organica` `uoo` ON `uoo`.`id_unidad_organica` = `hm`.`id_unidad_origen`
JOIN `unidad_organica` `uod` ON `uod`.`id_unidad_organica` = `hm`.`id_unidad_destino`
JOIN `usuario` `u` ON `u`.`id_usuario` = `hm`.`id_usuario`
JOIN `usuario` `us` ON `us`.`id_usuario` = `hm`.`created_by`
LEFT JOIN `usuario` `usu` ON `usu`.`id_usuario` = `hm`.`updated_by`
LEFT JOIN `usuario` `usua` ON `usua`.`id_usuario` = `hm`.`deleted_by`
ORDER BY `hm`.`fecha_movimiento` DESC')
 4 SYSTEMPATH\Database\BaseBuilder.php(1649): CodeIgniter\Database\BaseConnection->query('SELECT `hm`.`id_historial_movimiento`, `ae`.`id_asignacion`, `eq`.`codig_patrimonial`, `uuo`.`unidad_organica` AS `origen`, `uud`.`unidad_organica` AS `destino`, `hm`.`fecha_movimiento`, `u`.`nombre`, `hm`.`motivo`, `hm`.`created_at`, `hm`.`updated_at`, `hm`.`deleted_at`, `us`.`nombre` AS `Creado_por`, `usu`.`nombre` AS `Actualizado_por`, `usua`.`nombre` AS `Eliminado_por`
FROM `historial_movimiento` `hm`
JOIN `asignacion_equipo` `ae` ON `ae`.`id_asignacion` = `hm`.`id_asignacion`
JOIN `equipo` `eq` ON `eq`.`id_equipo` = `ae`.`id_equipo`
LEFT JOIN `unidad_organica` `uoo` ON `uoo`.`id_unidad_organica` = `hm`.`id_unidad_origen`
JOIN `unidad_organica` `uod` ON `uod`.`id_unidad_organica` = `hm`.`id_unidad_destino`
JOIN `usuario` `u` ON `u`.`id_usuario` = `hm`.`id_usuario`
JOIN `usuario` `us` ON `us`.`id_usuario` = `hm`.`created_by`
LEFT JOIN `usuario` `usu` ON `usu`.`id_usuario` = `hm`.`updated_by`
LEFT JOIN `usuario` `usua` ON `usua`.`id_usuario` = `hm`.`deleted_by`
ORDER BY `hm`.`fecha_movimiento` DESC', [], false)
 5 APPPATH\Models\HistorialMovimiento\HistorialMovimientoModel.php(51): CodeIgniter\Database\BaseBuilder->get()
 6 APPPATH\Controllers\HistorialMovimiento\HistorialMovimientoController.php(13): App\Models\HistorialMovimiento\HistorialMovimientoModel->obtenerHistorial()
 7 SYSTEMPATH\CodeIgniter.php(933): App\Controllers\HistorialMovimiento\HistorialMovimientoController->index()
 8 SYSTEMPATH\CodeIgniter.php(507): CodeIgniter\CodeIgniter->runController(Object(App\Controllers\HistorialMovimiento\HistorialMovimientoController))
 9 SYSTEMPATH\CodeIgniter.php(354): CodeIgniter\CodeIgniter->handleRequest(null, Object(Config\Cache), false)
10 SYSTEMPATH\Boot.php(363): CodeIgniter\CodeIgniter->run()
11 SYSTEMPATH\Boot.php(68): CodeIgniter\Boot::runCodeIgniter(Object(CodeIgniter\CodeIgniter))
12 FCPATH\index.php(59): CodeIgniter\Boot::bootWeb(Object(Config\Paths))
13 SYSTEMPATH\rewrite.php(44): require_once('C:\\xampp\\htdocs\\sistemainventario\\public\\index.php')
ERROR - 2025-09-30 18:06:46 --> mysqli_sql_exception: Unknown column 'uuo.unidad_organica' in 'field list' in C:\xampp\htdocs\sistemainventario\vendor\codeigniter4\framework\system\Database\MySQLi\Connection.php:327
Stack trace:
#0 C:\xampp\htdocs\sistemainventario\vendor\codeigniter4\framework\system\Database\MySQLi\Connection.php(327): mysqli->query('SELECT `hm`.`id...', 0)
#1 C:\xampp\htdocs\sistemainventario\vendor\codeigniter4\framework\system\Database\BaseConnection.php(729): CodeIgniter\Database\MySQLi\Connection->execute('SELECT `hm`.`id...')
#2 C:\xampp\htdocs\sistemainventario\vendor\codeigniter4\framework\system\Database\BaseConnection.php(646): CodeIgniter\Database\BaseConnection->simpleQuery('SELECT `hm`.`id...')
#3 C:\xampp\htdocs\sistemainventario\vendor\codeigniter4\framework\system\Database\BaseBuilder.php(1649): CodeIgniter\Database\BaseConnection->query('SELECT `hm`.`id...', Array, false)
#4 C:\xampp\htdocs\sistemainventario\app\Models\HistorialMovimiento\HistorialMovimientoModel.php(51): CodeIgniter\Database\BaseBuilder->get()
#5 C:\xampp\htdocs\sistemainventario\app\Controllers\HistorialMovimiento\HistorialMovimientoController.php(13): App\Models\HistorialMovimiento\HistorialMovimientoModel->obtenerHistorial()
#6 C:\xampp\htdocs\sistemainventario\vendor\codeigniter4\framework\system\CodeIgniter.php(933): App\Controllers\HistorialMovimiento\HistorialMovimientoController->index()
#7 C:\xampp\htdocs\sistemainventario\vendor\codeigniter4\framework\system\CodeIgniter.php(507): CodeIgniter\CodeIgniter->runController(Object(App\Controllers\HistorialMovimiento\HistorialMovimientoController))
#8 C:\xampp\htdocs\sistemainventario\vendor\codeigniter4\framework\system\CodeIgniter.php(354): CodeIgniter\CodeIgniter->handleRequest(NULL, Object(Config\Cache), false)
#9 C:\xampp\htdocs\sistemainventario\vendor\codeigniter4\framework\system\Boot.php(363): CodeIgniter\CodeIgniter->run()
#10 C:\xampp\htdocs\sistemainventario\vendor\codeigniter4\framework\system\Boot.php(68): CodeIgniter\Boot::runCodeIgniter(Object(CodeIgniter\CodeIgniter))
#11 C:\xampp\htdocs\sistemainventario\public\index.php(59): CodeIgniter\Boot::bootWeb(Object(Config\Paths))
#12 C:\xampp\htdocs\sistemainventario\vendor\codeigniter4\framework\system\rewrite.php(44): require_once('C:\\xampp\\htdocs...')
#13 {main}
CRITICAL - 2025-09-30 18:06:46 --> CodeIgniter\Database\Exceptions\DatabaseException: Unknown column 'uuo.unidad_organica' in 'field list'
[Method: GET, Route: ModMovimientos/HistorialMovimientos]
in SYSTEMPATH\Database\BaseConnection.php on line 684.
 1 SYSTEMPATH\Database\BaseBuilder.php(1649): CodeIgniter\Database\BaseConnection->query('SELECT `hm`.`id_historial_movimiento`, `ae`.`id_asignacion`, `eq`.`codig_patrimonial`, `uuo`.`unidad_organica` AS `origen`, `uud`.`unidad_organica` AS `destino`, `hm`.`fecha_movimiento`, `u`.`nombre`, `hm`.`motivo`, `hm`.`created_at`, `hm`.`updated_at`, `hm`.`deleted_at`, `us`.`nombre` AS `Creado_por`, `usu`.`nombre` AS `Actualizado_por`, `usua`.`nombre` AS `Eliminado_por`
FROM `historial_movimiento` `hm`
JOIN `asignacion_equipo` `ae` ON `ae`.`id_asignacion` = `hm`.`id_asignacion`
JOIN `equipo` `eq` ON `eq`.`id_equipo` = `ae`.`id_equipo`
LEFT JOIN `unidad_organica` `uoo` ON `uoo`.`id_unidad_organica` = `hm`.`id_unidad_origen`
JOIN `unidad_organica` `uod` ON `uod`.`id_unidad_organica` = `hm`.`id_unidad_destino`
JOIN `usuario` `u` ON `u`.`id_usuario` = `hm`.`id_usuario`
JOIN `usuario` `us` ON `us`.`id_usuario` = `hm`.`created_by`
LEFT JOIN `usuario` `usu` ON `usu`.`id_usuario` = `hm`.`updated_by`
LEFT JOIN `usuario` `usua` ON `usua`.`id_usuario` = `hm`.`deleted_by`
ORDER BY `hm`.`fecha_movimiento` DESC', [], false)
 2 APPPATH\Models\HistorialMovimiento\HistorialMovimientoModel.php(51): CodeIgniter\Database\BaseBuilder->get()
 3 APPPATH\Controllers\HistorialMovimiento\HistorialMovimientoController.php(13): App\Models\HistorialMovimiento\HistorialMovimientoModel->obtenerHistorial()
 4 SYSTEMPATH\CodeIgniter.php(933): App\Controllers\HistorialMovimiento\HistorialMovimientoController->index()
 5 SYSTEMPATH\CodeIgniter.php(507): CodeIgniter\CodeIgniter->runController(Object(App\Controllers\HistorialMovimiento\HistorialMovimientoController))
 6 SYSTEMPATH\CodeIgniter.php(354): CodeIgniter\CodeIgniter->handleRequest(null, Object(Config\Cache), false)
 7 SYSTEMPATH\Boot.php(363): CodeIgniter\CodeIgniter->run()
 8 SYSTEMPATH\Boot.php(68): CodeIgniter\Boot::runCodeIgniter(Object(CodeIgniter\CodeIgniter))
 9 FCPATH\index.php(59): CodeIgniter\Boot::bootWeb(Object(Config\Paths))
10 SYSTEMPATH\rewrite.php(44): require_once('C:\\xampp\\htdocs\\sistemainventario\\public\\index.php')
CRITICAL - 2025-09-30 18:06:46 --> [Caused by] CodeIgniter\Database\Exceptions\DatabaseException: Unknown column 'uuo.unidad_organica' in 'field list'
in SYSTEMPATH\Database\MySQLi\Connection.php on line 332.
 1 SYSTEMPATH\Database\BaseConnection.php(729): CodeIgniter\Database\MySQLi\Connection->execute('SELECT `hm`.`id_historial_movimiento`, `ae`.`id_asignacion`, `eq`.`codig_patrimonial`, `uuo`.`unidad_organica` AS `origen`, `uud`.`unidad_organica` AS `destino`, `hm`.`fecha_movimiento`, `u`.`nombre`, `hm`.`motivo`, `hm`.`created_at`, `hm`.`updated_at`, `hm`.`deleted_at`, `us`.`nombre` AS `Creado_por`, `usu`.`nombre` AS `Actualizado_por`, `usua`.`nombre` AS `Eliminado_por`
FROM `historial_movimiento` `hm`
JOIN `asignacion_equipo` `ae` ON `ae`.`id_asignacion` = `hm`.`id_asignacion`
JOIN `equipo` `eq` ON `eq`.`id_equipo` = `ae`.`id_equipo`
LEFT JOIN `unidad_organica` `uoo` ON `uoo`.`id_unidad_organica` = `hm`.`id_unidad_origen`
JOIN `unidad_organica` `uod` ON `uod`.`id_unidad_organica` = `hm`.`id_unidad_destino`
JOIN `usuario` `u` ON `u`.`id_usuario` = `hm`.`id_usuario`
JOIN `usuario` `us` ON `us`.`id_usuario` = `hm`.`created_by`
LEFT JOIN `usuario` `usu` ON `usu`.`id_usuario` = `hm`.`updated_by`
LEFT JOIN `usuario` `usua` ON `usua`.`id_usuario` = `hm`.`deleted_by`
ORDER BY `hm`.`fecha_movimiento` DESC')
 2 SYSTEMPATH\Database\BaseConnection.php(646): CodeIgniter\Database\BaseConnection->simpleQuery('SELECT `hm`.`id_historial_movimiento`, `ae`.`id_asignacion`, `eq`.`codig_patrimonial`, `uuo`.`unidad_organica` AS `origen`, `uud`.`unidad_organica` AS `destino`, `hm`.`fecha_movimiento`, `u`.`nombre`, `hm`.`motivo`, `hm`.`created_at`, `hm`.`updated_at`, `hm`.`deleted_at`, `us`.`nombre` AS `Creado_por`, `usu`.`nombre` AS `Actualizado_por`, `usua`.`nombre` AS `Eliminado_por`
FROM `historial_movimiento` `hm`
JOIN `asignacion_equipo` `ae` ON `ae`.`id_asignacion` = `hm`.`id_asignacion`
JOIN `equipo` `eq` ON `eq`.`id_equipo` = `ae`.`id_equipo`
LEFT JOIN `unidad_organica` `uoo` ON `uoo`.`id_unidad_organica` = `hm`.`id_unidad_origen`
JOIN `unidad_organica` `uod` ON `uod`.`id_unidad_organica` = `hm`.`id_unidad_destino`
JOIN `usuario` `u` ON `u`.`id_usuario` = `hm`.`id_usuario`
JOIN `usuario` `us` ON `us`.`id_usuario` = `hm`.`created_by`
LEFT JOIN `usuario` `usu` ON `usu`.`id_usuario` = `hm`.`updated_by`
LEFT JOIN `usuario` `usua` ON `usua`.`id_usuario` = `hm`.`deleted_by`
ORDER BY `hm`.`fecha_movimiento` DESC')
 3 SYSTEMPATH\Database\BaseBuilder.php(1649): CodeIgniter\Database\BaseConnection->query('SELECT `hm`.`id_historial_movimiento`, `ae`.`id_asignacion`, `eq`.`codig_patrimonial`, `uuo`.`unidad_organica` AS `origen`, `uud`.`unidad_organica` AS `destino`, `hm`.`fecha_movimiento`, `u`.`nombre`, `hm`.`motivo`, `hm`.`created_at`, `hm`.`updated_at`, `hm`.`deleted_at`, `us`.`nombre` AS `Creado_por`, `usu`.`nombre` AS `Actualizado_por`, `usua`.`nombre` AS `Eliminado_por`
FROM `historial_movimiento` `hm`
JOIN `asignacion_equipo` `ae` ON `ae`.`id_asignacion` = `hm`.`id_asignacion`
JOIN `equipo` `eq` ON `eq`.`id_equipo` = `ae`.`id_equipo`
LEFT JOIN `unidad_organica` `uoo` ON `uoo`.`id_unidad_organica` = `hm`.`id_unidad_origen`
JOIN `unidad_organica` `uod` ON `uod`.`id_unidad_organica` = `hm`.`id_unidad_destino`
JOIN `usuario` `u` ON `u`.`id_usuario` = `hm`.`id_usuario`
JOIN `usuario` `us` ON `us`.`id_usuario` = `hm`.`created_by`
LEFT JOIN `usuario` `usu` ON `usu`.`id_usuario` = `hm`.`updated_by`
LEFT JOIN `usuario` `usua` ON `usua`.`id_usuario` = `hm`.`deleted_by`
ORDER BY `hm`.`fecha_movimiento` DESC', [], false)
 4 APPPATH\Models\HistorialMovimiento\HistorialMovimientoModel.php(51): CodeIgniter\Database\BaseBuilder->get()
 5 APPPATH\Controllers\HistorialMovimiento\HistorialMovimientoController.php(13): App\Models\HistorialMovimiento\HistorialMovimientoModel->obtenerHistorial()
 6 SYSTEMPATH\CodeIgniter.php(933): App\Controllers\HistorialMovimiento\HistorialMovimientoController->index()
 7 SYSTEMPATH\CodeIgniter.php(507): CodeIgniter\CodeIgniter->runController(Object(App\Controllers\HistorialMovimiento\HistorialMovimientoController))
 8 SYSTEMPATH\CodeIgniter.php(354): CodeIgniter\CodeIgniter->handleRequest(null, Object(Config\Cache), false)
 9 SYSTEMPATH\Boot.php(363): CodeIgniter\CodeIgniter->run()
10 SYSTEMPATH\Boot.php(68): CodeIgniter\Boot::runCodeIgniter(Object(CodeIgniter\CodeIgniter))
11 FCPATH\index.php(59): CodeIgniter\Boot::bootWeb(Object(Config\Paths))
12 SYSTEMPATH\rewrite.php(44): require_once('C:\\xampp\\htdocs\\sistemainventario\\public\\index.php')
CRITICAL - 2025-09-30 18:06:46 --> [Caused by] mysqli_sql_exception: Unknown column 'uuo.unidad_organica' in 'field list'
in SYSTEMPATH\Database\MySQLi\Connection.php on line 327.
 1 SYSTEMPATH\Database\MySQLi\Connection.php(327): mysqli->query('SELECT `hm`.`id_historial_movimiento`, `ae`.`id_asignacion`, `eq`.`codig_patrimonial`, `uuo`.`unidad_organica` AS `origen`, `uud`.`unidad_organica` AS `destino`, `hm`.`fecha_movimiento`, `u`.`nombre`, `hm`.`motivo`, `hm`.`created_at`, `hm`.`updated_at`, `hm`.`deleted_at`, `us`.`nombre` AS `Creado_por`, `usu`.`nombre` AS `Actualizado_por`, `usua`.`nombre` AS `Eliminado_por`
FROM `historial_movimiento` `hm`
JOIN `asignacion_equipo` `ae` ON `ae`.`id_asignacion` = `hm`.`id_asignacion`
JOIN `equipo` `eq` ON `eq`.`id_equipo` = `ae`.`id_equipo`
LEFT JOIN `unidad_organica` `uoo` ON `uoo`.`id_unidad_organica` = `hm`.`id_unidad_origen`
JOIN `unidad_organica` `uod` ON `uod`.`id_unidad_organica` = `hm`.`id_unidad_destino`
JOIN `usuario` `u` ON `u`.`id_usuario` = `hm`.`id_usuario`
JOIN `usuario` `us` ON `us`.`id_usuario` = `hm`.`created_by`
LEFT JOIN `usuario` `usu` ON `usu`.`id_usuario` = `hm`.`updated_by`
LEFT JOIN `usuario` `usua` ON `usua`.`id_usuario` = `hm`.`deleted_by`
ORDER BY `hm`.`fecha_movimiento` DESC', 0)
 2 SYSTEMPATH\Database\BaseConnection.php(729): CodeIgniter\Database\MySQLi\Connection->execute('SELECT `hm`.`id_historial_movimiento`, `ae`.`id_asignacion`, `eq`.`codig_patrimonial`, `uuo`.`unidad_organica` AS `origen`, `uud`.`unidad_organica` AS `destino`, `hm`.`fecha_movimiento`, `u`.`nombre`, `hm`.`motivo`, `hm`.`created_at`, `hm`.`updated_at`, `hm`.`deleted_at`, `us`.`nombre` AS `Creado_por`, `usu`.`nombre` AS `Actualizado_por`, `usua`.`nombre` AS `Eliminado_por`
FROM `historial_movimiento` `hm`
JOIN `asignacion_equipo` `ae` ON `ae`.`id_asignacion` = `hm`.`id_asignacion`
JOIN `equipo` `eq` ON `eq`.`id_equipo` = `ae`.`id_equipo`
LEFT JOIN `unidad_organica` `uoo` ON `uoo`.`id_unidad_organica` = `hm`.`id_unidad_origen`
JOIN `unidad_organica` `uod` ON `uod`.`id_unidad_organica` = `hm`.`id_unidad_destino`
JOIN `usuario` `u` ON `u`.`id_usuario` = `hm`.`id_usuario`
JOIN `usuario` `us` ON `us`.`id_usuario` = `hm`.`created_by`
LEFT JOIN `usuario` `usu` ON `usu`.`id_usuario` = `hm`.`updated_by`
LEFT JOIN `usuario` `usua` ON `usua`.`id_usuario` = `hm`.`deleted_by`
ORDER BY `hm`.`fecha_movimiento` DESC')
 3 SYSTEMPATH\Database\BaseConnection.php(646): CodeIgniter\Database\BaseConnection->simpleQuery('SELECT `hm`.`id_historial_movimiento`, `ae`.`id_asignacion`, `eq`.`codig_patrimonial`, `uuo`.`unidad_organica` AS `origen`, `uud`.`unidad_organica` AS `destino`, `hm`.`fecha_movimiento`, `u`.`nombre`, `hm`.`motivo`, `hm`.`created_at`, `hm`.`updated_at`, `hm`.`deleted_at`, `us`.`nombre` AS `Creado_por`, `usu`.`nombre` AS `Actualizado_por`, `usua`.`nombre` AS `Eliminado_por`
FROM `historial_movimiento` `hm`
JOIN `asignacion_equipo` `ae` ON `ae`.`id_asignacion` = `hm`.`id_asignacion`
JOIN `equipo` `eq` ON `eq`.`id_equipo` = `ae`.`id_equipo`
LEFT JOIN `unidad_organica` `uoo` ON `uoo`.`id_unidad_organica` = `hm`.`id_unidad_origen`
JOIN `unidad_organica` `uod` ON `uod`.`id_unidad_organica` = `hm`.`id_unidad_destino`
JOIN `usuario` `u` ON `u`.`id_usuario` = `hm`.`id_usuario`
JOIN `usuario` `us` ON `us`.`id_usuario` = `hm`.`created_by`
LEFT JOIN `usuario` `usu` ON `usu`.`id_usuario` = `hm`.`updated_by`
LEFT JOIN `usuario` `usua` ON `usua`.`id_usuario` = `hm`.`deleted_by`
ORDER BY `hm`.`fecha_movimiento` DESC')
 4 SYSTEMPATH\Database\BaseBuilder.php(1649): CodeIgniter\Database\BaseConnection->query('SELECT `hm`.`id_historial_movimiento`, `ae`.`id_asignacion`, `eq`.`codig_patrimonial`, `uuo`.`unidad_organica` AS `origen`, `uud`.`unidad_organica` AS `destino`, `hm`.`fecha_movimiento`, `u`.`nombre`, `hm`.`motivo`, `hm`.`created_at`, `hm`.`updated_at`, `hm`.`deleted_at`, `us`.`nombre` AS `Creado_por`, `usu`.`nombre` AS `Actualizado_por`, `usua`.`nombre` AS `Eliminado_por`
FROM `historial_movimiento` `hm`
JOIN `asignacion_equipo` `ae` ON `ae`.`id_asignacion` = `hm`.`id_asignacion`
JOIN `equipo` `eq` ON `eq`.`id_equipo` = `ae`.`id_equipo`
LEFT JOIN `unidad_organica` `uoo` ON `uoo`.`id_unidad_organica` = `hm`.`id_unidad_origen`
JOIN `unidad_organica` `uod` ON `uod`.`id_unidad_organica` = `hm`.`id_unidad_destino`
JOIN `usuario` `u` ON `u`.`id_usuario` = `hm`.`id_usuario`
JOIN `usuario` `us` ON `us`.`id_usuario` = `hm`.`created_by`
LEFT JOIN `usuario` `usu` ON `usu`.`id_usuario` = `hm`.`updated_by`
LEFT JOIN `usuario` `usua` ON `usua`.`id_usuario` = `hm`.`deleted_by`
ORDER BY `hm`.`fecha_movimiento` DESC', [], false)
 5 APPPATH\Models\HistorialMovimiento\HistorialMovimientoModel.php(51): CodeIgniter\Database\BaseBuilder->get()
 6 APPPATH\Controllers\HistorialMovimiento\HistorialMovimientoController.php(13): App\Models\HistorialMovimiento\HistorialMovimientoModel->obtenerHistorial()
 7 SYSTEMPATH\CodeIgniter.php(933): App\Controllers\HistorialMovimiento\HistorialMovimientoController->index()
 8 SYSTEMPATH\CodeIgniter.php(507): CodeIgniter\CodeIgniter->runController(Object(App\Controllers\HistorialMovimiento\HistorialMovimientoController))
 9 SYSTEMPATH\CodeIgniter.php(354): CodeIgniter\CodeIgniter->handleRequest(null, Object(Config\Cache), false)
10 SYSTEMPATH\Boot.php(363): CodeIgniter\CodeIgniter->run()
11 SYSTEMPATH\Boot.php(68): CodeIgniter\Boot::runCodeIgniter(Object(CodeIgniter\CodeIgniter))
12 FCPATH\index.php(59): CodeIgniter\Boot::bootWeb(Object(Config\Paths))
13 SYSTEMPATH\rewrite.php(44): require_once('C:\\xampp\\htdocs\\sistemainventario\\public\\index.php')
DEBUG - 2025-09-30 18:15:22 --> Session: Class initialized using 'CodeIgniter\Session\Handlers\FileHandler' driver.
DEBUG - 2025-09-30 18:19:17 --> Session: Class initialized using 'CodeIgniter\Session\Handlers\FileHandler' driver.
CRITICAL - 2025-09-30 20:44:16 --> ErrorException: Undefined variable $a
[Method: GET, Route: GestionEquipos]
in APPPATH\Views\GestionEquipos.php on line 43.
 1 APPPATH\Views\GestionEquipos.php(43): CodeIgniter\Debug\Exceptions->errorHandler(2, 'Undefined variable $a', 'C:\\xampp\\htdocs\\sistemainventario\\app\\Views\\GestionEquipos.php', 43)
 2 SYSTEMPATH\View\View.php(226): include('C:\\xampp\\htdocs\\sistemainventario\\app\\Views\\GestionEquipos.php')
 3 SYSTEMPATH\View\View.php(229): CodeIgniter\View\View->CodeIgniter\View\{closure}()
 4 SYSTEMPATH\Common.php(1167): CodeIgniter\View\View->render('GestionEquipos', [], true)
 5 APPPATH\Controllers\GestionEquipoController.php(39): view('GestionEquipos', [...])
 6 SYSTEMPATH\CodeIgniter.php(933): App\Controllers\GestionEquipoController->index()
 7 SYSTEMPATH\CodeIgniter.php(507): CodeIgniter\CodeIgniter->runController(Object(App\Controllers\GestionEquipoController))
 8 SYSTEMPATH\CodeIgniter.php(354): CodeIgniter\CodeIgniter->handleRequest(null, Object(Config\Cache), false)
 9 SYSTEMPATH\Boot.php(363): CodeIgniter\CodeIgniter->run()
10 SYSTEMPATH\Boot.php(68): CodeIgniter\Boot::runCodeIgniter(Object(CodeIgniter\CodeIgniter))
11 FCPATH\index.php(59): CodeIgniter\Boot::bootWeb(Object(Config\Paths))
12 SYSTEMPATH\rewrite.php(44): require_once('C:\\xampp\\htdocs\\sistemainventario\\public\\index.php')
CRITICAL - 2025-09-30 20:44:39 --> ErrorException: Undefined variable $a
[Method: GET, Route: GestionEquipos]
in APPPATH\Views\GestionEquipos.php on line 43.
 1 APPPATH\Views\GestionEquipos.php(43): CodeIgniter\Debug\Exceptions->errorHandler(2, 'Undefined variable $a', 'C:\\xampp\\htdocs\\sistemainventario\\app\\Views\\GestionEquipos.php', 43)
 2 SYSTEMPATH\View\View.php(226): include('C:\\xampp\\htdocs\\sistemainventario\\app\\Views\\GestionEquipos.php')
 3 SYSTEMPATH\View\View.php(229): CodeIgniter\View\View->CodeIgniter\View\{closure}()
 4 SYSTEMPATH\Common.php(1167): CodeIgniter\View\View->render('GestionEquipos', [], true)
 5 APPPATH\Controllers\GestionEquipoController.php(39): view('GestionEquipos', [...])
 6 SYSTEMPATH\CodeIgniter.php(933): App\Controllers\GestionEquipoController->index()
 7 SYSTEMPATH\CodeIgniter.php(507): CodeIgniter\CodeIgniter->runController(Object(App\Controllers\GestionEquipoController))
 8 SYSTEMPATH\CodeIgniter.php(354): CodeIgniter\CodeIgniter->handleRequest(null, Object(Config\Cache), false)
 9 SYSTEMPATH\Boot.php(363): CodeIgniter\CodeIgniter->run()
10 SYSTEMPATH\Boot.php(68): CodeIgniter\Boot::runCodeIgniter(Object(CodeIgniter\CodeIgniter))
11 FCPATH\index.php(59): CodeIgniter\Boot::bootWeb(Object(Config\Paths))
12 SYSTEMPATH\rewrite.php(44): require_once('C:\\xampp\\htdocs\\sistemainventario\\public\\index.php')
CRITICAL - 2025-09-30 20:44:40 --> ErrorException: Undefined variable $a
[Method: GET, Route: GestionEquipos]
in APPPATH\Views\GestionEquipos.php on line 43.
 1 APPPATH\Views\GestionEquipos.php(43): CodeIgniter\Debug\Exceptions->errorHandler(2, 'Undefined variable $a', 'C:\\xampp\\htdocs\\sistemainventario\\app\\Views\\GestionEquipos.php', 43)
 2 SYSTEMPATH\View\View.php(226): include('C:\\xampp\\htdocs\\sistemainventario\\app\\Views\\GestionEquipos.php')
 3 SYSTEMPATH\View\View.php(229): CodeIgniter\View\View->CodeIgniter\View\{closure}()
 4 SYSTEMPATH\Common.php(1167): CodeIgniter\View\View->render('GestionEquipos', [], true)
 5 APPPATH\Controllers\GestionEquipoController.php(39): view('GestionEquipos', [...])
 6 SYSTEMPATH\CodeIgniter.php(933): App\Controllers\GestionEquipoController->index()
 7 SYSTEMPATH\CodeIgniter.php(507): CodeIgniter\CodeIgniter->runController(Object(App\Controllers\GestionEquipoController))
 8 SYSTEMPATH\CodeIgniter.php(354): CodeIgniter\CodeIgniter->handleRequest(null, Object(Config\Cache), false)
 9 SYSTEMPATH\Boot.php(363): CodeIgniter\CodeIgniter->run()
10 SYSTEMPATH\Boot.php(68): CodeIgniter\Boot::runCodeIgniter(Object(CodeIgniter\CodeIgniter))
11 FCPATH\index.php(59): CodeIgniter\Boot::bootWeb(Object(Config\Paths))
12 SYSTEMPATH\rewrite.php(44): require_once('C:\\xampp\\htdocs\\sistemainventario\\public\\index.php')
CRITICAL - 2025-09-30 20:56:00 --> ErrorException: Undefined array key "codigoPatrimonial"
[Method: GET, Route: ModAsignacion/asignaciones]
in APPPATH\Views\ModAsignacion\asignaciones.php on line 60.
 1 APPPATH\Views\ModAsignacion\asignaciones.php(60): CodeIgniter\Debug\Exceptions->errorHandler(2, 'Undefined array key "codigoPatrimonial"', 'C:\\xampp\\htdocs\\sistemainventario\\app\\Views\\ModAsignacion\\asignaciones.php', 60)
 2 SYSTEMPATH\View\View.php(226): include('C:\\xampp\\htdocs\\sistemainventario\\app\\Views\\ModAsignacion\\asignaciones.php')
 3 SYSTEMPATH\View\View.php(229): CodeIgniter\View\View->CodeIgniter\View\{closure}()
 4 SYSTEMPATH\Common.php(1167): CodeIgniter\View\View->render('ModAsignacion/asignaciones', [], true)
 5 APPPATH\Controllers\AsignacionEquipo\AsignacionEquipoController.php(16): view('ModAsignacion/asignaciones', [...])
 6 SYSTEMPATH\CodeIgniter.php(933): App\Controllers\AsignacionEquipo\AsignacionEquipoController->index()
 7 SYSTEMPATH\CodeIgniter.php(507): CodeIgniter\CodeIgniter->runController(Object(App\Controllers\AsignacionEquipo\AsignacionEquipoController))
 8 SYSTEMPATH\CodeIgniter.php(354): CodeIgniter\CodeIgniter->handleRequest(null, Object(Config\Cache), false)
 9 SYSTEMPATH\Boot.php(363): CodeIgniter\CodeIgniter->run()
10 SYSTEMPATH\Boot.php(68): CodeIgniter\Boot::runCodeIgniter(Object(CodeIgniter\CodeIgniter))
11 FCPATH\index.php(59): CodeIgniter\Boot::bootWeb(Object(Config\Paths))
12 SYSTEMPATH\rewrite.php(44): require_once('C:\\xampp\\htdocs\\sistemainventario\\public\\index.php')
CRITICAL - 2025-09-30 20:56:46 --> ErrorException: Undefined array key "codigoPatrimonial"
[Method: GET, Route: ModAsignacion/asignaciones]
in APPPATH\Views\ModAsignacion\asignaciones.php on line 60.
 1 APPPATH\Views\ModAsignacion\asignaciones.php(60): CodeIgniter\Debug\Exceptions->errorHandler(2, 'Undefined array key "codigoPatrimonial"', 'C:\\xampp\\htdocs\\sistemainventario\\app\\Views\\ModAsignacion\\asignaciones.php', 60)
 2 SYSTEMPATH\View\View.php(226): include('C:\\xampp\\htdocs\\sistemainventario\\app\\Views\\ModAsignacion\\asignaciones.php')
 3 SYSTEMPATH\View\View.php(229): CodeIgniter\View\View->CodeIgniter\View\{closure}()
 4 SYSTEMPATH\Common.php(1167): CodeIgniter\View\View->render('ModAsignacion/asignaciones', [], true)
 5 APPPATH\Controllers\AsignacionEquipo\AsignacionEquipoController.php(16): view('ModAsignacion/asignaciones', [...])
 6 SYSTEMPATH\CodeIgniter.php(933): App\Controllers\AsignacionEquipo\AsignacionEquipoController->index()
 7 SYSTEMPATH\CodeIgniter.php(507): CodeIgniter\CodeIgniter->runController(Object(App\Controllers\AsignacionEquipo\AsignacionEquipoController))
 8 SYSTEMPATH\CodeIgniter.php(354): CodeIgniter\CodeIgniter->handleRequest(null, Object(Config\Cache), false)
 9 SYSTEMPATH\Boot.php(363): CodeIgniter\CodeIgniter->run()
10 SYSTEMPATH\Boot.php(68): CodeIgniter\Boot::runCodeIgniter(Object(CodeIgniter\CodeIgniter))
11 FCPATH\index.php(59): CodeIgniter\Boot::bootWeb(Object(Config\Paths))
12 SYSTEMPATH\rewrite.php(44): require_once('C:\\xampp\\htdocs\\sistemainventario\\public\\index.php')
DEBUG - 2025-09-30 20:57:20 --> Session: Class initialized using 'CodeIgniter\Session\Handlers\FileHandler' driver.
DEBUG - 2025-09-30 20:57:25 --> Session: Class initialized using 'CodeIgniter\Session\Handlers\FileHandler' driver.
DEBUG - 2025-09-30 20:57:30 --> Session: Class initialized using 'CodeIgniter\Session\Handlers\FileHandler' driver.
DEBUG - 2025-09-30 20:57:36 --> Session: Class initialized using 'CodeIgniter\Session\Handlers\FileHandler' driver.
DEBUG - 2025-09-30 20:58:35 --> Session: Class initialized using 'CodeIgniter\Session\Handlers\FileHandler' driver.
DEBUG - 2025-09-30 21:36:04 --> Session: Class initialized using 'CodeIgniter\Session\Handlers\FileHandler' driver.
DEBUG - 2025-09-30 21:38:42 --> Session: Class initialized using 'CodeIgniter\Session\Handlers\FileHandler' driver.
DEBUG - 2025-09-30 21:44:23 --> Session: Class initialized using 'CodeIgniter\Session\Handlers\FileHandler' driver.
DEBUG - 2025-09-30 21:44:45 --> Session: Class initialized using 'CodeIgniter\Session\Handlers\FileHandler' driver.
DEBUG - 2025-09-30 22:31:27 --> Session: Class initialized using 'CodeIgniter\Session\Handlers\FileHandler' driver.
DEBUG - 2025-09-30 22:32:02 --> Session: Class initialized using 'CodeIgniter\Session\Handlers\FileHandler' driver.
DEBUG - 2025-09-30 22:32:07 --> Session: Class initialized using 'CodeIgniter\Session\Handlers\FileHandler' driver.
DEBUG - 2025-09-30 22:32:20 --> Session: Class initialized using 'CodeIgniter\Session\Handlers\FileHandler' driver.
DEBUG - 2025-09-30 22:32:24 --> Session: Class initialized using 'CodeIgniter\Session\Handlers\FileHandler' driver.
DEBUG - 2025-09-30 23:54:07 --> Session: Class initialized using 'CodeIgniter\Session\Handlers\FileHandler' driver.
DEBUG - 2025-09-30 23:54:21 --> Session: Class initialized using 'CodeIgniter\Session\Handlers\FileHandler' driver.
DEBUG - 2025-09-30 23:54:29 --> Session: Class initialized using 'CodeIgniter\Session\Handlers\FileHandler' driver.
DEBUG - 2025-09-30 23:54:33 --> Session: Class initialized using 'CodeIgniter\Session\Handlers\FileHandler' driver.
