CRITICAL - 2025-08-31 12:21:52 --> ErrorException: Undefined array key "tipo"
[Method: GET, Route: equipos]
in APPPATH\Views\equipos\index.php on line 24.
 1 APPPATH\Views\equipos\index.php(24): CodeIgniter\Debug\Exceptions->errorHandler(2, 'Undefined array key "tipo"', 'C:\\xampp\\htdocs\\sistemainventario\\app\\Views\\equipos\\index.php', 24)
 2 SYSTEMPATH\View\View.php(226): include('C:\\xampp\\htdocs\\sistemainventario\\app\\Views\\equipos\\index.php')
 3 SYSTEMPATH\View\View.php(229): CodeIgniter\View\View->CodeIgniter\View\{closure}()
 4 SYSTEMPATH\Common.php(1167): CodeIgniter\View\View->render('equipos/index', [], true)
 5 APPPATH\Controllers\Equipos.php(13): view('equipos/index', [...])
 6 SYSTEMPATH\CodeIgniter.php(933): App\Controllers\Equipos->index()
 7 SYSTEMPATH\CodeIgniter.php(507): CodeIgniter\CodeIgniter->runController(Object(App\Controllers\Equipos))
 8 SYSTEMPATH\CodeIgniter.php(354): CodeIgniter\CodeIgniter->handleRequest(null, Object(Config\Cache), false)
 9 SYSTEMPATH\Boot.php(363): CodeIgniter\CodeIgniter->run()
10 SYSTEMPATH\Boot.php(68): CodeIgniter\Boot::runCodeIgniter(Object(CodeIgniter\CodeIgniter))
11 FCPATH\index.php(59): CodeIgniter\Boot::bootWeb(Object(Config\Paths))
CRITICAL - 2025-08-31 12:22:17 --> CodeIgniter\Exceptions\BadMethodCallException: Call to undefined method App\Models\EquipoModel::innerJoin
[Method: GET, Route: equipos]
in SYSTEMPATH\Model.php on line 927.
 1 APPPATH\Controllers\Equipos.php(12): CodeIgniter\Model->__call('innerJoin', [])
 2 SYSTEMPATH\CodeIgniter.php(933): App\Controllers\Equipos->index()
 3 SYSTEMPATH\CodeIgniter.php(507): CodeIgniter\CodeIgniter->runController(Object(App\Controllers\Equipos))
 4 SYSTEMPATH\CodeIgniter.php(354): CodeIgniter\CodeIgniter->handleRequest(null, Object(Config\Cache), false)
 5 SYSTEMPATH\Boot.php(363): CodeIgniter\CodeIgniter->run()
 6 SYSTEMPATH\Boot.php(68): CodeIgniter\Boot::runCodeIgniter(Object(CodeIgniter\CodeIgniter))
 7 FCPATH\index.php(59): CodeIgniter\Boot::bootWeb(Object(Config\Paths))
CRITICAL - 2025-08-31 12:22:36 --> CodeIgniter\Exceptions\BadMethodCallException: Call to undefined method App\Models\EquipoModel::innerJoin
[Method: GET, Route: equipos]
in SYSTEMPATH\Model.php on line 927.
 1 APPPATH\Controllers\Equipos.php(12): CodeIgniter\Model->__call('innerJoin', [])
 2 SYSTEMPATH\CodeIgniter.php(933): App\Controllers\Equipos->index()
 3 SYSTEMPATH\CodeIgniter.php(507): CodeIgniter\CodeIgniter->runController(Object(App\Controllers\Equipos))
 4 SYSTEMPATH\CodeIgniter.php(354): CodeIgniter\CodeIgniter->handleRequest(null, Object(Config\Cache), false)
 5 SYSTEMPATH\Boot.php(363): CodeIgniter\CodeIgniter->run()
 6 SYSTEMPATH\Boot.php(68): CodeIgniter\Boot::runCodeIgniter(Object(CodeIgniter\CodeIgniter))
 7 FCPATH\index.php(59): CodeIgniter\Boot::bootWeb(Object(Config\Paths))
CRITICAL - 2025-08-31 12:27:54 --> TypeError: Cannot access offset of type string on string
[Method: GET, Route: equipos]
in APPPATH\Views\equipos\index.php on line 23.
 1 SYSTEMPATH\View\View.php(226): include()
 2 SYSTEMPATH\View\View.php(229): CodeIgniter\View\View->CodeIgniter\View\{closure}()
 3 SYSTEMPATH\Common.php(1167): CodeIgniter\View\View->render('equipos/index', [], true)
 4 APPPATH\Controllers\Equipos.php(13): view('equipos/index', [...])
 5 SYSTEMPATH\CodeIgniter.php(933): App\Controllers\Equipos->index()
 6 SYSTEMPATH\CodeIgniter.php(507): CodeIgniter\CodeIgniter->runController(Object(App\Controllers\Equipos))
 7 SYSTEMPATH\CodeIgniter.php(354): CodeIgniter\CodeIgniter->handleRequest(null, Object(Config\Cache), false)
 8 SYSTEMPATH\Boot.php(363): CodeIgniter\CodeIgniter->run()
 9 SYSTEMPATH\Boot.php(68): CodeIgniter\Boot::runCodeIgniter(Object(CodeIgniter\CodeIgniter))
10 FCPATH\index.php(59): CodeIgniter\Boot::bootWeb(Object(Config\Paths))
CRITICAL - 2025-08-31 12:32:03 --> Error: Object of type CodeIgniter\Database\MySQLi\Builder is not callable
[Method: GET, Route: equipos]
in APPPATH\Models\EquipoModel.php on line 21.
 1 APPPATH\Controllers\Equipos.php(12): App\Models\EquipoModel->obtenerJoin()
 2 SYSTEMPATH\CodeIgniter.php(933): App\Controllers\Equipos->index()
 3 SYSTEMPATH\CodeIgniter.php(507): CodeIgniter\CodeIgniter->runController(Object(App\Controllers\Equipos))
 4 SYSTEMPATH\CodeIgniter.php(354): CodeIgniter\CodeIgniter->handleRequest(null, Object(Config\Cache), false)
 5 SYSTEMPATH\Boot.php(363): CodeIgniter\CodeIgniter->run()
 6 SYSTEMPATH\Boot.php(68): CodeIgniter\Boot::runCodeIgniter(Object(CodeIgniter\CodeIgniter))
 7 FCPATH\index.php(59): CodeIgniter\Boot::bootWeb(Object(Config\Paths))
CRITICAL - 2025-08-31 12:33:27 --> Error: Object of type CodeIgniter\Database\MySQLi\Builder is not callable
[Method: GET, Route: equipos]
in APPPATH\Models\EquipoModel.php on line 21.
 1 APPPATH\Controllers\Equipos.php(12): App\Models\EquipoModel->obtenerJoin()
 2 SYSTEMPATH\CodeIgniter.php(933): App\Controllers\Equipos->index()
 3 SYSTEMPATH\CodeIgniter.php(507): CodeIgniter\CodeIgniter->runController(Object(App\Controllers\Equipos))
 4 SYSTEMPATH\CodeIgniter.php(354): CodeIgniter\CodeIgniter->handleRequest(null, Object(Config\Cache), false)
 5 SYSTEMPATH\Boot.php(363): CodeIgniter\CodeIgniter->run()
 6 SYSTEMPATH\Boot.php(68): CodeIgniter\Boot::runCodeIgniter(Object(CodeIgniter\CodeIgniter))
 7 FCPATH\index.php(59): CodeIgniter\Boot::bootWeb(Object(Config\Paths))
CRITICAL - 2025-08-31 12:33:48 --> Error: Object of type CodeIgniter\Database\MySQLi\Builder is not callable
[Method: GET, Route: equipos]
in APPPATH\Models\EquipoModel.php on line 21.
 1 APPPATH\Controllers\Equipos.php(12): App\Models\EquipoModel->obtenerJoin()
 2 SYSTEMPATH\CodeIgniter.php(933): App\Controllers\Equipos->index()
 3 SYSTEMPATH\CodeIgniter.php(507): CodeIgniter\CodeIgniter->runController(Object(App\Controllers\Equipos))
 4 SYSTEMPATH\CodeIgniter.php(354): CodeIgniter\CodeIgniter->handleRequest(null, Object(Config\Cache), false)
 5 SYSTEMPATH\Boot.php(363): CodeIgniter\CodeIgniter->run()
 6 SYSTEMPATH\Boot.php(68): CodeIgniter\Boot::runCodeIgniter(Object(CodeIgniter\CodeIgniter))
 7 FCPATH\index.php(59): CodeIgniter\Boot::bootWeb(Object(Config\Paths))
CRITICAL - 2025-08-31 12:33:50 --> Error: Object of type CodeIgniter\Database\MySQLi\Builder is not callable
[Method: GET, Route: equipos]
in APPPATH\Models\EquipoModel.php on line 21.
 1 APPPATH\Controllers\Equipos.php(12): App\Models\EquipoModel->obtenerJoin()
 2 SYSTEMPATH\CodeIgniter.php(933): App\Controllers\Equipos->index()
 3 SYSTEMPATH\CodeIgniter.php(507): CodeIgniter\CodeIgniter->runController(Object(App\Controllers\Equipos))
 4 SYSTEMPATH\CodeIgniter.php(354): CodeIgniter\CodeIgniter->handleRequest(null, Object(Config\Cache), false)
 5 SYSTEMPATH\Boot.php(363): CodeIgniter\CodeIgniter->run()
 6 SYSTEMPATH\Boot.php(68): CodeIgniter\Boot::runCodeIgniter(Object(CodeIgniter\CodeIgniter))
 7 FCPATH\index.php(59): CodeIgniter\Boot::bootWeb(Object(Config\Paths))
CRITICAL - 2025-08-31 12:36:34 --> Error: Object of type CodeIgniter\Database\MySQLi\Builder is not callable
[Method: GET, Route: equipos]
in APPPATH\Models\EquipoModel.php on line 21.
 1 APPPATH\Controllers\Equipos.php(12): App\Models\EquipoModel->obtenerJoin()
 2 SYSTEMPATH\CodeIgniter.php(933): App\Controllers\Equipos->index()
 3 SYSTEMPATH\CodeIgniter.php(507): CodeIgniter\CodeIgniter->runController(Object(App\Controllers\Equipos))
 4 SYSTEMPATH\CodeIgniter.php(354): CodeIgniter\CodeIgniter->handleRequest(null, Object(Config\Cache), false)
 5 SYSTEMPATH\Boot.php(363): CodeIgniter\CodeIgniter->run()
 6 SYSTEMPATH\Boot.php(68): CodeIgniter\Boot::runCodeIgniter(Object(CodeIgniter\CodeIgniter))
 7 FCPATH\index.php(59): CodeIgniter\Boot::bootWeb(Object(Config\Paths))
ERROR - 2025-08-31 12:45:08 --> mysqli_sql_exception: Unknown column 'equipo.unidadOrganicaEquipo' in 'on clause' in C:\xampp\htdocs\sistemainventario\vendor\codeigniter4\framework\system\Database\MySQLi\Connection.php:327
Stack trace:
#0 C:\xampp\htdocs\sistemainventario\vendor\codeigniter4\framework\system\Database\MySQLi\Connection.php(327): mysqli->query('SELECT `equipo`...', 0)
#1 C:\xampp\htdocs\sistemainventario\vendor\codeigniter4\framework\system\Database\BaseConnection.php(729): CodeIgniter\Database\MySQLi\Connection->execute('SELECT `equipo`...')
#2 C:\xampp\htdocs\sistemainventario\vendor\codeigniter4\framework\system\Database\BaseConnection.php(646): CodeIgniter\Database\BaseConnection->simpleQuery('SELECT `equipo`...')
#3 C:\xampp\htdocs\sistemainventario\vendor\codeigniter4\framework\system\Database\BaseBuilder.php(1649): CodeIgniter\Database\BaseConnection->query('SELECT `equipo`...', Array, false)
#4 C:\xampp\htdocs\sistemainventario\app\Models\EquipoModel.php(33): CodeIgniter\Database\BaseBuilder->get()
#5 C:\xampp\htdocs\sistemainventario\app\Controllers\Equipos.php(12): App\Models\EquipoModel->obtenerJoin()
#6 C:\xampp\htdocs\sistemainventario\vendor\codeigniter4\framework\system\CodeIgniter.php(933): App\Controllers\Equipos->index()
#7 C:\xampp\htdocs\sistemainventario\vendor\codeigniter4\framework\system\CodeIgniter.php(507): CodeIgniter\CodeIgniter->runController(Object(App\Controllers\Equipos))
#8 C:\xampp\htdocs\sistemainventario\vendor\codeigniter4\framework\system\CodeIgniter.php(354): CodeIgniter\CodeIgniter->handleRequest(NULL, Object(Config\Cache), false)
#9 C:\xampp\htdocs\sistemainventario\vendor\codeigniter4\framework\system\Boot.php(363): CodeIgniter\CodeIgniter->run()
#10 C:\xampp\htdocs\sistemainventario\vendor\codeigniter4\framework\system\Boot.php(68): CodeIgniter\Boot::runCodeIgniter(Object(CodeIgniter\CodeIgniter))
#11 C:\xampp\htdocs\sistemainventario\public\index.php(59): CodeIgniter\Boot::bootWeb(Object(Config\Paths))
#12 {main}
CRITICAL - 2025-08-31 12:45:08 --> CodeIgniter\Database\Exceptions\DatabaseException: Unknown column 'equipo.unidadOrganicaEquipo' in 'on clause'
[Method: GET, Route: equipos]
in SYSTEMPATH\Database\BaseConnection.php on line 684.
 1 SYSTEMPATH\Database\BaseBuilder.php(1649): CodeIgniter\Database\BaseConnection->query('SELECT `equipo`.`id_equipo`, `tipo_equipo`.`nombre` AS `tipo`, `estadoequipo`.`estado` AS `estado`, `modelo`.`modelo` AS `modelo`, `unidad_organica`.`nombre` AS `unidad`
FROM `equipo`
JOIN `tipo_equipo` ON `tipo_equipo`.`id_tipo` = `equipo`.`id_tipoEquipo`
JOIN `estadoequipo` ON `estadoequipo`.`id_estado` = `equipo`.`id_estadoEquipo`
JOIN `modelo` ON `modelo`.`id_modelo` = `equipo`.`id_modeloEquipo`
JOIN `unidad_organica` ON `unidad_organica`.`id_unidadOrganica` = `equipo`.`unidadOrganicaEquipo`', [], false)
 2 APPPATH\Models\EquipoModel.php(33): CodeIgniter\Database\BaseBuilder->get()
 3 APPPATH\Controllers\Equipos.php(12): App\Models\EquipoModel->obtenerJoin()
 4 SYSTEMPATH\CodeIgniter.php(933): App\Controllers\Equipos->index()
 5 SYSTEMPATH\CodeIgniter.php(507): CodeIgniter\CodeIgniter->runController(Object(App\Controllers\Equipos))
 6 SYSTEMPATH\CodeIgniter.php(354): CodeIgniter\CodeIgniter->handleRequest(null, Object(Config\Cache), false)
 7 SYSTEMPATH\Boot.php(363): CodeIgniter\CodeIgniter->run()
 8 SYSTEMPATH\Boot.php(68): CodeIgniter\Boot::runCodeIgniter(Object(CodeIgniter\CodeIgniter))
 9 FCPATH\index.php(59): CodeIgniter\Boot::bootWeb(Object(Config\Paths))
CRITICAL - 2025-08-31 12:45:08 --> [Caused by] CodeIgniter\Database\Exceptions\DatabaseException: Unknown column 'equipo.unidadOrganicaEquipo' in 'on clause'
in SYSTEMPATH\Database\MySQLi\Connection.php on line 332.
 1 SYSTEMPATH\Database\BaseConnection.php(729): CodeIgniter\Database\MySQLi\Connection->execute('SELECT `equipo`.`id_equipo`, `tipo_equipo`.`nombre` AS `tipo`, `estadoequipo`.`estado` AS `estado`, `modelo`.`modelo` AS `modelo`, `unidad_organica`.`nombre` AS `unidad`
FROM `equipo`
JOIN `tipo_equipo` ON `tipo_equipo`.`id_tipo` = `equipo`.`id_tipoEquipo`
JOIN `estadoequipo` ON `estadoequipo`.`id_estado` = `equipo`.`id_estadoEquipo`
JOIN `modelo` ON `modelo`.`id_modelo` = `equipo`.`id_modeloEquipo`
JOIN `unidad_organica` ON `unidad_organica`.`id_unidadOrganica` = `equipo`.`unidadOrganicaEquipo`')
 2 SYSTEMPATH\Database\BaseConnection.php(646): CodeIgniter\Database\BaseConnection->simpleQuery('SELECT `equipo`.`id_equipo`, `tipo_equipo`.`nombre` AS `tipo`, `estadoequipo`.`estado` AS `estado`, `modelo`.`modelo` AS `modelo`, `unidad_organica`.`nombre` AS `unidad`
FROM `equipo`
JOIN `tipo_equipo` ON `tipo_equipo`.`id_tipo` = `equipo`.`id_tipoEquipo`
JOIN `estadoequipo` ON `estadoequipo`.`id_estado` = `equipo`.`id_estadoEquipo`
JOIN `modelo` ON `modelo`.`id_modelo` = `equipo`.`id_modeloEquipo`
JOIN `unidad_organica` ON `unidad_organica`.`id_unidadOrganica` = `equipo`.`unidadOrganicaEquipo`')
 3 SYSTEMPATH\Database\BaseBuilder.php(1649): CodeIgniter\Database\BaseConnection->query('SELECT `equipo`.`id_equipo`, `tipo_equipo`.`nombre` AS `tipo`, `estadoequipo`.`estado` AS `estado`, `modelo`.`modelo` AS `modelo`, `unidad_organica`.`nombre` AS `unidad`
FROM `equipo`
JOIN `tipo_equipo` ON `tipo_equipo`.`id_tipo` = `equipo`.`id_tipoEquipo`
JOIN `estadoequipo` ON `estadoequipo`.`id_estado` = `equipo`.`id_estadoEquipo`
JOIN `modelo` ON `modelo`.`id_modelo` = `equipo`.`id_modeloEquipo`
JOIN `unidad_organica` ON `unidad_organica`.`id_unidadOrganica` = `equipo`.`unidadOrganicaEquipo`', [], false)
 4 APPPATH\Models\EquipoModel.php(33): CodeIgniter\Database\BaseBuilder->get()
 5 APPPATH\Controllers\Equipos.php(12): App\Models\EquipoModel->obtenerJoin()
 6 SYSTEMPATH\CodeIgniter.php(933): App\Controllers\Equipos->index()
 7 SYSTEMPATH\CodeIgniter.php(507): CodeIgniter\CodeIgniter->runController(Object(App\Controllers\Equipos))
 8 SYSTEMPATH\CodeIgniter.php(354): CodeIgniter\CodeIgniter->handleRequest(null, Object(Config\Cache), false)
 9 SYSTEMPATH\Boot.php(363): CodeIgniter\CodeIgniter->run()
10 SYSTEMPATH\Boot.php(68): CodeIgniter\Boot::runCodeIgniter(Object(CodeIgniter\CodeIgniter))
11 FCPATH\index.php(59): CodeIgniter\Boot::bootWeb(Object(Config\Paths))
CRITICAL - 2025-08-31 12:45:08 --> [Caused by] mysqli_sql_exception: Unknown column 'equipo.unidadOrganicaEquipo' in 'on clause'
in SYSTEMPATH\Database\MySQLi\Connection.php on line 327.
 1 SYSTEMPATH\Database\MySQLi\Connection.php(327): mysqli->query('SELECT `equipo`.`id_equipo`, `tipo_equipo`.`nombre` AS `tipo`, `estadoequipo`.`estado` AS `estado`, `modelo`.`modelo` AS `modelo`, `unidad_organica`.`nombre` AS `unidad`
FROM `equipo`
JOIN `tipo_equipo` ON `tipo_equipo`.`id_tipo` = `equipo`.`id_tipoEquipo`
JOIN `estadoequipo` ON `estadoequipo`.`id_estado` = `equipo`.`id_estadoEquipo`
JOIN `modelo` ON `modelo`.`id_modelo` = `equipo`.`id_modeloEquipo`
JOIN `unidad_organica` ON `unidad_organica`.`id_unidadOrganica` = `equipo`.`unidadOrganicaEquipo`', 0)
 2 SYSTEMPATH\Database\BaseConnection.php(729): CodeIgniter\Database\MySQLi\Connection->execute('SELECT `equipo`.`id_equipo`, `tipo_equipo`.`nombre` AS `tipo`, `estadoequipo`.`estado` AS `estado`, `modelo`.`modelo` AS `modelo`, `unidad_organica`.`nombre` AS `unidad`
FROM `equipo`
JOIN `tipo_equipo` ON `tipo_equipo`.`id_tipo` = `equipo`.`id_tipoEquipo`
JOIN `estadoequipo` ON `estadoequipo`.`id_estado` = `equipo`.`id_estadoEquipo`
JOIN `modelo` ON `modelo`.`id_modelo` = `equipo`.`id_modeloEquipo`
JOIN `unidad_organica` ON `unidad_organica`.`id_unidadOrganica` = `equipo`.`unidadOrganicaEquipo`')
 3 SYSTEMPATH\Database\BaseConnection.php(646): CodeIgniter\Database\BaseConnection->simpleQuery('SELECT `equipo`.`id_equipo`, `tipo_equipo`.`nombre` AS `tipo`, `estadoequipo`.`estado` AS `estado`, `modelo`.`modelo` AS `modelo`, `unidad_organica`.`nombre` AS `unidad`
FROM `equipo`
JOIN `tipo_equipo` ON `tipo_equipo`.`id_tipo` = `equipo`.`id_tipoEquipo`
JOIN `estadoequipo` ON `estadoequipo`.`id_estado` = `equipo`.`id_estadoEquipo`
JOIN `modelo` ON `modelo`.`id_modelo` = `equipo`.`id_modeloEquipo`
JOIN `unidad_organica` ON `unidad_organica`.`id_unidadOrganica` = `equipo`.`unidadOrganicaEquipo`')
 4 SYSTEMPATH\Database\BaseBuilder.php(1649): CodeIgniter\Database\BaseConnection->query('SELECT `equipo`.`id_equipo`, `tipo_equipo`.`nombre` AS `tipo`, `estadoequipo`.`estado` AS `estado`, `modelo`.`modelo` AS `modelo`, `unidad_organica`.`nombre` AS `unidad`
FROM `equipo`
JOIN `tipo_equipo` ON `tipo_equipo`.`id_tipo` = `equipo`.`id_tipoEquipo`
JOIN `estadoequipo` ON `estadoequipo`.`id_estado` = `equipo`.`id_estadoEquipo`
JOIN `modelo` ON `modelo`.`id_modelo` = `equipo`.`id_modeloEquipo`
JOIN `unidad_organica` ON `unidad_organica`.`id_unidadOrganica` = `equipo`.`unidadOrganicaEquipo`', [], false)
 5 APPPATH\Models\EquipoModel.php(33): CodeIgniter\Database\BaseBuilder->get()
 6 APPPATH\Controllers\Equipos.php(12): App\Models\EquipoModel->obtenerJoin()
 7 SYSTEMPATH\CodeIgniter.php(933): App\Controllers\Equipos->index()
 8 SYSTEMPATH\CodeIgniter.php(507): CodeIgniter\CodeIgniter->runController(Object(App\Controllers\Equipos))
 9 SYSTEMPATH\CodeIgniter.php(354): CodeIgniter\CodeIgniter->handleRequest(null, Object(Config\Cache), false)
10 SYSTEMPATH\Boot.php(363): CodeIgniter\CodeIgniter->run()
11 SYSTEMPATH\Boot.php(68): CodeIgniter\Boot::runCodeIgniter(Object(CodeIgniter\CodeIgniter))
12 FCPATH\index.php(59): CodeIgniter\Boot::bootWeb(Object(Config\Paths))
CRITICAL - 2025-08-31 14:36:27 --> CodeIgniter\View\Exceptions\ViewException: Invalid file: "equipos/crear.php"
[Method: GET, Route: equipos/crear]
in SYSTEMPATH\Exceptions\FrameworkException.php on line 39.
 1 SYSTEMPATH\View\View.php(214): CodeIgniter\Exceptions\FrameworkException::forInvalidFile('equipos/crear.php')
 2 SYSTEMPATH\Common.php(1167): CodeIgniter\View\View->render('equipos/crear', [], true)
 3 APPPATH\Controllers\Equipos.php(19): view('equipos/crear')
 4 SYSTEMPATH\CodeIgniter.php(933): App\Controllers\Equipos->crear()
 5 SYSTEMPATH\CodeIgniter.php(507): CodeIgniter\CodeIgniter->runController(Object(App\Controllers\Equipos))
 6 SYSTEMPATH\CodeIgniter.php(354): CodeIgniter\CodeIgniter->handleRequest(null, Object(Config\Cache), false)
 7 SYSTEMPATH\Boot.php(363): CodeIgniter\CodeIgniter->run()
 8 SYSTEMPATH\Boot.php(68): CodeIgniter\Boot::runCodeIgniter(Object(CodeIgniter\CodeIgniter))
 9 FCPATH\index.php(59): CodeIgniter\Boot::bootWeb(Object(Config\Paths))
CRITICAL - 2025-08-31 14:47:08 --> ParseError: syntax error, unexpected token "return"
[Method: GET, Route: equipos]
in APPPATH\Controllers\Equipos.php on line 38.
 1 VENDORPATH\composer\ClassLoader.php(427): Composer\Autoload\{closure}('C:\\xampp\\htdocs\\sistemainventario\\vendor\\composer/../../app\\Controllers\\Equipos.php')
 2 [internal function]: Composer\Autoload\ClassLoader->loadClass('App\\Controllers\\Equipos')
 3 SYSTEMPATH\CodeIgniter.php(885): class_exists('\\App\\Controllers\\Equipos', true)
 4 SYSTEMPATH\CodeIgniter.php(494): CodeIgniter\CodeIgniter->startController()
 5 SYSTEMPATH\CodeIgniter.php(354): CodeIgniter\CodeIgniter->handleRequest(null, Object(Config\Cache), false)
 6 SYSTEMPATH\Boot.php(363): CodeIgniter\CodeIgniter->run()
 7 SYSTEMPATH\Boot.php(68): CodeIgniter\Boot::runCodeIgniter(Object(CodeIgniter\CodeIgniter))
 8 FCPATH\index.php(59): CodeIgniter\Boot::bootWeb(Object(Config\Paths))
CRITICAL - 2025-08-31 14:48:50 --> Error: Call to undefined method App\Controllers\Equipos::getPost()
[Method: POST, Route: equipos/guardar]
in APPPATH\Controllers\Equipos.php on line 25.
 1 SYSTEMPATH\CodeIgniter.php(933): App\Controllers\Equipos->guardar()
 2 SYSTEMPATH\CodeIgniter.php(507): CodeIgniter\CodeIgniter->runController(Object(App\Controllers\Equipos))
 3 SYSTEMPATH\CodeIgniter.php(354): CodeIgniter\CodeIgniter->handleRequest(null, Object(Config\Cache), false)
 4 SYSTEMPATH\Boot.php(363): CodeIgniter\CodeIgniter->run()
 5 SYSTEMPATH\Boot.php(68): CodeIgniter\Boot::runCodeIgniter(Object(CodeIgniter\CodeIgniter))
 6 FCPATH\index.php(59): CodeIgniter\Boot::bootWeb(Object(Config\Paths))
ERROR - 2025-08-31 14:56:47 --> mysqli_sql_exception: Cannot add or update a child row: a foreign key constraint fails (`sistemainventario`.`equipo`, CONSTRAINT `fk_tipoEquipo` FOREIGN KEY (`id_tipoEquipo`) REFERENCES `tipo_equipo` (`id_tipo`)) in C:\xampp\htdocs\sistemainventario\vendor\codeigniter4\framework\system\Database\MySQLi\Connection.php:327
Stack trace:
#0 C:\xampp\htdocs\sistemainventario\vendor\codeigniter4\framework\system\Database\MySQLi\Connection.php(327): mysqli->query('INSERT INTO `eq...', 0)
#1 C:\xampp\htdocs\sistemainventario\vendor\codeigniter4\framework\system\Database\BaseConnection.php(729): CodeIgniter\Database\MySQLi\Connection->execute('INSERT INTO `eq...')
#2 C:\xampp\htdocs\sistemainventario\vendor\codeigniter4\framework\system\Database\BaseConnection.php(646): CodeIgniter\Database\BaseConnection->simpleQuery('INSERT INTO `eq...')
#3 C:\xampp\htdocs\sistemainventario\vendor\codeigniter4\framework\system\Database\BaseBuilder.php(2345): CodeIgniter\Database\BaseConnection->query('INSERT INTO `eq...', Array, false)
#4 C:\xampp\htdocs\sistemainventario\vendor\codeigniter4\framework\system\Model.php(394): CodeIgniter\Database\BaseBuilder->insert()
#5 C:\xampp\htdocs\sistemainventario\vendor\codeigniter4\framework\system\BaseModel.php(838): CodeIgniter\Model->doInsert(Array)
#6 C:\xampp\htdocs\sistemainventario\vendor\codeigniter4\framework\system\Model.php(797): CodeIgniter\BaseModel->insert(Array, true)
#7 C:\xampp\htdocs\sistemainventario\app\Controllers\Equipos.php(21): CodeIgniter\Model->insert(Array)
#8 C:\xampp\htdocs\sistemainventario\vendor\codeigniter4\framework\system\CodeIgniter.php(933): App\Controllers\Equipos->guardar()
#9 C:\xampp\htdocs\sistemainventario\vendor\codeigniter4\framework\system\CodeIgniter.php(507): CodeIgniter\CodeIgniter->runController(Object(App\Controllers\Equipos))
#10 C:\xampp\htdocs\sistemainventario\vendor\codeigniter4\framework\system\CodeIgniter.php(354): CodeIgniter\CodeIgniter->handleRequest(NULL, Object(Config\Cache), false)
#11 C:\xampp\htdocs\sistemainventario\vendor\codeigniter4\framework\system\Boot.php(363): CodeIgniter\CodeIgniter->run()
#12 C:\xampp\htdocs\sistemainventario\vendor\codeigniter4\framework\system\Boot.php(68): CodeIgniter\Boot::runCodeIgniter(Object(CodeIgniter\CodeIgniter))
#13 C:\xampp\htdocs\sistemainventario\public\index.php(59): CodeIgniter\Boot::bootWeb(Object(Config\Paths))
#14 {main}
CRITICAL - 2025-08-31 14:56:47 --> CodeIgniter\Database\Exceptions\DatabaseException: Cannot add or update a child row: a foreign key constraint fails (`sistemainventario`.`equipo`, CONSTRAINT `fk_tipoEquipo` FOREIGN KEY (`id_tipoEquipo`) REFERENCES `tipo_equipo` (`id_tipo`))
[Method: POST, Route: equipos/guardar]
in SYSTEMPATH\Database\BaseConnection.php on line 684.
 1 SYSTEMPATH\Database\BaseBuilder.php(2345): CodeIgniter\Database\BaseConnection->query('INSERT INTO `equipo` (`id_tipoEquipo`, `id_estadoEquipo`, `id_modeloEquipo`, `id_unidadOrganicaEquipo`) VALUES (:id_tipoEquipo:, :id_estadoEquipo:, :id_modeloEquipo:, :id_unidadOrganicaEquipo:)', [...], false)
 2 SYSTEMPATH\Model.php(394): CodeIgniter\Database\BaseBuilder->insert()
 3 SYSTEMPATH\BaseModel.php(838): CodeIgniter\Model->doInsert([...])
 4 SYSTEMPATH\Model.php(797): CodeIgniter\BaseModel->insert([...], true)
 5 APPPATH\Controllers\Equipos.php(21): CodeIgniter\Model->insert([...])
 6 SYSTEMPATH\CodeIgniter.php(933): App\Controllers\Equipos->guardar()
 7 SYSTEMPATH\CodeIgniter.php(507): CodeIgniter\CodeIgniter->runController(Object(App\Controllers\Equipos))
 8 SYSTEMPATH\CodeIgniter.php(354): CodeIgniter\CodeIgniter->handleRequest(null, Object(Config\Cache), false)
 9 SYSTEMPATH\Boot.php(363): CodeIgniter\CodeIgniter->run()
10 SYSTEMPATH\Boot.php(68): CodeIgniter\Boot::runCodeIgniter(Object(CodeIgniter\CodeIgniter))
11 FCPATH\index.php(59): CodeIgniter\Boot::bootWeb(Object(Config\Paths))
CRITICAL - 2025-08-31 14:56:47 --> [Caused by] CodeIgniter\Database\Exceptions\DatabaseException: Cannot add or update a child row: a foreign key constraint fails (`sistemainventario`.`equipo`, CONSTRAINT `fk_tipoEquipo` FOREIGN KEY (`id_tipoEquipo`) REFERENCES `tipo_equipo` (`id_tipo`))
in SYSTEMPATH\Database\MySQLi\Connection.php on line 332.
 1 SYSTEMPATH\Database\BaseConnection.php(729): CodeIgniter\Database\MySQLi\Connection->execute('INSERT INTO `equipo` (`id_tipoEquipo`, `id_estadoEquipo`, `id_modeloEquipo`, `id_unidadOrganicaEquipo`) VALUES (\'computadora\', \'Activo\', \'lenovo\', NULL)')
 2 SYSTEMPATH\Database\BaseConnection.php(646): CodeIgniter\Database\BaseConnection->simpleQuery('INSERT INTO `equipo` (`id_tipoEquipo`, `id_estadoEquipo`, `id_modeloEquipo`, `id_unidadOrganicaEquipo`) VALUES (\'computadora\', \'Activo\', \'lenovo\', NULL)')
 3 SYSTEMPATH\Database\BaseBuilder.php(2345): CodeIgniter\Database\BaseConnection->query('INSERT INTO `equipo` (`id_tipoEquipo`, `id_estadoEquipo`, `id_modeloEquipo`, `id_unidadOrganicaEquipo`) VALUES (:id_tipoEquipo:, :id_estadoEquipo:, :id_modeloEquipo:, :id_unidadOrganicaEquipo:)', [...], false)
 4 SYSTEMPATH\Model.php(394): CodeIgniter\Database\BaseBuilder->insert()
 5 SYSTEMPATH\BaseModel.php(838): CodeIgniter\Model->doInsert([...])
 6 SYSTEMPATH\Model.php(797): CodeIgniter\BaseModel->insert([...], true)
 7 APPPATH\Controllers\Equipos.php(21): CodeIgniter\Model->insert([...])
 8 SYSTEMPATH\CodeIgniter.php(933): App\Controllers\Equipos->guardar()
 9 SYSTEMPATH\CodeIgniter.php(507): CodeIgniter\CodeIgniter->runController(Object(App\Controllers\Equipos))
10 SYSTEMPATH\CodeIgniter.php(354): CodeIgniter\CodeIgniter->handleRequest(null, Object(Config\Cache), false)
11 SYSTEMPATH\Boot.php(363): CodeIgniter\CodeIgniter->run()
12 SYSTEMPATH\Boot.php(68): CodeIgniter\Boot::runCodeIgniter(Object(CodeIgniter\CodeIgniter))
13 FCPATH\index.php(59): CodeIgniter\Boot::bootWeb(Object(Config\Paths))
CRITICAL - 2025-08-31 14:56:47 --> [Caused by] mysqli_sql_exception: Cannot add or update a child row: a foreign key constraint fails (`sistemainventario`.`equipo`, CONSTRAINT `fk_tipoEquipo` FOREIGN KEY (`id_tipoEquipo`) REFERENCES `tipo_equipo` (`id_tipo`))
in SYSTEMPATH\Database\MySQLi\Connection.php on line 327.
 1 SYSTEMPATH\Database\MySQLi\Connection.php(327): mysqli->query('INSERT INTO `equipo` (`id_tipoEquipo`, `id_estadoEquipo`, `id_modeloEquipo`, `id_unidadOrganicaEquipo`) VALUES (\'computadora\', \'Activo\', \'lenovo\', NULL)', 0)
 2 SYSTEMPATH\Database\BaseConnection.php(729): CodeIgniter\Database\MySQLi\Connection->execute('INSERT INTO `equipo` (`id_tipoEquipo`, `id_estadoEquipo`, `id_modeloEquipo`, `id_unidadOrganicaEquipo`) VALUES (\'computadora\', \'Activo\', \'lenovo\', NULL)')
 3 SYSTEMPATH\Database\BaseConnection.php(646): CodeIgniter\Database\BaseConnection->simpleQuery('INSERT INTO `equipo` (`id_tipoEquipo`, `id_estadoEquipo`, `id_modeloEquipo`, `id_unidadOrganicaEquipo`) VALUES (\'computadora\', \'Activo\', \'lenovo\', NULL)')
 4 SYSTEMPATH\Database\BaseBuilder.php(2345): CodeIgniter\Database\BaseConnection->query('INSERT INTO `equipo` (`id_tipoEquipo`, `id_estadoEquipo`, `id_modeloEquipo`, `id_unidadOrganicaEquipo`) VALUES (:id_tipoEquipo:, :id_estadoEquipo:, :id_modeloEquipo:, :id_unidadOrganicaEquipo:)', [...], false)
 5 SYSTEMPATH\Model.php(394): CodeIgniter\Database\BaseBuilder->insert()
 6 SYSTEMPATH\BaseModel.php(838): CodeIgniter\Model->doInsert([...])
 7 SYSTEMPATH\Model.php(797): CodeIgniter\BaseModel->insert([...], true)
 8 APPPATH\Controllers\Equipos.php(21): CodeIgniter\Model->insert([...])
 9 SYSTEMPATH\CodeIgniter.php(933): App\Controllers\Equipos->guardar()
10 SYSTEMPATH\CodeIgniter.php(507): CodeIgniter\CodeIgniter->runController(Object(App\Controllers\Equipos))
11 SYSTEMPATH\CodeIgniter.php(354): CodeIgniter\CodeIgniter->handleRequest(null, Object(Config\Cache), false)
12 SYSTEMPATH\Boot.php(363): CodeIgniter\CodeIgniter->run()
13 SYSTEMPATH\Boot.php(68): CodeIgniter\Boot::runCodeIgniter(Object(CodeIgniter\CodeIgniter))
14 FCPATH\index.php(59): CodeIgniter\Boot::bootWeb(Object(Config\Paths))
ERROR - 2025-08-31 15:06:37 --> mysqli_sql_exception: Cannot add or update a child row: a foreign key constraint fails (`sistemainventario`.`equipo`, CONSTRAINT `fk_tipoEquipo` FOREIGN KEY (`id_tipoEquipo`) REFERENCES `tipo_equipo` (`id_tipo`)) in C:\xampp\htdocs\sistemainventario\vendor\codeigniter4\framework\system\Database\MySQLi\Connection.php:327
Stack trace:
#0 C:\xampp\htdocs\sistemainventario\vendor\codeigniter4\framework\system\Database\MySQLi\Connection.php(327): mysqli->query('INSERT INTO `eq...', 0)
#1 C:\xampp\htdocs\sistemainventario\vendor\codeigniter4\framework\system\Database\BaseConnection.php(729): CodeIgniter\Database\MySQLi\Connection->execute('INSERT INTO `eq...')
#2 C:\xampp\htdocs\sistemainventario\vendor\codeigniter4\framework\system\Database\BaseConnection.php(646): CodeIgniter\Database\BaseConnection->simpleQuery('INSERT INTO `eq...')
#3 C:\xampp\htdocs\sistemainventario\vendor\codeigniter4\framework\system\Database\BaseBuilder.php(2345): CodeIgniter\Database\BaseConnection->query('INSERT INTO `eq...', Array, false)
#4 C:\xampp\htdocs\sistemainventario\vendor\codeigniter4\framework\system\Model.php(394): CodeIgniter\Database\BaseBuilder->insert()
#5 C:\xampp\htdocs\sistemainventario\vendor\codeigniter4\framework\system\BaseModel.php(838): CodeIgniter\Model->doInsert(Array)
#6 C:\xampp\htdocs\sistemainventario\vendor\codeigniter4\framework\system\Model.php(797): CodeIgniter\BaseModel->insert(Array, true)
#7 C:\xampp\htdocs\sistemainventario\app\Controllers\Equipos.php(21): CodeIgniter\Model->insert(Array)
#8 C:\xampp\htdocs\sistemainventario\vendor\codeigniter4\framework\system\CodeIgniter.php(933): App\Controllers\Equipos->guardar()
#9 C:\xampp\htdocs\sistemainventario\vendor\codeigniter4\framework\system\CodeIgniter.php(507): CodeIgniter\CodeIgniter->runController(Object(App\Controllers\Equipos))
#10 C:\xampp\htdocs\sistemainventario\vendor\codeigniter4\framework\system\CodeIgniter.php(354): CodeIgniter\CodeIgniter->handleRequest(NULL, Object(Config\Cache), false)
#11 C:\xampp\htdocs\sistemainventario\vendor\codeigniter4\framework\system\Boot.php(363): CodeIgniter\CodeIgniter->run()
#12 C:\xampp\htdocs\sistemainventario\vendor\codeigniter4\framework\system\Boot.php(68): CodeIgniter\Boot::runCodeIgniter(Object(CodeIgniter\CodeIgniter))
#13 C:\xampp\htdocs\sistemainventario\public\index.php(59): CodeIgniter\Boot::bootWeb(Object(Config\Paths))
#14 {main}
CRITICAL - 2025-08-31 15:06:37 --> CodeIgniter\Database\Exceptions\DatabaseException: Cannot add or update a child row: a foreign key constraint fails (`sistemainventario`.`equipo`, CONSTRAINT `fk_tipoEquipo` FOREIGN KEY (`id_tipoEquipo`) REFERENCES `tipo_equipo` (`id_tipo`))
[Method: POST, Route: equipos/guardar]
in SYSTEMPATH\Database\BaseConnection.php on line 684.
 1 SYSTEMPATH\Database\BaseBuilder.php(2345): CodeIgniter\Database\BaseConnection->query('INSERT INTO `equipo` (`id_tipoEquipo`, `id_estadoEquipo`, `id_modeloEquipo`, `id_unidadOrganicaEquipo`) VALUES (:id_tipoEquipo:, :id_estadoEquipo:, :id_modeloEquipo:, :id_unidadOrganicaEquipo:)', [...], false)
 2 SYSTEMPATH\Model.php(394): CodeIgniter\Database\BaseBuilder->insert()
 3 SYSTEMPATH\BaseModel.php(838): CodeIgniter\Model->doInsert([...])
 4 SYSTEMPATH\Model.php(797): CodeIgniter\BaseModel->insert([...], true)
 5 APPPATH\Controllers\Equipos.php(21): CodeIgniter\Model->insert([...])
 6 SYSTEMPATH\CodeIgniter.php(933): App\Controllers\Equipos->guardar()
 7 SYSTEMPATH\CodeIgniter.php(507): CodeIgniter\CodeIgniter->runController(Object(App\Controllers\Equipos))
 8 SYSTEMPATH\CodeIgniter.php(354): CodeIgniter\CodeIgniter->handleRequest(null, Object(Config\Cache), false)
 9 SYSTEMPATH\Boot.php(363): CodeIgniter\CodeIgniter->run()
10 SYSTEMPATH\Boot.php(68): CodeIgniter\Boot::runCodeIgniter(Object(CodeIgniter\CodeIgniter))
11 FCPATH\index.php(59): CodeIgniter\Boot::bootWeb(Object(Config\Paths))
CRITICAL - 2025-08-31 15:06:37 --> [Caused by] CodeIgniter\Database\Exceptions\DatabaseException: Cannot add or update a child row: a foreign key constraint fails (`sistemainventario`.`equipo`, CONSTRAINT `fk_tipoEquipo` FOREIGN KEY (`id_tipoEquipo`) REFERENCES `tipo_equipo` (`id_tipo`))
in SYSTEMPATH\Database\MySQLi\Connection.php on line 332.
 1 SYSTEMPATH\Database\BaseConnection.php(729): CodeIgniter\Database\MySQLi\Connection->execute('INSERT INTO `equipo` (`id_tipoEquipo`, `id_estadoEquipo`, `id_modeloEquipo`, `id_unidadOrganicaEquipo`) VALUES (\'computadora\', \'Activo\', \'lenovo\', NULL)')
 2 SYSTEMPATH\Database\BaseConnection.php(646): CodeIgniter\Database\BaseConnection->simpleQuery('INSERT INTO `equipo` (`id_tipoEquipo`, `id_estadoEquipo`, `id_modeloEquipo`, `id_unidadOrganicaEquipo`) VALUES (\'computadora\', \'Activo\', \'lenovo\', NULL)')
 3 SYSTEMPATH\Database\BaseBuilder.php(2345): CodeIgniter\Database\BaseConnection->query('INSERT INTO `equipo` (`id_tipoEquipo`, `id_estadoEquipo`, `id_modeloEquipo`, `id_unidadOrganicaEquipo`) VALUES (:id_tipoEquipo:, :id_estadoEquipo:, :id_modeloEquipo:, :id_unidadOrganicaEquipo:)', [...], false)
 4 SYSTEMPATH\Model.php(394): CodeIgniter\Database\BaseBuilder->insert()
 5 SYSTEMPATH\BaseModel.php(838): CodeIgniter\Model->doInsert([...])
 6 SYSTEMPATH\Model.php(797): CodeIgniter\BaseModel->insert([...], true)
 7 APPPATH\Controllers\Equipos.php(21): CodeIgniter\Model->insert([...])
 8 SYSTEMPATH\CodeIgniter.php(933): App\Controllers\Equipos->guardar()
 9 SYSTEMPATH\CodeIgniter.php(507): CodeIgniter\CodeIgniter->runController(Object(App\Controllers\Equipos))
10 SYSTEMPATH\CodeIgniter.php(354): CodeIgniter\CodeIgniter->handleRequest(null, Object(Config\Cache), false)
11 SYSTEMPATH\Boot.php(363): CodeIgniter\CodeIgniter->run()
12 SYSTEMPATH\Boot.php(68): CodeIgniter\Boot::runCodeIgniter(Object(CodeIgniter\CodeIgniter))
13 FCPATH\index.php(59): CodeIgniter\Boot::bootWeb(Object(Config\Paths))
CRITICAL - 2025-08-31 15:06:37 --> [Caused by] mysqli_sql_exception: Cannot add or update a child row: a foreign key constraint fails (`sistemainventario`.`equipo`, CONSTRAINT `fk_tipoEquipo` FOREIGN KEY (`id_tipoEquipo`) REFERENCES `tipo_equipo` (`id_tipo`))
in SYSTEMPATH\Database\MySQLi\Connection.php on line 327.
 1 SYSTEMPATH\Database\MySQLi\Connection.php(327): mysqli->query('INSERT INTO `equipo` (`id_tipoEquipo`, `id_estadoEquipo`, `id_modeloEquipo`, `id_unidadOrganicaEquipo`) VALUES (\'computadora\', \'Activo\', \'lenovo\', NULL)', 0)
 2 SYSTEMPATH\Database\BaseConnection.php(729): CodeIgniter\Database\MySQLi\Connection->execute('INSERT INTO `equipo` (`id_tipoEquipo`, `id_estadoEquipo`, `id_modeloEquipo`, `id_unidadOrganicaEquipo`) VALUES (\'computadora\', \'Activo\', \'lenovo\', NULL)')
 3 SYSTEMPATH\Database\BaseConnection.php(646): CodeIgniter\Database\BaseConnection->simpleQuery('INSERT INTO `equipo` (`id_tipoEquipo`, `id_estadoEquipo`, `id_modeloEquipo`, `id_unidadOrganicaEquipo`) VALUES (\'computadora\', \'Activo\', \'lenovo\', NULL)')
 4 SYSTEMPATH\Database\BaseBuilder.php(2345): CodeIgniter\Database\BaseConnection->query('INSERT INTO `equipo` (`id_tipoEquipo`, `id_estadoEquipo`, `id_modeloEquipo`, `id_unidadOrganicaEquipo`) VALUES (:id_tipoEquipo:, :id_estadoEquipo:, :id_modeloEquipo:, :id_unidadOrganicaEquipo:)', [...], false)
 5 SYSTEMPATH\Model.php(394): CodeIgniter\Database\BaseBuilder->insert()
 6 SYSTEMPATH\BaseModel.php(838): CodeIgniter\Model->doInsert([...])
 7 SYSTEMPATH\Model.php(797): CodeIgniter\BaseModel->insert([...], true)
 8 APPPATH\Controllers\Equipos.php(21): CodeIgniter\Model->insert([...])
 9 SYSTEMPATH\CodeIgniter.php(933): App\Controllers\Equipos->guardar()
10 SYSTEMPATH\CodeIgniter.php(507): CodeIgniter\CodeIgniter->runController(Object(App\Controllers\Equipos))
11 SYSTEMPATH\CodeIgniter.php(354): CodeIgniter\CodeIgniter->handleRequest(null, Object(Config\Cache), false)
12 SYSTEMPATH\Boot.php(363): CodeIgniter\CodeIgniter->run()
13 SYSTEMPATH\Boot.php(68): CodeIgniter\Boot::runCodeIgniter(Object(CodeIgniter\CodeIgniter))
14 FCPATH\index.php(59): CodeIgniter\Boot::bootWeb(Object(Config\Paths))
DEBUG - 2025-08-31 21:10:08 --> Session: Class initialized using 'CodeIgniter\Session\Handlers\FileHandler' driver.
DEBUG - 2025-08-31 21:10:13 --> Session: Class initialized using 'CodeIgniter\Session\Handlers\FileHandler' driver.
CRITICAL - 2025-08-31 21:10:44 --> ErrorException: Undefined variable $model0
[Method: GET, Route: equipos/editar/1]
in APPPATH\Controllers\Equipos.php on line 36.
 1 APPPATH\Controllers\Equipos.php(36): CodeIgniter\Debug\Exceptions->errorHandler(2, 'Undefined variable $model0', 'C:\\xampp\\htdocs\\sistemainventario\\app\\Controllers\\Equipos.php', 36)
 2 SYSTEMPATH\CodeIgniter.php(933): App\Controllers\Equipos->editar('1')
 3 SYSTEMPATH\CodeIgniter.php(507): CodeIgniter\CodeIgniter->runController(Object(App\Controllers\Equipos))
 4 SYSTEMPATH\CodeIgniter.php(354): CodeIgniter\CodeIgniter->handleRequest(null, Object(Config\Cache), false)
 5 SYSTEMPATH\Boot.php(363): CodeIgniter\CodeIgniter->run()
 6 SYSTEMPATH\Boot.php(68): CodeIgniter\Boot::runCodeIgniter(Object(CodeIgniter\CodeIgniter))
 7 FCPATH\index.php(59): CodeIgniter\Boot::bootWeb(Object(Config\Paths))
CRITICAL - 2025-08-31 21:14:18 --> ErrorException: Undefined variable $model0
[Method: GET, Route: equipos/editar/1]
in APPPATH\Controllers\Equipos.php on line 36.
 1 APPPATH\Controllers\Equipos.php(36): CodeIgniter\Debug\Exceptions->errorHandler(2, 'Undefined variable $model0', 'C:\\xampp\\htdocs\\sistemainventario\\app\\Controllers\\Equipos.php', 36)
 2 SYSTEMPATH\CodeIgniter.php(933): App\Controllers\Equipos->editar('1')
 3 SYSTEMPATH\CodeIgniter.php(507): CodeIgniter\CodeIgniter->runController(Object(App\Controllers\Equipos))
 4 SYSTEMPATH\CodeIgniter.php(354): CodeIgniter\CodeIgniter->handleRequest(null, Object(Config\Cache), false)
 5 SYSTEMPATH\Boot.php(363): CodeIgniter\CodeIgniter->run()
 6 SYSTEMPATH\Boot.php(68): CodeIgniter\Boot::runCodeIgniter(Object(CodeIgniter\CodeIgniter))
 7 FCPATH\index.php(59): CodeIgniter\Boot::bootWeb(Object(Config\Paths))
CRITICAL - 2025-08-31 21:29:38 --> ErrorException: Undefined array key "tipo"
[Method: GET, Route: equipos/editar/1]
in APPPATH\Views\equipos\index.php on line 19.
 1 APPPATH\Views\equipos\index.php(19): CodeIgniter\Debug\Exceptions->errorHandler(2, 'Undefined array key "tipo"', 'C:\\xampp\\htdocs\\sistemainventario\\app\\Views\\equipos\\index.php', 19)
 2 SYSTEMPATH\View\View.php(226): include('C:\\xampp\\htdocs\\sistemainventario\\app\\Views\\equipos\\index.php')
 3 SYSTEMPATH\View\View.php(229): CodeIgniter\View\View->CodeIgniter\View\{closure}()
 4 SYSTEMPATH\Common.php(1167): CodeIgniter\View\View->render('equipos/index', [], true)
 5 APPPATH\Controllers\Equipos.php(42): view('equipos/index', [...])
 6 SYSTEMPATH\CodeIgniter.php(933): App\Controllers\Equipos->editar('1')
 7 SYSTEMPATH\CodeIgniter.php(507): CodeIgniter\CodeIgniter->runController(Object(App\Controllers\Equipos))
 8 SYSTEMPATH\CodeIgniter.php(354): CodeIgniter\CodeIgniter->handleRequest(null, Object(Config\Cache), false)
 9 SYSTEMPATH\Boot.php(363): CodeIgniter\CodeIgniter->run()
10 SYSTEMPATH\Boot.php(68): CodeIgniter\Boot::runCodeIgniter(Object(CodeIgniter\CodeIgniter))
11 FCPATH\index.php(59): CodeIgniter\Boot::bootWeb(Object(Config\Paths))
CRITICAL - 2025-08-31 21:30:29 --> ErrorException: Undefined array key "tipo"
[Method: GET, Route: equipos/editar/1]
in APPPATH\Views\equipos\index.php on line 19.
 1 APPPATH\Views\equipos\index.php(19): CodeIgniter\Debug\Exceptions->errorHandler(2, 'Undefined array key "tipo"', 'C:\\xampp\\htdocs\\sistemainventario\\app\\Views\\equipos\\index.php', 19)
 2 SYSTEMPATH\View\View.php(226): include('C:\\xampp\\htdocs\\sistemainventario\\app\\Views\\equipos\\index.php')
 3 SYSTEMPATH\View\View.php(229): CodeIgniter\View\View->CodeIgniter\View\{closure}()
 4 SYSTEMPATH\Common.php(1167): CodeIgniter\View\View->render('equipos/index', [], true)
 5 APPPATH\Controllers\Equipos.php(42): view('equipos/index', [...])
 6 SYSTEMPATH\CodeIgniter.php(933): App\Controllers\Equipos->editar('1')
 7 SYSTEMPATH\CodeIgniter.php(507): CodeIgniter\CodeIgniter->runController(Object(App\Controllers\Equipos))
 8 SYSTEMPATH\CodeIgniter.php(354): CodeIgniter\CodeIgniter->handleRequest(null, Object(Config\Cache), false)
 9 SYSTEMPATH\Boot.php(363): CodeIgniter\CodeIgniter->run()
10 SYSTEMPATH\Boot.php(68): CodeIgniter\Boot::runCodeIgniter(Object(CodeIgniter\CodeIgniter))
11 FCPATH\index.php(59): CodeIgniter\Boot::bootWeb(Object(Config\Paths))
CRITICAL - 2025-08-31 21:32:03 --> ErrorException: Undefined array key "estado"
[Method: GET, Route: equipos/editar/1]
in APPPATH\Views\equipos\index.php on line 27.
 1 APPPATH\Views\equipos\index.php(27): CodeIgniter\Debug\Exceptions->errorHandler(2, 'Undefined array key "estado"', 'C:\\xampp\\htdocs\\sistemainventario\\app\\Views\\equipos\\index.php', 27)
 2 SYSTEMPATH\View\View.php(226): include('C:\\xampp\\htdocs\\sistemainventario\\app\\Views\\equipos\\index.php')
 3 SYSTEMPATH\View\View.php(229): CodeIgniter\View\View->CodeIgniter\View\{closure}()
 4 SYSTEMPATH\Common.php(1167): CodeIgniter\View\View->render('equipos/index', [], true)
 5 APPPATH\Controllers\Equipos.php(42): view('equipos/index', [...])
 6 SYSTEMPATH\CodeIgniter.php(933): App\Controllers\Equipos->editar('1')
 7 SYSTEMPATH\CodeIgniter.php(507): CodeIgniter\CodeIgniter->runController(Object(App\Controllers\Equipos))
 8 SYSTEMPATH\CodeIgniter.php(354): CodeIgniter\CodeIgniter->handleRequest(null, Object(Config\Cache), false)
 9 SYSTEMPATH\Boot.php(363): CodeIgniter\CodeIgniter->run()
10 SYSTEMPATH\Boot.php(68): CodeIgniter\Boot::runCodeIgniter(Object(CodeIgniter\CodeIgniter))
11 FCPATH\index.php(59): CodeIgniter\Boot::bootWeb(Object(Config\Paths))
CRITICAL - 2025-08-31 21:33:19 --> ErrorException: Undefined array key "tipo"
[Method: GET, Route: equipos/editar/1]
in APPPATH\Views\equipos\index.php on line 77.
 1 APPPATH\Views\equipos\index.php(77): CodeIgniter\Debug\Exceptions->errorHandler(2, 'Undefined array key "tipo"', 'C:\\xampp\\htdocs\\sistemainventario\\app\\Views\\equipos\\index.php', 77)
 2 SYSTEMPATH\View\View.php(226): include('C:\\xampp\\htdocs\\sistemainventario\\app\\Views\\equipos\\index.php')
 3 SYSTEMPATH\View\View.php(229): CodeIgniter\View\View->CodeIgniter\View\{closure}()
 4 SYSTEMPATH\Common.php(1167): CodeIgniter\View\View->render('equipos/index', [], true)
 5 APPPATH\Controllers\Equipos.php(42): view('equipos/index', [...])
 6 SYSTEMPATH\CodeIgniter.php(933): App\Controllers\Equipos->editar('1')
 7 SYSTEMPATH\CodeIgniter.php(507): CodeIgniter\CodeIgniter->runController(Object(App\Controllers\Equipos))
 8 SYSTEMPATH\CodeIgniter.php(354): CodeIgniter\CodeIgniter->handleRequest(null, Object(Config\Cache), false)
 9 SYSTEMPATH\Boot.php(363): CodeIgniter\CodeIgniter->run()
10 SYSTEMPATH\Boot.php(68): CodeIgniter\Boot::runCodeIgniter(Object(CodeIgniter\CodeIgniter))
11 FCPATH\index.php(59): CodeIgniter\Boot::bootWeb(Object(Config\Paths))
ERROR - 2025-08-31 21:45:46 --> mysqli_sql_exception: Cannot add or update a child row: a foreign key constraint fails (`sistemainventario`.`equipo`, CONSTRAINT `fk_tipoEquipo` FOREIGN KEY (`id_tipoEquipo`) REFERENCES `tipo_equipo` (`id_tipo`)) in C:\xampp\htdocs\sistemainventario\vendor\codeigniter4\framework\system\Database\MySQLi\Connection.php:327
Stack trace:
#0 C:\xampp\htdocs\sistemainventario\vendor\codeigniter4\framework\system\Database\MySQLi\Connection.php(327): mysqli->query('INSERT INTO `eq...', 0)
#1 C:\xampp\htdocs\sistemainventario\vendor\codeigniter4\framework\system\Database\BaseConnection.php(729): CodeIgniter\Database\MySQLi\Connection->execute('INSERT INTO `eq...')
#2 C:\xampp\htdocs\sistemainventario\vendor\codeigniter4\framework\system\Database\BaseConnection.php(646): CodeIgniter\Database\BaseConnection->simpleQuery('INSERT INTO `eq...')
#3 C:\xampp\htdocs\sistemainventario\vendor\codeigniter4\framework\system\Database\BaseBuilder.php(2345): CodeIgniter\Database\BaseConnection->query('INSERT INTO `eq...', Array, false)
#4 C:\xampp\htdocs\sistemainventario\vendor\codeigniter4\framework\system\Model.php(394): CodeIgniter\Database\BaseBuilder->insert()
#5 C:\xampp\htdocs\sistemainventario\vendor\codeigniter4\framework\system\BaseModel.php(838): CodeIgniter\Model->doInsert(Array)
#6 C:\xampp\htdocs\sistemainventario\vendor\codeigniter4\framework\system\Model.php(797): CodeIgniter\BaseModel->insert(Array, true)
#7 C:\xampp\htdocs\sistemainventario\app\Controllers\Equipos.php(25): CodeIgniter\Model->insert(Array)
#8 C:\xampp\htdocs\sistemainventario\vendor\codeigniter4\framework\system\CodeIgniter.php(933): App\Controllers\Equipos->guardar()
#9 C:\xampp\htdocs\sistemainventario\vendor\codeigniter4\framework\system\CodeIgniter.php(507): CodeIgniter\CodeIgniter->runController(Object(App\Controllers\Equipos))
#10 C:\xampp\htdocs\sistemainventario\vendor\codeigniter4\framework\system\CodeIgniter.php(354): CodeIgniter\CodeIgniter->handleRequest(NULL, Object(Config\Cache), false)
#11 C:\xampp\htdocs\sistemainventario\vendor\codeigniter4\framework\system\Boot.php(363): CodeIgniter\CodeIgniter->run()
#12 C:\xampp\htdocs\sistemainventario\vendor\codeigniter4\framework\system\Boot.php(68): CodeIgniter\Boot::runCodeIgniter(Object(CodeIgniter\CodeIgniter))
#13 C:\xampp\htdocs\sistemainventario\public\index.php(59): CodeIgniter\Boot::bootWeb(Object(Config\Paths))
#14 {main}
CRITICAL - 2025-08-31 21:45:46 --> CodeIgniter\Database\Exceptions\DatabaseException: Cannot add or update a child row: a foreign key constraint fails (`sistemainventario`.`equipo`, CONSTRAINT `fk_tipoEquipo` FOREIGN KEY (`id_tipoEquipo`) REFERENCES `tipo_equipo` (`id_tipo`))
[Method: POST, Route: equipos/guardar]
in SYSTEMPATH\Database\BaseConnection.php on line 684.
 1 SYSTEMPATH\Database\BaseBuilder.php(2345): CodeIgniter\Database\BaseConnection->query('INSERT INTO `equipo` (`id_tipoEquipo`, `id_estadoEquipo`, `id_modeloEquipo`, `id_unidadOrganicaEquipo`) VALUES (:id_tipoEquipo:, :id_estadoEquipo:, :id_modeloEquipo:, :id_unidadOrganicaEquipo:)', [...], false)
 2 SYSTEMPATH\Model.php(394): CodeIgniter\Database\BaseBuilder->insert()
 3 SYSTEMPATH\BaseModel.php(838): CodeIgniter\Model->doInsert([...])
 4 SYSTEMPATH\Model.php(797): CodeIgniter\BaseModel->insert([...], true)
 5 APPPATH\Controllers\Equipos.php(25): CodeIgniter\Model->insert([...])
 6 SYSTEMPATH\CodeIgniter.php(933): App\Controllers\Equipos->guardar()
 7 SYSTEMPATH\CodeIgniter.php(507): CodeIgniter\CodeIgniter->runController(Object(App\Controllers\Equipos))
 8 SYSTEMPATH\CodeIgniter.php(354): CodeIgniter\CodeIgniter->handleRequest(null, Object(Config\Cache), false)
 9 SYSTEMPATH\Boot.php(363): CodeIgniter\CodeIgniter->run()
10 SYSTEMPATH\Boot.php(68): CodeIgniter\Boot::runCodeIgniter(Object(CodeIgniter\CodeIgniter))
11 FCPATH\index.php(59): CodeIgniter\Boot::bootWeb(Object(Config\Paths))
CRITICAL - 2025-08-31 21:45:46 --> [Caused by] CodeIgniter\Database\Exceptions\DatabaseException: Cannot add or update a child row: a foreign key constraint fails (`sistemainventario`.`equipo`, CONSTRAINT `fk_tipoEquipo` FOREIGN KEY (`id_tipoEquipo`) REFERENCES `tipo_equipo` (`id_tipo`))
in SYSTEMPATH\Database\MySQLi\Connection.php on line 332.
 1 SYSTEMPATH\Database\BaseConnection.php(729): CodeIgniter\Database\MySQLi\Connection->execute('INSERT INTO `equipo` (`id_tipoEquipo`, `id_estadoEquipo`, `id_modeloEquipo`, `id_unidadOrganicaEquipo`) VALUES (\'computadora\', \'Activo\', \'lenovo\', \'organo institucional\')')
 2 SYSTEMPATH\Database\BaseConnection.php(646): CodeIgniter\Database\BaseConnection->simpleQuery('INSERT INTO `equipo` (`id_tipoEquipo`, `id_estadoEquipo`, `id_modeloEquipo`, `id_unidadOrganicaEquipo`) VALUES (\'computadora\', \'Activo\', \'lenovo\', \'organo institucional\')')
 3 SYSTEMPATH\Database\BaseBuilder.php(2345): CodeIgniter\Database\BaseConnection->query('INSERT INTO `equipo` (`id_tipoEquipo`, `id_estadoEquipo`, `id_modeloEquipo`, `id_unidadOrganicaEquipo`) VALUES (:id_tipoEquipo:, :id_estadoEquipo:, :id_modeloEquipo:, :id_unidadOrganicaEquipo:)', [...], false)
 4 SYSTEMPATH\Model.php(394): CodeIgniter\Database\BaseBuilder->insert()
 5 SYSTEMPATH\BaseModel.php(838): CodeIgniter\Model->doInsert([...])
 6 SYSTEMPATH\Model.php(797): CodeIgniter\BaseModel->insert([...], true)
 7 APPPATH\Controllers\Equipos.php(25): CodeIgniter\Model->insert([...])
 8 SYSTEMPATH\CodeIgniter.php(933): App\Controllers\Equipos->guardar()
 9 SYSTEMPATH\CodeIgniter.php(507): CodeIgniter\CodeIgniter->runController(Object(App\Controllers\Equipos))
10 SYSTEMPATH\CodeIgniter.php(354): CodeIgniter\CodeIgniter->handleRequest(null, Object(Config\Cache), false)
11 SYSTEMPATH\Boot.php(363): CodeIgniter\CodeIgniter->run()
12 SYSTEMPATH\Boot.php(68): CodeIgniter\Boot::runCodeIgniter(Object(CodeIgniter\CodeIgniter))
13 FCPATH\index.php(59): CodeIgniter\Boot::bootWeb(Object(Config\Paths))
CRITICAL - 2025-08-31 21:45:46 --> [Caused by] mysqli_sql_exception: Cannot add or update a child row: a foreign key constraint fails (`sistemainventario`.`equipo`, CONSTRAINT `fk_tipoEquipo` FOREIGN KEY (`id_tipoEquipo`) REFERENCES `tipo_equipo` (`id_tipo`))
in SYSTEMPATH\Database\MySQLi\Connection.php on line 327.
 1 SYSTEMPATH\Database\MySQLi\Connection.php(327): mysqli->query('INSERT INTO `equipo` (`id_tipoEquipo`, `id_estadoEquipo`, `id_modeloEquipo`, `id_unidadOrganicaEquipo`) VALUES (\'computadora\', \'Activo\', \'lenovo\', \'organo institucional\')', 0)
 2 SYSTEMPATH\Database\BaseConnection.php(729): CodeIgniter\Database\MySQLi\Connection->execute('INSERT INTO `equipo` (`id_tipoEquipo`, `id_estadoEquipo`, `id_modeloEquipo`, `id_unidadOrganicaEquipo`) VALUES (\'computadora\', \'Activo\', \'lenovo\', \'organo institucional\')')
 3 SYSTEMPATH\Database\BaseConnection.php(646): CodeIgniter\Database\BaseConnection->simpleQuery('INSERT INTO `equipo` (`id_tipoEquipo`, `id_estadoEquipo`, `id_modeloEquipo`, `id_unidadOrganicaEquipo`) VALUES (\'computadora\', \'Activo\', \'lenovo\', \'organo institucional\')')
 4 SYSTEMPATH\Database\BaseBuilder.php(2345): CodeIgniter\Database\BaseConnection->query('INSERT INTO `equipo` (`id_tipoEquipo`, `id_estadoEquipo`, `id_modeloEquipo`, `id_unidadOrganicaEquipo`) VALUES (:id_tipoEquipo:, :id_estadoEquipo:, :id_modeloEquipo:, :id_unidadOrganicaEquipo:)', [...], false)
 5 SYSTEMPATH\Model.php(394): CodeIgniter\Database\BaseBuilder->insert()
 6 SYSTEMPATH\BaseModel.php(838): CodeIgniter\Model->doInsert([...])
 7 SYSTEMPATH\Model.php(797): CodeIgniter\BaseModel->insert([...], true)
 8 APPPATH\Controllers\Equipos.php(25): CodeIgniter\Model->insert([...])
 9 SYSTEMPATH\CodeIgniter.php(933): App\Controllers\Equipos->guardar()
10 SYSTEMPATH\CodeIgniter.php(507): CodeIgniter\CodeIgniter->runController(Object(App\Controllers\Equipos))
11 SYSTEMPATH\CodeIgniter.php(354): CodeIgniter\CodeIgniter->handleRequest(null, Object(Config\Cache), false)
12 SYSTEMPATH\Boot.php(363): CodeIgniter\CodeIgniter->run()
13 SYSTEMPATH\Boot.php(68): CodeIgniter\Boot::runCodeIgniter(Object(CodeIgniter\CodeIgniter))
14 FCPATH\index.php(59): CodeIgniter\Boot::bootWeb(Object(Config\Paths))
ERROR - 2025-08-31 21:46:12 --> mysqli_sql_exception: Cannot add or update a child row: a foreign key constraint fails (`sistemainventario`.`equipo`, CONSTRAINT `fk_estadoEquipo` FOREIGN KEY (`id_estadoEquipo`) REFERENCES `estadoequipo` (`id_estado`)) in C:\xampp\htdocs\sistemainventario\vendor\codeigniter4\framework\system\Database\MySQLi\Connection.php:327
Stack trace:
#0 C:\xampp\htdocs\sistemainventario\vendor\codeigniter4\framework\system\Database\MySQLi\Connection.php(327): mysqli->query('INSERT INTO `eq...', 0)
#1 C:\xampp\htdocs\sistemainventario\vendor\codeigniter4\framework\system\Database\BaseConnection.php(729): CodeIgniter\Database\MySQLi\Connection->execute('INSERT INTO `eq...')
#2 C:\xampp\htdocs\sistemainventario\vendor\codeigniter4\framework\system\Database\BaseConnection.php(646): CodeIgniter\Database\BaseConnection->simpleQuery('INSERT INTO `eq...')
#3 C:\xampp\htdocs\sistemainventario\vendor\codeigniter4\framework\system\Database\BaseBuilder.php(2345): CodeIgniter\Database\BaseConnection->query('INSERT INTO `eq...', Array, false)
#4 C:\xampp\htdocs\sistemainventario\vendor\codeigniter4\framework\system\Model.php(394): CodeIgniter\Database\BaseBuilder->insert()
#5 C:\xampp\htdocs\sistemainventario\vendor\codeigniter4\framework\system\BaseModel.php(838): CodeIgniter\Model->doInsert(Array)
#6 C:\xampp\htdocs\sistemainventario\vendor\codeigniter4\framework\system\Model.php(797): CodeIgniter\BaseModel->insert(Array, true)
#7 C:\xampp\htdocs\sistemainventario\app\Controllers\Equipos.php(25): CodeIgniter\Model->insert(Array)
#8 C:\xampp\htdocs\sistemainventario\vendor\codeigniter4\framework\system\CodeIgniter.php(933): App\Controllers\Equipos->guardar()
#9 C:\xampp\htdocs\sistemainventario\vendor\codeigniter4\framework\system\CodeIgniter.php(507): CodeIgniter\CodeIgniter->runController(Object(App\Controllers\Equipos))
#10 C:\xampp\htdocs\sistemainventario\vendor\codeigniter4\framework\system\CodeIgniter.php(354): CodeIgniter\CodeIgniter->handleRequest(NULL, Object(Config\Cache), false)
#11 C:\xampp\htdocs\sistemainventario\vendor\codeigniter4\framework\system\Boot.php(363): CodeIgniter\CodeIgniter->run()
#12 C:\xampp\htdocs\sistemainventario\vendor\codeigniter4\framework\system\Boot.php(68): CodeIgniter\Boot::runCodeIgniter(Object(CodeIgniter\CodeIgniter))
#13 C:\xampp\htdocs\sistemainventario\public\index.php(59): CodeIgniter\Boot::bootWeb(Object(Config\Paths))
#14 {main}
CRITICAL - 2025-08-31 21:46:12 --> CodeIgniter\Database\Exceptions\DatabaseException: Cannot add or update a child row: a foreign key constraint fails (`sistemainventario`.`equipo`, CONSTRAINT `fk_estadoEquipo` FOREIGN KEY (`id_estadoEquipo`) REFERENCES `estadoequipo` (`id_estado`))
[Method: POST, Route: equipos/guardar]
in SYSTEMPATH\Database\BaseConnection.php on line 684.
 1 SYSTEMPATH\Database\BaseBuilder.php(2345): CodeIgniter\Database\BaseConnection->query('INSERT INTO `equipo` (`id_tipoEquipo`, `id_estadoEquipo`, `id_modeloEquipo`, `id_unidadOrganicaEquipo`) VALUES (:id_tipoEquipo:, :id_estadoEquipo:, :id_modeloEquipo:, :id_unidadOrganicaEquipo:)', [...], false)
 2 SYSTEMPATH\Model.php(394): CodeIgniter\Database\BaseBuilder->insert()
 3 SYSTEMPATH\BaseModel.php(838): CodeIgniter\Model->doInsert([...])
 4 SYSTEMPATH\Model.php(797): CodeIgniter\BaseModel->insert([...], true)
 5 APPPATH\Controllers\Equipos.php(25): CodeIgniter\Model->insert([...])
 6 SYSTEMPATH\CodeIgniter.php(933): App\Controllers\Equipos->guardar()
 7 SYSTEMPATH\CodeIgniter.php(507): CodeIgniter\CodeIgniter->runController(Object(App\Controllers\Equipos))
 8 SYSTEMPATH\CodeIgniter.php(354): CodeIgniter\CodeIgniter->handleRequest(null, Object(Config\Cache), false)
 9 SYSTEMPATH\Boot.php(363): CodeIgniter\CodeIgniter->run()
10 SYSTEMPATH\Boot.php(68): CodeIgniter\Boot::runCodeIgniter(Object(CodeIgniter\CodeIgniter))
11 FCPATH\index.php(59): CodeIgniter\Boot::bootWeb(Object(Config\Paths))
CRITICAL - 2025-08-31 21:46:12 --> [Caused by] CodeIgniter\Database\Exceptions\DatabaseException: Cannot add or update a child row: a foreign key constraint fails (`sistemainventario`.`equipo`, CONSTRAINT `fk_estadoEquipo` FOREIGN KEY (`id_estadoEquipo`) REFERENCES `estadoequipo` (`id_estado`))
in SYSTEMPATH\Database\MySQLi\Connection.php on line 332.
 1 SYSTEMPATH\Database\BaseConnection.php(729): CodeIgniter\Database\MySQLi\Connection->execute('INSERT INTO `equipo` (`id_tipoEquipo`, `id_estadoEquipo`, `id_modeloEquipo`, `id_unidadOrganicaEquipo`) VALUES (\'1\', \'Activo\', \'1\', \'1\')')
 2 SYSTEMPATH\Database\BaseConnection.php(646): CodeIgniter\Database\BaseConnection->simpleQuery('INSERT INTO `equipo` (`id_tipoEquipo`, `id_estadoEquipo`, `id_modeloEquipo`, `id_unidadOrganicaEquipo`) VALUES (\'1\', \'Activo\', \'1\', \'1\')')
 3 SYSTEMPATH\Database\BaseBuilder.php(2345): CodeIgniter\Database\BaseConnection->query('INSERT INTO `equipo` (`id_tipoEquipo`, `id_estadoEquipo`, `id_modeloEquipo`, `id_unidadOrganicaEquipo`) VALUES (:id_tipoEquipo:, :id_estadoEquipo:, :id_modeloEquipo:, :id_unidadOrganicaEquipo:)', [...], false)
 4 SYSTEMPATH\Model.php(394): CodeIgniter\Database\BaseBuilder->insert()
 5 SYSTEMPATH\BaseModel.php(838): CodeIgniter\Model->doInsert([...])
 6 SYSTEMPATH\Model.php(797): CodeIgniter\BaseModel->insert([...], true)
 7 APPPATH\Controllers\Equipos.php(25): CodeIgniter\Model->insert([...])
 8 SYSTEMPATH\CodeIgniter.php(933): App\Controllers\Equipos->guardar()
 9 SYSTEMPATH\CodeIgniter.php(507): CodeIgniter\CodeIgniter->runController(Object(App\Controllers\Equipos))
10 SYSTEMPATH\CodeIgniter.php(354): CodeIgniter\CodeIgniter->handleRequest(null, Object(Config\Cache), false)
11 SYSTEMPATH\Boot.php(363): CodeIgniter\CodeIgniter->run()
12 SYSTEMPATH\Boot.php(68): CodeIgniter\Boot::runCodeIgniter(Object(CodeIgniter\CodeIgniter))
13 FCPATH\index.php(59): CodeIgniter\Boot::bootWeb(Object(Config\Paths))
CRITICAL - 2025-08-31 21:46:12 --> [Caused by] mysqli_sql_exception: Cannot add or update a child row: a foreign key constraint fails (`sistemainventario`.`equipo`, CONSTRAINT `fk_estadoEquipo` FOREIGN KEY (`id_estadoEquipo`) REFERENCES `estadoequipo` (`id_estado`))
in SYSTEMPATH\Database\MySQLi\Connection.php on line 327.
 1 SYSTEMPATH\Database\MySQLi\Connection.php(327): mysqli->query('INSERT INTO `equipo` (`id_tipoEquipo`, `id_estadoEquipo`, `id_modeloEquipo`, `id_unidadOrganicaEquipo`) VALUES (\'1\', \'Activo\', \'1\', \'1\')', 0)
 2 SYSTEMPATH\Database\BaseConnection.php(729): CodeIgniter\Database\MySQLi\Connection->execute('INSERT INTO `equipo` (`id_tipoEquipo`, `id_estadoEquipo`, `id_modeloEquipo`, `id_unidadOrganicaEquipo`) VALUES (\'1\', \'Activo\', \'1\', \'1\')')
 3 SYSTEMPATH\Database\BaseConnection.php(646): CodeIgniter\Database\BaseConnection->simpleQuery('INSERT INTO `equipo` (`id_tipoEquipo`, `id_estadoEquipo`, `id_modeloEquipo`, `id_unidadOrganicaEquipo`) VALUES (\'1\', \'Activo\', \'1\', \'1\')')
 4 SYSTEMPATH\Database\BaseBuilder.php(2345): CodeIgniter\Database\BaseConnection->query('INSERT INTO `equipo` (`id_tipoEquipo`, `id_estadoEquipo`, `id_modeloEquipo`, `id_unidadOrganicaEquipo`) VALUES (:id_tipoEquipo:, :id_estadoEquipo:, :id_modeloEquipo:, :id_unidadOrganicaEquipo:)', [...], false)
 5 SYSTEMPATH\Model.php(394): CodeIgniter\Database\BaseBuilder->insert()
 6 SYSTEMPATH\BaseModel.php(838): CodeIgniter\Model->doInsert([...])
 7 SYSTEMPATH\Model.php(797): CodeIgniter\BaseModel->insert([...], true)
 8 APPPATH\Controllers\Equipos.php(25): CodeIgniter\Model->insert([...])
 9 SYSTEMPATH\CodeIgniter.php(933): App\Controllers\Equipos->guardar()
10 SYSTEMPATH\CodeIgniter.php(507): CodeIgniter\CodeIgniter->runController(Object(App\Controllers\Equipos))
11 SYSTEMPATH\CodeIgniter.php(354): CodeIgniter\CodeIgniter->handleRequest(null, Object(Config\Cache), false)
12 SYSTEMPATH\Boot.php(363): CodeIgniter\CodeIgniter->run()
13 SYSTEMPATH\Boot.php(68): CodeIgniter\Boot::runCodeIgniter(Object(CodeIgniter\CodeIgniter))
14 FCPATH\index.php(59): CodeIgniter\Boot::bootWeb(Object(Config\Paths))
ERROR - 2025-08-31 21:49:28 --> mysqli_sql_exception: Cannot add or update a child row: a foreign key constraint fails (`sistemainventario`.`equipo`, CONSTRAINT `fk_tipoEquipo` FOREIGN KEY (`id_tipoEquipo`) REFERENCES `tipo_equipo` (`id_tipo`)) in C:\xampp\htdocs\sistemainventario\vendor\codeigniter4\framework\system\Database\MySQLi\Connection.php:327
Stack trace:
#0 C:\xampp\htdocs\sistemainventario\vendor\codeigniter4\framework\system\Database\MySQLi\Connection.php(327): mysqli->query('INSERT INTO `eq...', 0)
#1 C:\xampp\htdocs\sistemainventario\vendor\codeigniter4\framework\system\Database\BaseConnection.php(729): CodeIgniter\Database\MySQLi\Connection->execute('INSERT INTO `eq...')
#2 C:\xampp\htdocs\sistemainventario\vendor\codeigniter4\framework\system\Database\BaseConnection.php(646): CodeIgniter\Database\BaseConnection->simpleQuery('INSERT INTO `eq...')
#3 C:\xampp\htdocs\sistemainventario\vendor\codeigniter4\framework\system\Database\BaseBuilder.php(2345): CodeIgniter\Database\BaseConnection->query('INSERT INTO `eq...', Array, false)
#4 C:\xampp\htdocs\sistemainventario\vendor\codeigniter4\framework\system\Model.php(394): CodeIgniter\Database\BaseBuilder->insert()
#5 C:\xampp\htdocs\sistemainventario\vendor\codeigniter4\framework\system\BaseModel.php(838): CodeIgniter\Model->doInsert(Array)
#6 C:\xampp\htdocs\sistemainventario\vendor\codeigniter4\framework\system\Model.php(797): CodeIgniter\BaseModel->insert(Array, true)
#7 C:\xampp\htdocs\sistemainventario\app\Controllers\Equipos.php(25): CodeIgniter\Model->insert(Array)
#8 C:\xampp\htdocs\sistemainventario\vendor\codeigniter4\framework\system\CodeIgniter.php(933): App\Controllers\Equipos->guardar()
#9 C:\xampp\htdocs\sistemainventario\vendor\codeigniter4\framework\system\CodeIgniter.php(507): CodeIgniter\CodeIgniter->runController(Object(App\Controllers\Equipos))
#10 C:\xampp\htdocs\sistemainventario\vendor\codeigniter4\framework\system\CodeIgniter.php(354): CodeIgniter\CodeIgniter->handleRequest(NULL, Object(Config\Cache), false)
#11 C:\xampp\htdocs\sistemainventario\vendor\codeigniter4\framework\system\Boot.php(363): CodeIgniter\CodeIgniter->run()
#12 C:\xampp\htdocs\sistemainventario\vendor\codeigniter4\framework\system\Boot.php(68): CodeIgniter\Boot::runCodeIgniter(Object(CodeIgniter\CodeIgniter))
#13 C:\xampp\htdocs\sistemainventario\public\index.php(59): CodeIgniter\Boot::bootWeb(Object(Config\Paths))
#14 {main}
CRITICAL - 2025-08-31 21:49:28 --> CodeIgniter\Database\Exceptions\DatabaseException: Cannot add or update a child row: a foreign key constraint fails (`sistemainventario`.`equipo`, CONSTRAINT `fk_tipoEquipo` FOREIGN KEY (`id_tipoEquipo`) REFERENCES `tipo_equipo` (`id_tipo`))
[Method: POST, Route: equipos/guardar]
in SYSTEMPATH\Database\BaseConnection.php on line 684.
 1 SYSTEMPATH\Database\BaseBuilder.php(2345): CodeIgniter\Database\BaseConnection->query('INSERT INTO `equipo` (`id_tipoEquipo`, `id_estadoEquipo`, `id_modeloEquipo`, `id_unidadOrganicaEquipo`) VALUES (:id_tipoEquipo:, :id_estadoEquipo:, :id_modeloEquipo:, :id_unidadOrganicaEquipo:)', [...], false)
 2 SYSTEMPATH\Model.php(394): CodeIgniter\Database\BaseBuilder->insert()
 3 SYSTEMPATH\BaseModel.php(838): CodeIgniter\Model->doInsert([...])
 4 SYSTEMPATH\Model.php(797): CodeIgniter\BaseModel->insert([...], true)
 5 APPPATH\Controllers\Equipos.php(25): CodeIgniter\Model->insert([...])
 6 SYSTEMPATH\CodeIgniter.php(933): App\Controllers\Equipos->guardar()
 7 SYSTEMPATH\CodeIgniter.php(507): CodeIgniter\CodeIgniter->runController(Object(App\Controllers\Equipos))
 8 SYSTEMPATH\CodeIgniter.php(354): CodeIgniter\CodeIgniter->handleRequest(null, Object(Config\Cache), false)
 9 SYSTEMPATH\Boot.php(363): CodeIgniter\CodeIgniter->run()
10 SYSTEMPATH\Boot.php(68): CodeIgniter\Boot::runCodeIgniter(Object(CodeIgniter\CodeIgniter))
11 FCPATH\index.php(59): CodeIgniter\Boot::bootWeb(Object(Config\Paths))
CRITICAL - 2025-08-31 21:49:28 --> [Caused by] CodeIgniter\Database\Exceptions\DatabaseException: Cannot add or update a child row: a foreign key constraint fails (`sistemainventario`.`equipo`, CONSTRAINT `fk_tipoEquipo` FOREIGN KEY (`id_tipoEquipo`) REFERENCES `tipo_equipo` (`id_tipo`))
in SYSTEMPATH\Database\MySQLi\Connection.php on line 332.
 1 SYSTEMPATH\Database\BaseConnection.php(729): CodeIgniter\Database\MySQLi\Connection->execute('INSERT INTO `equipo` (`id_tipoEquipo`, `id_estadoEquipo`, `id_modeloEquipo`, `id_unidadOrganicaEquipo`) VALUES (\'cdsc\', \'Activo\', \'cz\', \'cc\')')
 2 SYSTEMPATH\Database\BaseConnection.php(646): CodeIgniter\Database\BaseConnection->simpleQuery('INSERT INTO `equipo` (`id_tipoEquipo`, `id_estadoEquipo`, `id_modeloEquipo`, `id_unidadOrganicaEquipo`) VALUES (\'cdsc\', \'Activo\', \'cz\', \'cc\')')
 3 SYSTEMPATH\Database\BaseBuilder.php(2345): CodeIgniter\Database\BaseConnection->query('INSERT INTO `equipo` (`id_tipoEquipo`, `id_estadoEquipo`, `id_modeloEquipo`, `id_unidadOrganicaEquipo`) VALUES (:id_tipoEquipo:, :id_estadoEquipo:, :id_modeloEquipo:, :id_unidadOrganicaEquipo:)', [...], false)
 4 SYSTEMPATH\Model.php(394): CodeIgniter\Database\BaseBuilder->insert()
 5 SYSTEMPATH\BaseModel.php(838): CodeIgniter\Model->doInsert([...])
 6 SYSTEMPATH\Model.php(797): CodeIgniter\BaseModel->insert([...], true)
 7 APPPATH\Controllers\Equipos.php(25): CodeIgniter\Model->insert([...])
 8 SYSTEMPATH\CodeIgniter.php(933): App\Controllers\Equipos->guardar()
 9 SYSTEMPATH\CodeIgniter.php(507): CodeIgniter\CodeIgniter->runController(Object(App\Controllers\Equipos))
10 SYSTEMPATH\CodeIgniter.php(354): CodeIgniter\CodeIgniter->handleRequest(null, Object(Config\Cache), false)
11 SYSTEMPATH\Boot.php(363): CodeIgniter\CodeIgniter->run()
12 SYSTEMPATH\Boot.php(68): CodeIgniter\Boot::runCodeIgniter(Object(CodeIgniter\CodeIgniter))
13 FCPATH\index.php(59): CodeIgniter\Boot::bootWeb(Object(Config\Paths))
CRITICAL - 2025-08-31 21:49:28 --> [Caused by] mysqli_sql_exception: Cannot add or update a child row: a foreign key constraint fails (`sistemainventario`.`equipo`, CONSTRAINT `fk_tipoEquipo` FOREIGN KEY (`id_tipoEquipo`) REFERENCES `tipo_equipo` (`id_tipo`))
in SYSTEMPATH\Database\MySQLi\Connection.php on line 327.
 1 SYSTEMPATH\Database\MySQLi\Connection.php(327): mysqli->query('INSERT INTO `equipo` (`id_tipoEquipo`, `id_estadoEquipo`, `id_modeloEquipo`, `id_unidadOrganicaEquipo`) VALUES (\'cdsc\', \'Activo\', \'cz\', \'cc\')', 0)
 2 SYSTEMPATH\Database\BaseConnection.php(729): CodeIgniter\Database\MySQLi\Connection->execute('INSERT INTO `equipo` (`id_tipoEquipo`, `id_estadoEquipo`, `id_modeloEquipo`, `id_unidadOrganicaEquipo`) VALUES (\'cdsc\', \'Activo\', \'cz\', \'cc\')')
 3 SYSTEMPATH\Database\BaseConnection.php(646): CodeIgniter\Database\BaseConnection->simpleQuery('INSERT INTO `equipo` (`id_tipoEquipo`, `id_estadoEquipo`, `id_modeloEquipo`, `id_unidadOrganicaEquipo`) VALUES (\'cdsc\', \'Activo\', \'cz\', \'cc\')')
 4 SYSTEMPATH\Database\BaseBuilder.php(2345): CodeIgniter\Database\BaseConnection->query('INSERT INTO `equipo` (`id_tipoEquipo`, `id_estadoEquipo`, `id_modeloEquipo`, `id_unidadOrganicaEquipo`) VALUES (:id_tipoEquipo:, :id_estadoEquipo:, :id_modeloEquipo:, :id_unidadOrganicaEquipo:)', [...], false)
 5 SYSTEMPATH\Model.php(394): CodeIgniter\Database\BaseBuilder->insert()
 6 SYSTEMPATH\BaseModel.php(838): CodeIgniter\Model->doInsert([...])
 7 SYSTEMPATH\Model.php(797): CodeIgniter\BaseModel->insert([...], true)
 8 APPPATH\Controllers\Equipos.php(25): CodeIgniter\Model->insert([...])
 9 SYSTEMPATH\CodeIgniter.php(933): App\Controllers\Equipos->guardar()
10 SYSTEMPATH\CodeIgniter.php(507): CodeIgniter\CodeIgniter->runController(Object(App\Controllers\Equipos))
11 SYSTEMPATH\CodeIgniter.php(354): CodeIgniter\CodeIgniter->handleRequest(null, Object(Config\Cache), false)
12 SYSTEMPATH\Boot.php(363): CodeIgniter\CodeIgniter->run()
13 SYSTEMPATH\Boot.php(68): CodeIgniter\Boot::runCodeIgniter(Object(CodeIgniter\CodeIgniter))
14 FCPATH\index.php(59): CodeIgniter\Boot::bootWeb(Object(Config\Paths))
ERROR - 2025-08-31 21:54:07 --> mysqli_sql_exception: Cannot add or update a child row: a foreign key constraint fails (`sistemainventario`.`equipo`, CONSTRAINT `fk_estadoEquipo` FOREIGN KEY (`id_estadoEquipo`) REFERENCES `estadoequipo` (`id_estado`)) in C:\xampp\htdocs\sistemainventario\vendor\codeigniter4\framework\system\Database\MySQLi\Connection.php:327
Stack trace:
#0 C:\xampp\htdocs\sistemainventario\vendor\codeigniter4\framework\system\Database\MySQLi\Connection.php(327): mysqli->query('UPDATE `equipo`...', 0)
#1 C:\xampp\htdocs\sistemainventario\vendor\codeigniter4\framework\system\Database\BaseConnection.php(729): CodeIgniter\Database\MySQLi\Connection->execute('UPDATE `equipo`...')
#2 C:\xampp\htdocs\sistemainventario\vendor\codeigniter4\framework\system\Database\BaseConnection.php(646): CodeIgniter\Database\BaseConnection->simpleQuery('UPDATE `equipo`...')
#3 C:\xampp\htdocs\sistemainventario\vendor\codeigniter4\framework\system\Database\BaseBuilder.php(2521): CodeIgniter\Database\BaseConnection->query('UPDATE `equipo`...', Array, false)
#4 C:\xampp\htdocs\sistemainventario\vendor\codeigniter4\framework\system\Model.php(461): CodeIgniter\Database\BaseBuilder->update()
#5 C:\xampp\htdocs\sistemainventario\vendor\codeigniter4\framework\system\BaseModel.php(1025): CodeIgniter\Model->doUpdate(Array, Array)
#6 C:\xampp\htdocs\sistemainventario\vendor\codeigniter4\framework\system\Model.php(860): CodeIgniter\BaseModel->update(Array, Array)
#7 C:\xampp\htdocs\sistemainventario\app\Controllers\Equipos.php(55): CodeIgniter\Model->update('1', Array)
#8 C:\xampp\htdocs\sistemainventario\vendor\codeigniter4\framework\system\CodeIgniter.php(933): App\Controllers\Equipos->actualizar('1')
#9 C:\xampp\htdocs\sistemainventario\vendor\codeigniter4\framework\system\CodeIgniter.php(507): CodeIgniter\CodeIgniter->runController(Object(App\Controllers\Equipos))
#10 C:\xampp\htdocs\sistemainventario\vendor\codeigniter4\framework\system\CodeIgniter.php(354): CodeIgniter\CodeIgniter->handleRequest(NULL, Object(Config\Cache), false)
#11 C:\xampp\htdocs\sistemainventario\vendor\codeigniter4\framework\system\Boot.php(363): CodeIgniter\CodeIgniter->run()
#12 C:\xampp\htdocs\sistemainventario\vendor\codeigniter4\framework\system\Boot.php(68): CodeIgniter\Boot::runCodeIgniter(Object(CodeIgniter\CodeIgniter))
#13 C:\xampp\htdocs\sistemainventario\public\index.php(59): CodeIgniter\Boot::bootWeb(Object(Config\Paths))
#14 {main}
CRITICAL - 2025-08-31 21:54:07 --> CodeIgniter\Database\Exceptions\DatabaseException: Cannot add or update a child row: a foreign key constraint fails (`sistemainventario`.`equipo`, CONSTRAINT `fk_estadoEquipo` FOREIGN KEY (`id_estadoEquipo`) REFERENCES `estadoequipo` (`id_estado`))
[Method: POST, Route: equipos/actualizar/1]
in SYSTEMPATH\Database\BaseConnection.php on line 684.
 1 SYSTEMPATH\Database\BaseBuilder.php(2521): CodeIgniter\Database\BaseConnection->query('UPDATE `equipo` SET `id_tipoEquipo` = :id_tipoEquipo:, `id_estadoEquipo` = :id_estadoEquipo:, `id_modeloEquipo` = :id_modeloEquipo:, `id_unidadOrganicaEquipo` = :id_unidadOrganicaEquipo:
WHERE `equipo`.`id_equipo` IN :equipo.id_equipo:', [...], false)
 2 SYSTEMPATH\Model.php(461): CodeIgniter\Database\BaseBuilder->update()
 3 SYSTEMPATH\BaseModel.php(1025): CodeIgniter\Model->doUpdate([...], [...])
 4 SYSTEMPATH\Model.php(860): CodeIgniter\BaseModel->update([...], [...])
 5 APPPATH\Controllers\Equipos.php(55): CodeIgniter\Model->update('1', [...])
 6 SYSTEMPATH\CodeIgniter.php(933): App\Controllers\Equipos->actualizar('1')
 7 SYSTEMPATH\CodeIgniter.php(507): CodeIgniter\CodeIgniter->runController(Object(App\Controllers\Equipos))
 8 SYSTEMPATH\CodeIgniter.php(354): CodeIgniter\CodeIgniter->handleRequest(null, Object(Config\Cache), false)
 9 SYSTEMPATH\Boot.php(363): CodeIgniter\CodeIgniter->run()
10 SYSTEMPATH\Boot.php(68): CodeIgniter\Boot::runCodeIgniter(Object(CodeIgniter\CodeIgniter))
11 FCPATH\index.php(59): CodeIgniter\Boot::bootWeb(Object(Config\Paths))
CRITICAL - 2025-08-31 21:54:07 --> [Caused by] CodeIgniter\Database\Exceptions\DatabaseException: Cannot add or update a child row: a foreign key constraint fails (`sistemainventario`.`equipo`, CONSTRAINT `fk_estadoEquipo` FOREIGN KEY (`id_estadoEquipo`) REFERENCES `estadoequipo` (`id_estado`))
in SYSTEMPATH\Database\MySQLi\Connection.php on line 332.
 1 SYSTEMPATH\Database\BaseConnection.php(729): CodeIgniter\Database\MySQLi\Connection->execute('UPDATE `equipo` SET `id_tipoEquipo` = \'1\', `id_estadoEquipo` = \'Activo\', `id_modeloEquipo` = \'1\', `id_unidadOrganicaEquipo` = \'1\'
WHERE `equipo`.`id_equipo` IN (\'1\')')
 2 SYSTEMPATH\Database\BaseConnection.php(646): CodeIgniter\Database\BaseConnection->simpleQuery('UPDATE `equipo` SET `id_tipoEquipo` = \'1\', `id_estadoEquipo` = \'Activo\', `id_modeloEquipo` = \'1\', `id_unidadOrganicaEquipo` = \'1\'
WHERE `equipo`.`id_equipo` IN (\'1\')')
 3 SYSTEMPATH\Database\BaseBuilder.php(2521): CodeIgniter\Database\BaseConnection->query('UPDATE `equipo` SET `id_tipoEquipo` = :id_tipoEquipo:, `id_estadoEquipo` = :id_estadoEquipo:, `id_modeloEquipo` = :id_modeloEquipo:, `id_unidadOrganicaEquipo` = :id_unidadOrganicaEquipo:
WHERE `equipo`.`id_equipo` IN :equipo.id_equipo:', [...], false)
 4 SYSTEMPATH\Model.php(461): CodeIgniter\Database\BaseBuilder->update()
 5 SYSTEMPATH\BaseModel.php(1025): CodeIgniter\Model->doUpdate([...], [...])
 6 SYSTEMPATH\Model.php(860): CodeIgniter\BaseModel->update([...], [...])
 7 APPPATH\Controllers\Equipos.php(55): CodeIgniter\Model->update('1', [...])
 8 SYSTEMPATH\CodeIgniter.php(933): App\Controllers\Equipos->actualizar('1')
 9 SYSTEMPATH\CodeIgniter.php(507): CodeIgniter\CodeIgniter->runController(Object(App\Controllers\Equipos))
10 SYSTEMPATH\CodeIgniter.php(354): CodeIgniter\CodeIgniter->handleRequest(null, Object(Config\Cache), false)
11 SYSTEMPATH\Boot.php(363): CodeIgniter\CodeIgniter->run()
12 SYSTEMPATH\Boot.php(68): CodeIgniter\Boot::runCodeIgniter(Object(CodeIgniter\CodeIgniter))
13 FCPATH\index.php(59): CodeIgniter\Boot::bootWeb(Object(Config\Paths))
CRITICAL - 2025-08-31 21:54:07 --> [Caused by] mysqli_sql_exception: Cannot add or update a child row: a foreign key constraint fails (`sistemainventario`.`equipo`, CONSTRAINT `fk_estadoEquipo` FOREIGN KEY (`id_estadoEquipo`) REFERENCES `estadoequipo` (`id_estado`))
in SYSTEMPATH\Database\MySQLi\Connection.php on line 327.
 1 SYSTEMPATH\Database\MySQLi\Connection.php(327): mysqli->query('UPDATE `equipo` SET `id_tipoEquipo` = \'1\', `id_estadoEquipo` = \'Activo\', `id_modeloEquipo` = \'1\', `id_unidadOrganicaEquipo` = \'1\'
WHERE `equipo`.`id_equipo` IN (\'1\')', 0)
 2 SYSTEMPATH\Database\BaseConnection.php(729): CodeIgniter\Database\MySQLi\Connection->execute('UPDATE `equipo` SET `id_tipoEquipo` = \'1\', `id_estadoEquipo` = \'Activo\', `id_modeloEquipo` = \'1\', `id_unidadOrganicaEquipo` = \'1\'
WHERE `equipo`.`id_equipo` IN (\'1\')')
 3 SYSTEMPATH\Database\BaseConnection.php(646): CodeIgniter\Database\BaseConnection->simpleQuery('UPDATE `equipo` SET `id_tipoEquipo` = \'1\', `id_estadoEquipo` = \'Activo\', `id_modeloEquipo` = \'1\', `id_unidadOrganicaEquipo` = \'1\'
WHERE `equipo`.`id_equipo` IN (\'1\')')
 4 SYSTEMPATH\Database\BaseBuilder.php(2521): CodeIgniter\Database\BaseConnection->query('UPDATE `equipo` SET `id_tipoEquipo` = :id_tipoEquipo:, `id_estadoEquipo` = :id_estadoEquipo:, `id_modeloEquipo` = :id_modeloEquipo:, `id_unidadOrganicaEquipo` = :id_unidadOrganicaEquipo:
WHERE `equipo`.`id_equipo` IN :equipo.id_equipo:', [...], false)
 5 SYSTEMPATH\Model.php(461): CodeIgniter\Database\BaseBuilder->update()
 6 SYSTEMPATH\BaseModel.php(1025): CodeIgniter\Model->doUpdate([...], [...])
 7 SYSTEMPATH\Model.php(860): CodeIgniter\BaseModel->update([...], [...])
 8 APPPATH\Controllers\Equipos.php(55): CodeIgniter\Model->update('1', [...])
 9 SYSTEMPATH\CodeIgniter.php(933): App\Controllers\Equipos->actualizar('1')
10 SYSTEMPATH\CodeIgniter.php(507): CodeIgniter\CodeIgniter->runController(Object(App\Controllers\Equipos))
11 SYSTEMPATH\CodeIgniter.php(354): CodeIgniter\CodeIgniter->handleRequest(null, Object(Config\Cache), false)
12 SYSTEMPATH\Boot.php(363): CodeIgniter\CodeIgniter->run()
13 SYSTEMPATH\Boot.php(68): CodeIgniter\Boot::runCodeIgniter(Object(CodeIgniter\CodeIgniter))
14 FCPATH\index.php(59): CodeIgniter\Boot::bootWeb(Object(Config\Paths))
ERROR - 2025-08-31 21:57:06 --> mysqli_sql_exception: Cannot add or update a child row: a foreign key constraint fails (`sistemainventario`.`equipo`, CONSTRAINT `fk_tipoEquipo` FOREIGN KEY (`id_tipoEquipo`) REFERENCES `tipo_equipo` (`id_tipo`)) in C:\xampp\htdocs\sistemainventario\vendor\codeigniter4\framework\system\Database\MySQLi\Connection.php:327
Stack trace:
#0 C:\xampp\htdocs\sistemainventario\vendor\codeigniter4\framework\system\Database\MySQLi\Connection.php(327): mysqli->query('INSERT INTO `eq...', 0)
#1 C:\xampp\htdocs\sistemainventario\vendor\codeigniter4\framework\system\Database\BaseConnection.php(729): CodeIgniter\Database\MySQLi\Connection->execute('INSERT INTO `eq...')
#2 C:\xampp\htdocs\sistemainventario\vendor\codeigniter4\framework\system\Database\BaseConnection.php(646): CodeIgniter\Database\BaseConnection->simpleQuery('INSERT INTO `eq...')
#3 C:\xampp\htdocs\sistemainventario\vendor\codeigniter4\framework\system\Database\BaseBuilder.php(2345): CodeIgniter\Database\BaseConnection->query('INSERT INTO `eq...', Array, false)
#4 C:\xampp\htdocs\sistemainventario\vendor\codeigniter4\framework\system\Model.php(394): CodeIgniter\Database\BaseBuilder->insert()
#5 C:\xampp\htdocs\sistemainventario\vendor\codeigniter4\framework\system\BaseModel.php(838): CodeIgniter\Model->doInsert(Array)
#6 C:\xampp\htdocs\sistemainventario\vendor\codeigniter4\framework\system\Model.php(797): CodeIgniter\BaseModel->insert(Array, true)
#7 C:\xampp\htdocs\sistemainventario\app\Controllers\Equipos.php(25): CodeIgniter\Model->insert(Array)
#8 C:\xampp\htdocs\sistemainventario\vendor\codeigniter4\framework\system\CodeIgniter.php(933): App\Controllers\Equipos->guardar()
#9 C:\xampp\htdocs\sistemainventario\vendor\codeigniter4\framework\system\CodeIgniter.php(507): CodeIgniter\CodeIgniter->runController(Object(App\Controllers\Equipos))
#10 C:\xampp\htdocs\sistemainventario\vendor\codeigniter4\framework\system\CodeIgniter.php(354): CodeIgniter\CodeIgniter->handleRequest(NULL, Object(Config\Cache), false)
#11 C:\xampp\htdocs\sistemainventario\vendor\codeigniter4\framework\system\Boot.php(363): CodeIgniter\CodeIgniter->run()
#12 C:\xampp\htdocs\sistemainventario\vendor\codeigniter4\framework\system\Boot.php(68): CodeIgniter\Boot::runCodeIgniter(Object(CodeIgniter\CodeIgniter))
#13 C:\xampp\htdocs\sistemainventario\public\index.php(59): CodeIgniter\Boot::bootWeb(Object(Config\Paths))
#14 {main}
CRITICAL - 2025-08-31 21:57:06 --> CodeIgniter\Database\Exceptions\DatabaseException: Cannot add or update a child row: a foreign key constraint fails (`sistemainventario`.`equipo`, CONSTRAINT `fk_tipoEquipo` FOREIGN KEY (`id_tipoEquipo`) REFERENCES `tipo_equipo` (`id_tipo`))
[Method: POST, Route: equipos/guardar]
in SYSTEMPATH\Database\BaseConnection.php on line 684.
 1 SYSTEMPATH\Database\BaseBuilder.php(2345): CodeIgniter\Database\BaseConnection->query('INSERT INTO `equipo` (`id_tipoEquipo`, `id_estadoEquipo`, `id_modeloEquipo`, `id_unidadOrganicaEquipo`) VALUES (:id_tipoEquipo:, :id_estadoEquipo:, :id_modeloEquipo:, :id_unidadOrganicaEquipo:)', [...], false)
 2 SYSTEMPATH\Model.php(394): CodeIgniter\Database\BaseBuilder->insert()
 3 SYSTEMPATH\BaseModel.php(838): CodeIgniter\Model->doInsert([...])
 4 SYSTEMPATH\Model.php(797): CodeIgniter\BaseModel->insert([...], true)
 5 APPPATH\Controllers\Equipos.php(25): CodeIgniter\Model->insert([...])
 6 SYSTEMPATH\CodeIgniter.php(933): App\Controllers\Equipos->guardar()
 7 SYSTEMPATH\CodeIgniter.php(507): CodeIgniter\CodeIgniter->runController(Object(App\Controllers\Equipos))
 8 SYSTEMPATH\CodeIgniter.php(354): CodeIgniter\CodeIgniter->handleRequest(null, Object(Config\Cache), false)
 9 SYSTEMPATH\Boot.php(363): CodeIgniter\CodeIgniter->run()
10 SYSTEMPATH\Boot.php(68): CodeIgniter\Boot::runCodeIgniter(Object(CodeIgniter\CodeIgniter))
11 FCPATH\index.php(59): CodeIgniter\Boot::bootWeb(Object(Config\Paths))
CRITICAL - 2025-08-31 21:57:06 --> [Caused by] CodeIgniter\Database\Exceptions\DatabaseException: Cannot add or update a child row: a foreign key constraint fails (`sistemainventario`.`equipo`, CONSTRAINT `fk_tipoEquipo` FOREIGN KEY (`id_tipoEquipo`) REFERENCES `tipo_equipo` (`id_tipo`))
in SYSTEMPATH\Database\MySQLi\Connection.php on line 332.
 1 SYSTEMPATH\Database\BaseConnection.php(729): CodeIgniter\Database\MySQLi\Connection->execute('INSERT INTO `equipo` (`id_tipoEquipo`, `id_estadoEquipo`, `id_modeloEquipo`, `id_unidadOrganicaEquipo`) VALUES (\'Computadora de escritorio\', \'Activo\', \'Lenovo Thinkpad x 1 carbon\', \'RGANO DE CONTROL INSTITUCIONAL\')')
 2 SYSTEMPATH\Database\BaseConnection.php(646): CodeIgniter\Database\BaseConnection->simpleQuery('INSERT INTO `equipo` (`id_tipoEquipo`, `id_estadoEquipo`, `id_modeloEquipo`, `id_unidadOrganicaEquipo`) VALUES (\'Computadora de escritorio\', \'Activo\', \'Lenovo Thinkpad x 1 carbon\', \'RGANO DE CONTROL INSTITUCIONAL\')')
 3 SYSTEMPATH\Database\BaseBuilder.php(2345): CodeIgniter\Database\BaseConnection->query('INSERT INTO `equipo` (`id_tipoEquipo`, `id_estadoEquipo`, `id_modeloEquipo`, `id_unidadOrganicaEquipo`) VALUES (:id_tipoEquipo:, :id_estadoEquipo:, :id_modeloEquipo:, :id_unidadOrganicaEquipo:)', [...], false)
 4 SYSTEMPATH\Model.php(394): CodeIgniter\Database\BaseBuilder->insert()
 5 SYSTEMPATH\BaseModel.php(838): CodeIgniter\Model->doInsert([...])
 6 SYSTEMPATH\Model.php(797): CodeIgniter\BaseModel->insert([...], true)
 7 APPPATH\Controllers\Equipos.php(25): CodeIgniter\Model->insert([...])
 8 SYSTEMPATH\CodeIgniter.php(933): App\Controllers\Equipos->guardar()
 9 SYSTEMPATH\CodeIgniter.php(507): CodeIgniter\CodeIgniter->runController(Object(App\Controllers\Equipos))
10 SYSTEMPATH\CodeIgniter.php(354): CodeIgniter\CodeIgniter->handleRequest(null, Object(Config\Cache), false)
11 SYSTEMPATH\Boot.php(363): CodeIgniter\CodeIgniter->run()
12 SYSTEMPATH\Boot.php(68): CodeIgniter\Boot::runCodeIgniter(Object(CodeIgniter\CodeIgniter))
13 FCPATH\index.php(59): CodeIgniter\Boot::bootWeb(Object(Config\Paths))
CRITICAL - 2025-08-31 21:57:06 --> [Caused by] mysqli_sql_exception: Cannot add or update a child row: a foreign key constraint fails (`sistemainventario`.`equipo`, CONSTRAINT `fk_tipoEquipo` FOREIGN KEY (`id_tipoEquipo`) REFERENCES `tipo_equipo` (`id_tipo`))
in SYSTEMPATH\Database\MySQLi\Connection.php on line 327.
 1 SYSTEMPATH\Database\MySQLi\Connection.php(327): mysqli->query('INSERT INTO `equipo` (`id_tipoEquipo`, `id_estadoEquipo`, `id_modeloEquipo`, `id_unidadOrganicaEquipo`) VALUES (\'Computadora de escritorio\', \'Activo\', \'Lenovo Thinkpad x 1 carbon\', \'RGANO DE CONTROL INSTITUCIONAL\')', 0)
 2 SYSTEMPATH\Database\BaseConnection.php(729): CodeIgniter\Database\MySQLi\Connection->execute('INSERT INTO `equipo` (`id_tipoEquipo`, `id_estadoEquipo`, `id_modeloEquipo`, `id_unidadOrganicaEquipo`) VALUES (\'Computadora de escritorio\', \'Activo\', \'Lenovo Thinkpad x 1 carbon\', \'RGANO DE CONTROL INSTITUCIONAL\')')
 3 SYSTEMPATH\Database\BaseConnection.php(646): CodeIgniter\Database\BaseConnection->simpleQuery('INSERT INTO `equipo` (`id_tipoEquipo`, `id_estadoEquipo`, `id_modeloEquipo`, `id_unidadOrganicaEquipo`) VALUES (\'Computadora de escritorio\', \'Activo\', \'Lenovo Thinkpad x 1 carbon\', \'RGANO DE CONTROL INSTITUCIONAL\')')
 4 SYSTEMPATH\Database\BaseBuilder.php(2345): CodeIgniter\Database\BaseConnection->query('INSERT INTO `equipo` (`id_tipoEquipo`, `id_estadoEquipo`, `id_modeloEquipo`, `id_unidadOrganicaEquipo`) VALUES (:id_tipoEquipo:, :id_estadoEquipo:, :id_modeloEquipo:, :id_unidadOrganicaEquipo:)', [...], false)
 5 SYSTEMPATH\Model.php(394): CodeIgniter\Database\BaseBuilder->insert()
 6 SYSTEMPATH\BaseModel.php(838): CodeIgniter\Model->doInsert([...])
 7 SYSTEMPATH\Model.php(797): CodeIgniter\BaseModel->insert([...], true)
 8 APPPATH\Controllers\Equipos.php(25): CodeIgniter\Model->insert([...])
 9 SYSTEMPATH\CodeIgniter.php(933): App\Controllers\Equipos->guardar()
10 SYSTEMPATH\CodeIgniter.php(507): CodeIgniter\CodeIgniter->runController(Object(App\Controllers\Equipos))
11 SYSTEMPATH\CodeIgniter.php(354): CodeIgniter\CodeIgniter->handleRequest(null, Object(Config\Cache), false)
12 SYSTEMPATH\Boot.php(363): CodeIgniter\CodeIgniter->run()
13 SYSTEMPATH\Boot.php(68): CodeIgniter\Boot::runCodeIgniter(Object(CodeIgniter\CodeIgniter))
14 FCPATH\index.php(59): CodeIgniter\Boot::bootWeb(Object(Config\Paths))
ERROR - 2025-08-31 21:58:11 --> mysqli_sql_exception: Cannot add or update a child row: a foreign key constraint fails (`sistemainventario`.`equipo`, CONSTRAINT `fk_estadoEquipo` FOREIGN KEY (`id_estadoEquipo`) REFERENCES `estadoequipo` (`id_estado`)) in C:\xampp\htdocs\sistemainventario\vendor\codeigniter4\framework\system\Database\MySQLi\Connection.php:327
Stack trace:
#0 C:\xampp\htdocs\sistemainventario\vendor\codeigniter4\framework\system\Database\MySQLi\Connection.php(327): mysqli->query('INSERT INTO `eq...', 0)
#1 C:\xampp\htdocs\sistemainventario\vendor\codeigniter4\framework\system\Database\BaseConnection.php(729): CodeIgniter\Database\MySQLi\Connection->execute('INSERT INTO `eq...')
#2 C:\xampp\htdocs\sistemainventario\vendor\codeigniter4\framework\system\Database\BaseConnection.php(646): CodeIgniter\Database\BaseConnection->simpleQuery('INSERT INTO `eq...')
#3 C:\xampp\htdocs\sistemainventario\vendor\codeigniter4\framework\system\Database\BaseBuilder.php(2345): CodeIgniter\Database\BaseConnection->query('INSERT INTO `eq...', Array, false)
#4 C:\xampp\htdocs\sistemainventario\vendor\codeigniter4\framework\system\Model.php(394): CodeIgniter\Database\BaseBuilder->insert()
#5 C:\xampp\htdocs\sistemainventario\vendor\codeigniter4\framework\system\BaseModel.php(838): CodeIgniter\Model->doInsert(Array)
#6 C:\xampp\htdocs\sistemainventario\vendor\codeigniter4\framework\system\Model.php(797): CodeIgniter\BaseModel->insert(Array, true)
#7 C:\xampp\htdocs\sistemainventario\app\Controllers\Equipos.php(25): CodeIgniter\Model->insert(Array)
#8 C:\xampp\htdocs\sistemainventario\vendor\codeigniter4\framework\system\CodeIgniter.php(933): App\Controllers\Equipos->guardar()
#9 C:\xampp\htdocs\sistemainventario\vendor\codeigniter4\framework\system\CodeIgniter.php(507): CodeIgniter\CodeIgniter->runController(Object(App\Controllers\Equipos))
#10 C:\xampp\htdocs\sistemainventario\vendor\codeigniter4\framework\system\CodeIgniter.php(354): CodeIgniter\CodeIgniter->handleRequest(NULL, Object(Config\Cache), false)
#11 C:\xampp\htdocs\sistemainventario\vendor\codeigniter4\framework\system\Boot.php(363): CodeIgniter\CodeIgniter->run()
#12 C:\xampp\htdocs\sistemainventario\vendor\codeigniter4\framework\system\Boot.php(68): CodeIgniter\Boot::runCodeIgniter(Object(CodeIgniter\CodeIgniter))
#13 C:\xampp\htdocs\sistemainventario\public\index.php(59): CodeIgniter\Boot::bootWeb(Object(Config\Paths))
#14 {main}
CRITICAL - 2025-08-31 21:58:11 --> CodeIgniter\Database\Exceptions\DatabaseException: Cannot add or update a child row: a foreign key constraint fails (`sistemainventario`.`equipo`, CONSTRAINT `fk_estadoEquipo` FOREIGN KEY (`id_estadoEquipo`) REFERENCES `estadoequipo` (`id_estado`))
[Method: POST, Route: equipos/guardar]
in SYSTEMPATH\Database\BaseConnection.php on line 684.
 1 SYSTEMPATH\Database\BaseBuilder.php(2345): CodeIgniter\Database\BaseConnection->query('INSERT INTO `equipo` (`id_tipoEquipo`, `id_estadoEquipo`, `id_modeloEquipo`, `id_unidadOrganicaEquipo`) VALUES (:id_tipoEquipo:, :id_estadoEquipo:, :id_modeloEquipo:, :id_unidadOrganicaEquipo:)', [...], false)
 2 SYSTEMPATH\Model.php(394): CodeIgniter\Database\BaseBuilder->insert()
 3 SYSTEMPATH\BaseModel.php(838): CodeIgniter\Model->doInsert([...])
 4 SYSTEMPATH\Model.php(797): CodeIgniter\BaseModel->insert([...], true)
 5 APPPATH\Controllers\Equipos.php(25): CodeIgniter\Model->insert([...])
 6 SYSTEMPATH\CodeIgniter.php(933): App\Controllers\Equipos->guardar()
 7 SYSTEMPATH\CodeIgniter.php(507): CodeIgniter\CodeIgniter->runController(Object(App\Controllers\Equipos))
 8 SYSTEMPATH\CodeIgniter.php(354): CodeIgniter\CodeIgniter->handleRequest(null, Object(Config\Cache), false)
 9 SYSTEMPATH\Boot.php(363): CodeIgniter\CodeIgniter->run()
10 SYSTEMPATH\Boot.php(68): CodeIgniter\Boot::runCodeIgniter(Object(CodeIgniter\CodeIgniter))
11 FCPATH\index.php(59): CodeIgniter\Boot::bootWeb(Object(Config\Paths))
CRITICAL - 2025-08-31 21:58:11 --> [Caused by] CodeIgniter\Database\Exceptions\DatabaseException: Cannot add or update a child row: a foreign key constraint fails (`sistemainventario`.`equipo`, CONSTRAINT `fk_estadoEquipo` FOREIGN KEY (`id_estadoEquipo`) REFERENCES `estadoequipo` (`id_estado`))
in SYSTEMPATH\Database\MySQLi\Connection.php on line 332.
 1 SYSTEMPATH\Database\BaseConnection.php(729): CodeIgniter\Database\MySQLi\Connection->execute('INSERT INTO `equipo` (`id_tipoEquipo`, `id_estadoEquipo`, `id_modeloEquipo`, `id_unidadOrganicaEquipo`) VALUES (\'1\', \'Activo\', \'1\', \'1\')')
 2 SYSTEMPATH\Database\BaseConnection.php(646): CodeIgniter\Database\BaseConnection->simpleQuery('INSERT INTO `equipo` (`id_tipoEquipo`, `id_estadoEquipo`, `id_modeloEquipo`, `id_unidadOrganicaEquipo`) VALUES (\'1\', \'Activo\', \'1\', \'1\')')
 3 SYSTEMPATH\Database\BaseBuilder.php(2345): CodeIgniter\Database\BaseConnection->query('INSERT INTO `equipo` (`id_tipoEquipo`, `id_estadoEquipo`, `id_modeloEquipo`, `id_unidadOrganicaEquipo`) VALUES (:id_tipoEquipo:, :id_estadoEquipo:, :id_modeloEquipo:, :id_unidadOrganicaEquipo:)', [...], false)
 4 SYSTEMPATH\Model.php(394): CodeIgniter\Database\BaseBuilder->insert()
 5 SYSTEMPATH\BaseModel.php(838): CodeIgniter\Model->doInsert([...])
 6 SYSTEMPATH\Model.php(797): CodeIgniter\BaseModel->insert([...], true)
 7 APPPATH\Controllers\Equipos.php(25): CodeIgniter\Model->insert([...])
 8 SYSTEMPATH\CodeIgniter.php(933): App\Controllers\Equipos->guardar()
 9 SYSTEMPATH\CodeIgniter.php(507): CodeIgniter\CodeIgniter->runController(Object(App\Controllers\Equipos))
10 SYSTEMPATH\CodeIgniter.php(354): CodeIgniter\CodeIgniter->handleRequest(null, Object(Config\Cache), false)
11 SYSTEMPATH\Boot.php(363): CodeIgniter\CodeIgniter->run()
12 SYSTEMPATH\Boot.php(68): CodeIgniter\Boot::runCodeIgniter(Object(CodeIgniter\CodeIgniter))
13 FCPATH\index.php(59): CodeIgniter\Boot::bootWeb(Object(Config\Paths))
CRITICAL - 2025-08-31 21:58:11 --> [Caused by] mysqli_sql_exception: Cannot add or update a child row: a foreign key constraint fails (`sistemainventario`.`equipo`, CONSTRAINT `fk_estadoEquipo` FOREIGN KEY (`id_estadoEquipo`) REFERENCES `estadoequipo` (`id_estado`))
in SYSTEMPATH\Database\MySQLi\Connection.php on line 327.
 1 SYSTEMPATH\Database\MySQLi\Connection.php(327): mysqli->query('INSERT INTO `equipo` (`id_tipoEquipo`, `id_estadoEquipo`, `id_modeloEquipo`, `id_unidadOrganicaEquipo`) VALUES (\'1\', \'Activo\', \'1\', \'1\')', 0)
 2 SYSTEMPATH\Database\BaseConnection.php(729): CodeIgniter\Database\MySQLi\Connection->execute('INSERT INTO `equipo` (`id_tipoEquipo`, `id_estadoEquipo`, `id_modeloEquipo`, `id_unidadOrganicaEquipo`) VALUES (\'1\', \'Activo\', \'1\', \'1\')')
 3 SYSTEMPATH\Database\BaseConnection.php(646): CodeIgniter\Database\BaseConnection->simpleQuery('INSERT INTO `equipo` (`id_tipoEquipo`, `id_estadoEquipo`, `id_modeloEquipo`, `id_unidadOrganicaEquipo`) VALUES (\'1\', \'Activo\', \'1\', \'1\')')
 4 SYSTEMPATH\Database\BaseBuilder.php(2345): CodeIgniter\Database\BaseConnection->query('INSERT INTO `equipo` (`id_tipoEquipo`, `id_estadoEquipo`, `id_modeloEquipo`, `id_unidadOrganicaEquipo`) VALUES (:id_tipoEquipo:, :id_estadoEquipo:, :id_modeloEquipo:, :id_unidadOrganicaEquipo:)', [...], false)
 5 SYSTEMPATH\Model.php(394): CodeIgniter\Database\BaseBuilder->insert()
 6 SYSTEMPATH\BaseModel.php(838): CodeIgniter\Model->doInsert([...])
 7 SYSTEMPATH\Model.php(797): CodeIgniter\BaseModel->insert([...], true)
 8 APPPATH\Controllers\Equipos.php(25): CodeIgniter\Model->insert([...])
 9 SYSTEMPATH\CodeIgniter.php(933): App\Controllers\Equipos->guardar()
10 SYSTEMPATH\CodeIgniter.php(507): CodeIgniter\CodeIgniter->runController(Object(App\Controllers\Equipos))
11 SYSTEMPATH\CodeIgniter.php(354): CodeIgniter\CodeIgniter->handleRequest(null, Object(Config\Cache), false)
12 SYSTEMPATH\Boot.php(363): CodeIgniter\CodeIgniter->run()
13 SYSTEMPATH\Boot.php(68): CodeIgniter\Boot::runCodeIgniter(Object(CodeIgniter\CodeIgniter))
14 FCPATH\index.php(59): CodeIgniter\Boot::bootWeb(Object(Config\Paths))
CRITICAL - 2025-08-31 22:05:26 --> ErrorException: Undefined variable $tipos
[Method: GET, Route: equipos]
in APPPATH\Views\equipos\index.php on line 21.
 1 APPPATH\Views\equipos\index.php(21): CodeIgniter\Debug\Exceptions->errorHandler(2, 'Undefined variable $tipos', 'C:\\xampp\\htdocs\\sistemainventario\\app\\Views\\equipos\\index.php', 21)
 2 SYSTEMPATH\View\View.php(226): include('C:\\xampp\\htdocs\\sistemainventario\\app\\Views\\equipos\\index.php')
 3 SYSTEMPATH\View\View.php(229): CodeIgniter\View\View->CodeIgniter\View\{closure}()
 4 SYSTEMPATH\Common.php(1167): CodeIgniter\View\View->render('equipos/index', [], true)
 5 APPPATH\Controllers\Equipos.php(13): view('equipos/index', [...])
 6 SYSTEMPATH\CodeIgniter.php(933): App\Controllers\Equipos->index()
 7 SYSTEMPATH\CodeIgniter.php(507): CodeIgniter\CodeIgniter->runController(Object(App\Controllers\Equipos))
 8 SYSTEMPATH\CodeIgniter.php(354): CodeIgniter\CodeIgniter->handleRequest(null, Object(Config\Cache), false)
 9 SYSTEMPATH\Boot.php(363): CodeIgniter\CodeIgniter->run()
10 SYSTEMPATH\Boot.php(68): CodeIgniter\Boot::runCodeIgniter(Object(CodeIgniter\CodeIgniter))
11 FCPATH\index.php(59): CodeIgniter\Boot::bootWeb(Object(Config\Paths))
CRITICAL - 2025-08-31 23:31:20 --> ParseError: syntax error, unexpected token "if"
[Method: GET, Route: equipos]
in APPPATH\Controllers\Equipos.php on line 41.
 1 VENDORPATH\composer\ClassLoader.php(427): Composer\Autoload\{closure}('C:\\xampp\\htdocs\\sistemainventario\\vendor\\composer/../../app\\Controllers\\Equipos.php')
 2 [internal function]: Composer\Autoload\ClassLoader->loadClass('App\\Controllers\\Equipos')
 3 SYSTEMPATH\CodeIgniter.php(885): class_exists('\\App\\Controllers\\Equipos', true)
 4 SYSTEMPATH\CodeIgniter.php(494): CodeIgniter\CodeIgniter->startController()
 5 SYSTEMPATH\CodeIgniter.php(354): CodeIgniter\CodeIgniter->handleRequest(null, Object(Config\Cache), false)
 6 SYSTEMPATH\Boot.php(363): CodeIgniter\CodeIgniter->run()
 7 SYSTEMPATH\Boot.php(68): CodeIgniter\Boot::runCodeIgniter(Object(CodeIgniter\CodeIgniter))
 8 FCPATH\index.php(59): CodeIgniter\Boot::bootWeb(Object(Config\Paths))
CRITICAL - 2025-08-31 23:49:08 --> Error: Class "App\Controllers\tipoEquipoModelo" not found
[Method: POST, Route: equipos/guardar]
in APPPATH\Controllers\Equipos.php on line 36.
 1 SYSTEMPATH\CodeIgniter.php(933): App\Controllers\Equipos->guardar()
 2 SYSTEMPATH\CodeIgniter.php(507): CodeIgniter\CodeIgniter->runController(Object(App\Controllers\Equipos))
 3 SYSTEMPATH\CodeIgniter.php(354): CodeIgniter\CodeIgniter->handleRequest(null, Object(Config\Cache), false)
 4 SYSTEMPATH\Boot.php(363): CodeIgniter\CodeIgniter->run()
 5 SYSTEMPATH\Boot.php(68): CodeIgniter\Boot::runCodeIgniter(Object(CodeIgniter\CodeIgniter))
 6 FCPATH\index.php(59): CodeIgniter\Boot::bootWeb(Object(Config\Paths))
CRITICAL - 2025-08-31 23:53:50 --> CodeIgniter\Database\Exceptions\DatabaseException: You must set the database table to be used with your query.
[Method: POST, Route: equipos/guardar]
in SYSTEMPATH\Database\BaseConnection.php on line 944.
 1 SYSTEMPATH\Model.php(713): CodeIgniter\Database\BaseConnection->table(null)
 2 SYSTEMPATH\Model.php(361): CodeIgniter\Model->builder()
 3 SYSTEMPATH\BaseModel.php(838): CodeIgniter\Model->doInsert([...])
 4 SYSTEMPATH\Model.php(797): CodeIgniter\BaseModel->insert([...], true)
 5 APPPATH\Controllers\Equipos.php(44): CodeIgniter\Model->insert([...])
 6 SYSTEMPATH\CodeIgniter.php(933): App\Controllers\Equipos->guardar()
 7 SYSTEMPATH\CodeIgniter.php(507): CodeIgniter\CodeIgniter->runController(Object(App\Controllers\Equipos))
 8 SYSTEMPATH\CodeIgniter.php(354): CodeIgniter\CodeIgniter->handleRequest(null, Object(Config\Cache), false)
 9 SYSTEMPATH\Boot.php(363): CodeIgniter\CodeIgniter->run()
10 SYSTEMPATH\Boot.php(68): CodeIgniter\Boot::runCodeIgniter(Object(CodeIgniter\CodeIgniter))
11 FCPATH\index.php(59): CodeIgniter\Boot::bootWeb(Object(Config\Paths))
CRITICAL - 2025-08-31 23:55:01 --> CodeIgniter\Database\Exceptions\DatabaseException: You must set the database table to be used with your query.
[Method: POST, Route: equipos/guardar]
in SYSTEMPATH\Database\BaseConnection.php on line 944.
 1 SYSTEMPATH\Model.php(713): CodeIgniter\Database\BaseConnection->table(null)
 2 SYSTEMPATH\Model.php(361): CodeIgniter\Model->builder()
 3 SYSTEMPATH\BaseModel.php(838): CodeIgniter\Model->doInsert([...])
 4 SYSTEMPATH\Model.php(797): CodeIgniter\BaseModel->insert([...], true)
 5 APPPATH\Controllers\Equipos.php(44): CodeIgniter\Model->insert([...])
 6 SYSTEMPATH\CodeIgniter.php(933): App\Controllers\Equipos->guardar()
 7 SYSTEMPATH\CodeIgniter.php(507): CodeIgniter\CodeIgniter->runController(Object(App\Controllers\Equipos))
 8 SYSTEMPATH\CodeIgniter.php(354): CodeIgniter\CodeIgniter->handleRequest(null, Object(Config\Cache), false)
 9 SYSTEMPATH\Boot.php(363): CodeIgniter\CodeIgniter->run()
10 SYSTEMPATH\Boot.php(68): CodeIgniter\Boot::runCodeIgniter(Object(CodeIgniter\CodeIgniter))
11 FCPATH\index.php(59): CodeIgniter\Boot::bootWeb(Object(Config\Paths))
CRITICAL - 2025-08-31 23:56:54 --> CodeIgniter\Database\Exceptions\DatabaseException: You must set the database table to be used with your query.
[Method: POST, Route: equipos/guardar]
in SYSTEMPATH\Database\BaseConnection.php on line 944.
 1 SYSTEMPATH\Model.php(713): CodeIgniter\Database\BaseConnection->table(null)
 2 SYSTEMPATH\Model.php(361): CodeIgniter\Model->builder()
 3 SYSTEMPATH\BaseModel.php(838): CodeIgniter\Model->doInsert([...])
 4 SYSTEMPATH\Model.php(797): CodeIgniter\BaseModel->insert([...], true)
 5 APPPATH\Controllers\Equipos.php(44): CodeIgniter\Model->insert([...])
 6 SYSTEMPATH\CodeIgniter.php(933): App\Controllers\Equipos->guardar()
 7 SYSTEMPATH\CodeIgniter.php(507): CodeIgniter\CodeIgniter->runController(Object(App\Controllers\Equipos))
 8 SYSTEMPATH\CodeIgniter.php(354): CodeIgniter\CodeIgniter->handleRequest(null, Object(Config\Cache), false)
 9 SYSTEMPATH\Boot.php(363): CodeIgniter\CodeIgniter->run()
10 SYSTEMPATH\Boot.php(68): CodeIgniter\Boot::runCodeIgniter(Object(CodeIgniter\CodeIgniter))
11 FCPATH\index.php(59): CodeIgniter\Boot::bootWeb(Object(Config\Paths))
CRITICAL - 2025-08-31 23:57:18 --> CodeIgniter\Database\Exceptions\DatabaseException: You must set the database table to be used with your query.
[Method: POST, Route: equipos/guardar]
in SYSTEMPATH\Database\BaseConnection.php on line 944.
 1 SYSTEMPATH\Model.php(713): CodeIgniter\Database\BaseConnection->table(null)
 2 SYSTEMPATH\Model.php(361): CodeIgniter\Model->builder()
 3 SYSTEMPATH\BaseModel.php(838): CodeIgniter\Model->doInsert([...])
 4 SYSTEMPATH\Model.php(797): CodeIgniter\BaseModel->insert([...], true)
 5 APPPATH\Controllers\Equipos.php(44): CodeIgniter\Model->insert([...])
 6 SYSTEMPATH\CodeIgniter.php(933): App\Controllers\Equipos->guardar()
 7 SYSTEMPATH\CodeIgniter.php(507): CodeIgniter\CodeIgniter->runController(Object(App\Controllers\Equipos))
 8 SYSTEMPATH\CodeIgniter.php(354): CodeIgniter\CodeIgniter->handleRequest(null, Object(Config\Cache), false)
 9 SYSTEMPATH\Boot.php(363): CodeIgniter\CodeIgniter->run()
10 SYSTEMPATH\Boot.php(68): CodeIgniter\Boot::runCodeIgniter(Object(CodeIgniter\CodeIgniter))
11 FCPATH\index.php(59): CodeIgniter\Boot::bootWeb(Object(Config\Paths))
