DEBUG - 2025-09-10 03:22:27 --> Session: Class initialized using 'CodeIgniter\Session\Handlers\FileHandler' driver.
DEBUG - 2025-09-10 03:22:37 --> Session: Class initialized using 'CodeIgniter\Session\Handlers\FileHandler' driver.
ERROR - 2025-09-10 03:23:20 --> mysqli_sql_exception: Not unique table/alias: 'equipo' in C:\xampp\htdocs\sistemainventario\vendor\codeigniter4\framework\system\Database\MySQLi\Connection.php:327
Stack trace:
#0 C:\xampp\htdocs\sistemainventario\vendor\codeigniter4\framework\system\Database\MySQLi\Connection.php(327): mysqli->query('SELECT `equipo`...', 0)
#1 C:\xampp\htdocs\sistemainventario\vendor\codeigniter4\framework\system\Database\BaseConnection.php(729): CodeIgniter\Database\MySQLi\Connection->execute('SELECT `equipo`...')
#2 C:\xampp\htdocs\sistemainventario\vendor\codeigniter4\framework\system\Database\BaseConnection.php(646): CodeIgniter\Database\BaseConnection->simpleQuery('SELECT `equipo`...')
#3 C:\xampp\htdocs\sistemainventario\vendor\codeigniter4\framework\system\Database\BaseBuilder.php(1649): CodeIgniter\Database\BaseConnection->query('SELECT `equipo`...', Array, false)
#4 C:\xampp\htdocs\sistemainventario\vendor\codeigniter4\framework\system\Model.php(286): CodeIgniter\Database\BaseBuilder->get()
#5 C:\xampp\htdocs\sistemainventario\vendor\codeigniter4\framework\system\BaseModel.php(677): CodeIgniter\Model->doFindAll(0, 0)
#6 C:\xampp\htdocs\sistemainventario\app\Models\AsignacionEquipoModel.php(28): CodeIgniter\BaseModel->findAll()
#7 C:\xampp\htdocs\sistemainventario\app\Controllers\AequipoAdmin.php(12): App\Models\AsignacionEquipoModel->obtenerAsigAdministrativas()
#8 C:\xampp\htdocs\sistemainventario\vendor\codeigniter4\framework\system\CodeIgniter.php(933): App\Controllers\AequipoAdmin->index()
#9 C:\xampp\htdocs\sistemainventario\vendor\codeigniter4\framework\system\CodeIgniter.php(507): CodeIgniter\CodeIgniter->runController(Object(App\Controllers\AequipoAdmin))
#10 C:\xampp\htdocs\sistemainventario\vendor\codeigniter4\framework\system\CodeIgniter.php(354): CodeIgniter\CodeIgniter->handleRequest(NULL, Object(Config\Cache), false)
#11 C:\xampp\htdocs\sistemainventario\vendor\codeigniter4\framework\system\Boot.php(363): CodeIgniter\CodeIgniter->run()
#12 C:\xampp\htdocs\sistemainventario\vendor\codeigniter4\framework\system\Boot.php(68): CodeIgniter\Boot::runCodeIgniter(Object(CodeIgniter\CodeIgniter))
#13 C:\xampp\htdocs\sistemainventario\public\index.php(59): CodeIgniter\Boot::bootWeb(Object(Config\Paths))
#14 C:\xampp\htdocs\sistemainventario\vendor\codeigniter4\framework\system\rewrite.php(44): require_once('C:\\xampp\\htdocs...')
#15 {main}
CRITICAL - 2025-09-10 03:23:20 --> CodeIgniter\Database\Exceptions\DatabaseException: Not unique table/alias: 'equipo'
[Method: GET, Route: AequiAdminis]
in SYSTEMPATH\Database\BaseConnection.php on line 684.
 1 SYSTEMPATH\Database\BaseBuilder.php(1649): CodeIgniter\Database\BaseConnection->query('SELECT `equipo`.`id_equipo` AS `id_asignacion`, `equipo`.`codigoPatrimonial` AS `codig_patrimonial`, `unidad_organica`.`nombre` AS `unidad_asignada`, `fecha_asignacion` AS `fecha`, `estadoequipo`.`estado` AS `estado`
FROM `equipo`
JOIN `equipo` ON `equipo`.`id_equipo` = `asignacion_equipo`.`id_equipo`
JOIN `unidad_organica` ON `unidad_organica`.`id_unidad_organica` = `asignacion_equipo`.`id_unidad_organica`
WHERE `tipo_unidad_organica`.`id_tipo_unidad` = :tipo_unidad_organica.id_tipo_unidad:', [...], false)
 2 SYSTEMPATH\Model.php(286): CodeIgniter\Database\BaseBuilder->get()
 3 SYSTEMPATH\BaseModel.php(677): CodeIgniter\Model->doFindAll(0, 0)
 4 APPPATH\Models\AsignacionEquipoModel.php(28): CodeIgniter\BaseModel->findAll()
 5 APPPATH\Controllers\AequipoAdmin.php(12): App\Models\AsignacionEquipoModel->obtenerAsigAdministrativas()
 6 SYSTEMPATH\CodeIgniter.php(933): App\Controllers\AequipoAdmin->index()
 7 SYSTEMPATH\CodeIgniter.php(507): CodeIgniter\CodeIgniter->runController(Object(App\Controllers\AequipoAdmin))
 8 SYSTEMPATH\CodeIgniter.php(354): CodeIgniter\CodeIgniter->handleRequest(null, Object(Config\Cache), false)
 9 SYSTEMPATH\Boot.php(363): CodeIgniter\CodeIgniter->run()
10 SYSTEMPATH\Boot.php(68): CodeIgniter\Boot::runCodeIgniter(Object(CodeIgniter\CodeIgniter))
11 FCPATH\index.php(59): CodeIgniter\Boot::bootWeb(Object(Config\Paths))
12 SYSTEMPATH\rewrite.php(44): require_once('C:\\xampp\\htdocs\\sistemainventario\\public\\index.php')
CRITICAL - 2025-09-10 03:23:20 --> [Caused by] CodeIgniter\Database\Exceptions\DatabaseException: Not unique table/alias: 'equipo'
in SYSTEMPATH\Database\MySQLi\Connection.php on line 332.
 1 SYSTEMPATH\Database\BaseConnection.php(729): CodeIgniter\Database\MySQLi\Connection->execute('SELECT `equipo`.`id_equipo` AS `id_asignacion`, `equipo`.`codigoPatrimonial` AS `codig_patrimonial`, `unidad_organica`.`nombre` AS `unidad_asignada`, `fecha_asignacion` AS `fecha`, `estadoequipo`.`estado` AS `estado`
FROM `equipo`
JOIN `equipo` ON `equipo`.`id_equipo` = `asignacion_equipo`.`id_equipo`
JOIN `unidad_organica` ON `unidad_organica`.`id_unidad_organica` = `asignacion_equipo`.`id_unidad_organica`
WHERE `tipo_unidad_organica`.`id_tipo_unidad` = 1')
 2 SYSTEMPATH\Database\BaseConnection.php(646): CodeIgniter\Database\BaseConnection->simpleQuery('SELECT `equipo`.`id_equipo` AS `id_asignacion`, `equipo`.`codigoPatrimonial` AS `codig_patrimonial`, `unidad_organica`.`nombre` AS `unidad_asignada`, `fecha_asignacion` AS `fecha`, `estadoequipo`.`estado` AS `estado`
FROM `equipo`
JOIN `equipo` ON `equipo`.`id_equipo` = `asignacion_equipo`.`id_equipo`
JOIN `unidad_organica` ON `unidad_organica`.`id_unidad_organica` = `asignacion_equipo`.`id_unidad_organica`
WHERE `tipo_unidad_organica`.`id_tipo_unidad` = 1')
 3 SYSTEMPATH\Database\BaseBuilder.php(1649): CodeIgniter\Database\BaseConnection->query('SELECT `equipo`.`id_equipo` AS `id_asignacion`, `equipo`.`codigoPatrimonial` AS `codig_patrimonial`, `unidad_organica`.`nombre` AS `unidad_asignada`, `fecha_asignacion` AS `fecha`, `estadoequipo`.`estado` AS `estado`
FROM `equipo`
JOIN `equipo` ON `equipo`.`id_equipo` = `asignacion_equipo`.`id_equipo`
JOIN `unidad_organica` ON `unidad_organica`.`id_unidad_organica` = `asignacion_equipo`.`id_unidad_organica`
WHERE `tipo_unidad_organica`.`id_tipo_unidad` = :tipo_unidad_organica.id_tipo_unidad:', [...], false)
 4 SYSTEMPATH\Model.php(286): CodeIgniter\Database\BaseBuilder->get()
 5 SYSTEMPATH\BaseModel.php(677): CodeIgniter\Model->doFindAll(0, 0)
 6 APPPATH\Models\AsignacionEquipoModel.php(28): CodeIgniter\BaseModel->findAll()
 7 APPPATH\Controllers\AequipoAdmin.php(12): App\Models\AsignacionEquipoModel->obtenerAsigAdministrativas()
 8 SYSTEMPATH\CodeIgniter.php(933): App\Controllers\AequipoAdmin->index()
 9 SYSTEMPATH\CodeIgniter.php(507): CodeIgniter\CodeIgniter->runController(Object(App\Controllers\AequipoAdmin))
10 SYSTEMPATH\CodeIgniter.php(354): CodeIgniter\CodeIgniter->handleRequest(null, Object(Config\Cache), false)
11 SYSTEMPATH\Boot.php(363): CodeIgniter\CodeIgniter->run()
12 SYSTEMPATH\Boot.php(68): CodeIgniter\Boot::runCodeIgniter(Object(CodeIgniter\CodeIgniter))
13 FCPATH\index.php(59): CodeIgniter\Boot::bootWeb(Object(Config\Paths))
14 SYSTEMPATH\rewrite.php(44): require_once('C:\\xampp\\htdocs\\sistemainventario\\public\\index.php')
CRITICAL - 2025-09-10 03:23:20 --> [Caused by] mysqli_sql_exception: Not unique table/alias: 'equipo'
in SYSTEMPATH\Database\MySQLi\Connection.php on line 327.
 1 SYSTEMPATH\Database\MySQLi\Connection.php(327): mysqli->query('SELECT `equipo`.`id_equipo` AS `id_asignacion`, `equipo`.`codigoPatrimonial` AS `codig_patrimonial`, `unidad_organica`.`nombre` AS `unidad_asignada`, `fecha_asignacion` AS `fecha`, `estadoequipo`.`estado` AS `estado`
FROM `equipo`
JOIN `equipo` ON `equipo`.`id_equipo` = `asignacion_equipo`.`id_equipo`
JOIN `unidad_organica` ON `unidad_organica`.`id_unidad_organica` = `asignacion_equipo`.`id_unidad_organica`
WHERE `tipo_unidad_organica`.`id_tipo_unidad` = 1', 0)
 2 SYSTEMPATH\Database\BaseConnection.php(729): CodeIgniter\Database\MySQLi\Connection->execute('SELECT `equipo`.`id_equipo` AS `id_asignacion`, `equipo`.`codigoPatrimonial` AS `codig_patrimonial`, `unidad_organica`.`nombre` AS `unidad_asignada`, `fecha_asignacion` AS `fecha`, `estadoequipo`.`estado` AS `estado`
FROM `equipo`
JOIN `equipo` ON `equipo`.`id_equipo` = `asignacion_equipo`.`id_equipo`
JOIN `unidad_organica` ON `unidad_organica`.`id_unidad_organica` = `asignacion_equipo`.`id_unidad_organica`
WHERE `tipo_unidad_organica`.`id_tipo_unidad` = 1')
 3 SYSTEMPATH\Database\BaseConnection.php(646): CodeIgniter\Database\BaseConnection->simpleQuery('SELECT `equipo`.`id_equipo` AS `id_asignacion`, `equipo`.`codigoPatrimonial` AS `codig_patrimonial`, `unidad_organica`.`nombre` AS `unidad_asignada`, `fecha_asignacion` AS `fecha`, `estadoequipo`.`estado` AS `estado`
FROM `equipo`
JOIN `equipo` ON `equipo`.`id_equipo` = `asignacion_equipo`.`id_equipo`
JOIN `unidad_organica` ON `unidad_organica`.`id_unidad_organica` = `asignacion_equipo`.`id_unidad_organica`
WHERE `tipo_unidad_organica`.`id_tipo_unidad` = 1')
 4 SYSTEMPATH\Database\BaseBuilder.php(1649): CodeIgniter\Database\BaseConnection->query('SELECT `equipo`.`id_equipo` AS `id_asignacion`, `equipo`.`codigoPatrimonial` AS `codig_patrimonial`, `unidad_organica`.`nombre` AS `unidad_asignada`, `fecha_asignacion` AS `fecha`, `estadoequipo`.`estado` AS `estado`
FROM `equipo`
JOIN `equipo` ON `equipo`.`id_equipo` = `asignacion_equipo`.`id_equipo`
JOIN `unidad_organica` ON `unidad_organica`.`id_unidad_organica` = `asignacion_equipo`.`id_unidad_organica`
WHERE `tipo_unidad_organica`.`id_tipo_unidad` = :tipo_unidad_organica.id_tipo_unidad:', [...], false)
 5 SYSTEMPATH\Model.php(286): CodeIgniter\Database\BaseBuilder->get()
 6 SYSTEMPATH\BaseModel.php(677): CodeIgniter\Model->doFindAll(0, 0)
 7 APPPATH\Models\AsignacionEquipoModel.php(28): CodeIgniter\BaseModel->findAll()
 8 APPPATH\Controllers\AequipoAdmin.php(12): App\Models\AsignacionEquipoModel->obtenerAsigAdministrativas()
 9 SYSTEMPATH\CodeIgniter.php(933): App\Controllers\AequipoAdmin->index()
10 SYSTEMPATH\CodeIgniter.php(507): CodeIgniter\CodeIgniter->runController(Object(App\Controllers\AequipoAdmin))
11 SYSTEMPATH\CodeIgniter.php(354): CodeIgniter\CodeIgniter->handleRequest(null, Object(Config\Cache), false)
12 SYSTEMPATH\Boot.php(363): CodeIgniter\CodeIgniter->run()
13 SYSTEMPATH\Boot.php(68): CodeIgniter\Boot::runCodeIgniter(Object(CodeIgniter\CodeIgniter))
14 FCPATH\index.php(59): CodeIgniter\Boot::bootWeb(Object(Config\Paths))
15 SYSTEMPATH\rewrite.php(44): require_once('C:\\xampp\\htdocs\\sistemainventario\\public\\index.php')
ERROR - 2025-09-10 03:23:39 --> mysqli_sql_exception: Not unique table/alias: 'equipo' in C:\xampp\htdocs\sistemainventario\vendor\codeigniter4\framework\system\Database\MySQLi\Connection.php:327
Stack trace:
#0 C:\xampp\htdocs\sistemainventario\vendor\codeigniter4\framework\system\Database\MySQLi\Connection.php(327): mysqli->query('SELECT `equipo`...', 0)
#1 C:\xampp\htdocs\sistemainventario\vendor\codeigniter4\framework\system\Database\BaseConnection.php(729): CodeIgniter\Database\MySQLi\Connection->execute('SELECT `equipo`...')
#2 C:\xampp\htdocs\sistemainventario\vendor\codeigniter4\framework\system\Database\BaseConnection.php(646): CodeIgniter\Database\BaseConnection->simpleQuery('SELECT `equipo`...')
#3 C:\xampp\htdocs\sistemainventario\vendor\codeigniter4\framework\system\Database\BaseBuilder.php(1649): CodeIgniter\Database\BaseConnection->query('SELECT `equipo`...', Array, false)
#4 C:\xampp\htdocs\sistemainventario\vendor\codeigniter4\framework\system\Model.php(286): CodeIgniter\Database\BaseBuilder->get()
#5 C:\xampp\htdocs\sistemainventario\vendor\codeigniter4\framework\system\BaseModel.php(677): CodeIgniter\Model->doFindAll(0, 0)
#6 C:\xampp\htdocs\sistemainventario\app\Models\AsignacionEquipoModel.php(28): CodeIgniter\BaseModel->findAll()
#7 C:\xampp\htdocs\sistemainventario\app\Controllers\AequipoAdmin.php(12): App\Models\AsignacionEquipoModel->obtenerAsigAdministrativas()
#8 C:\xampp\htdocs\sistemainventario\vendor\codeigniter4\framework\system\CodeIgniter.php(933): App\Controllers\AequipoAdmin->index()
#9 C:\xampp\htdocs\sistemainventario\vendor\codeigniter4\framework\system\CodeIgniter.php(507): CodeIgniter\CodeIgniter->runController(Object(App\Controllers\AequipoAdmin))
#10 C:\xampp\htdocs\sistemainventario\vendor\codeigniter4\framework\system\CodeIgniter.php(354): CodeIgniter\CodeIgniter->handleRequest(NULL, Object(Config\Cache), false)
#11 C:\xampp\htdocs\sistemainventario\vendor\codeigniter4\framework\system\Boot.php(363): CodeIgniter\CodeIgniter->run()
#12 C:\xampp\htdocs\sistemainventario\vendor\codeigniter4\framework\system\Boot.php(68): CodeIgniter\Boot::runCodeIgniter(Object(CodeIgniter\CodeIgniter))
#13 C:\xampp\htdocs\sistemainventario\public\index.php(59): CodeIgniter\Boot::bootWeb(Object(Config\Paths))
#14 C:\xampp\htdocs\sistemainventario\vendor\codeigniter4\framework\system\rewrite.php(44): require_once('C:\\xampp\\htdocs...')
#15 {main}
CRITICAL - 2025-09-10 03:23:39 --> CodeIgniter\Database\Exceptions\DatabaseException: Not unique table/alias: 'equipo'
[Method: GET, Route: AequiAdminis]
in SYSTEMPATH\Database\BaseConnection.php on line 684.
 1 SYSTEMPATH\Database\BaseBuilder.php(1649): CodeIgniter\Database\BaseConnection->query('SELECT `equipo`.`id_equipo` AS `id_asignacion`, `equipo`.`codigoPatrimonial` AS `codig_patrimonial`, `unidad_organica`.`nombre` AS `unidad_asignada`, `fecha_asignacion` AS `fecha`, `estadoequipo`.`estado` AS `estado`
FROM `equipo`
JOIN `equipo` ON `equipo`.`id_equipo` = `asignacion_equipo`.`id_equipo`
JOIN `unidad_organica` ON `unidad_organica`.`id_unidad_organica` = `asignacion_equipo`.`id_unidad_organica`
WHERE `tipo_unidad_organica`.`id_tipo_unidad` = :tipo_unidad_organica.id_tipo_unidad:', [...], false)
 2 SYSTEMPATH\Model.php(286): CodeIgniter\Database\BaseBuilder->get()
 3 SYSTEMPATH\BaseModel.php(677): CodeIgniter\Model->doFindAll(0, 0)
 4 APPPATH\Models\AsignacionEquipoModel.php(28): CodeIgniter\BaseModel->findAll()
 5 APPPATH\Controllers\AequipoAdmin.php(12): App\Models\AsignacionEquipoModel->obtenerAsigAdministrativas()
 6 SYSTEMPATH\CodeIgniter.php(933): App\Controllers\AequipoAdmin->index()
 7 SYSTEMPATH\CodeIgniter.php(507): CodeIgniter\CodeIgniter->runController(Object(App\Controllers\AequipoAdmin))
 8 SYSTEMPATH\CodeIgniter.php(354): CodeIgniter\CodeIgniter->handleRequest(null, Object(Config\Cache), false)
 9 SYSTEMPATH\Boot.php(363): CodeIgniter\CodeIgniter->run()
10 SYSTEMPATH\Boot.php(68): CodeIgniter\Boot::runCodeIgniter(Object(CodeIgniter\CodeIgniter))
11 FCPATH\index.php(59): CodeIgniter\Boot::bootWeb(Object(Config\Paths))
12 SYSTEMPATH\rewrite.php(44): require_once('C:\\xampp\\htdocs\\sistemainventario\\public\\index.php')
CRITICAL - 2025-09-10 03:23:39 --> [Caused by] CodeIgniter\Database\Exceptions\DatabaseException: Not unique table/alias: 'equipo'
in SYSTEMPATH\Database\MySQLi\Connection.php on line 332.
 1 SYSTEMPATH\Database\BaseConnection.php(729): CodeIgniter\Database\MySQLi\Connection->execute('SELECT `equipo`.`id_equipo` AS `id_asignacion`, `equipo`.`codigoPatrimonial` AS `codig_patrimonial`, `unidad_organica`.`nombre` AS `unidad_asignada`, `fecha_asignacion` AS `fecha`, `estadoequipo`.`estado` AS `estado`
FROM `equipo`
JOIN `equipo` ON `equipo`.`id_equipo` = `asignacion_equipo`.`id_equipo`
JOIN `unidad_organica` ON `unidad_organica`.`id_unidad_organica` = `asignacion_equipo`.`id_unidad_organica`
WHERE `tipo_unidad_organica`.`id_tipo_unidad` = 1')
 2 SYSTEMPATH\Database\BaseConnection.php(646): CodeIgniter\Database\BaseConnection->simpleQuery('SELECT `equipo`.`id_equipo` AS `id_asignacion`, `equipo`.`codigoPatrimonial` AS `codig_patrimonial`, `unidad_organica`.`nombre` AS `unidad_asignada`, `fecha_asignacion` AS `fecha`, `estadoequipo`.`estado` AS `estado`
FROM `equipo`
JOIN `equipo` ON `equipo`.`id_equipo` = `asignacion_equipo`.`id_equipo`
JOIN `unidad_organica` ON `unidad_organica`.`id_unidad_organica` = `asignacion_equipo`.`id_unidad_organica`
WHERE `tipo_unidad_organica`.`id_tipo_unidad` = 1')
 3 SYSTEMPATH\Database\BaseBuilder.php(1649): CodeIgniter\Database\BaseConnection->query('SELECT `equipo`.`id_equipo` AS `id_asignacion`, `equipo`.`codigoPatrimonial` AS `codig_patrimonial`, `unidad_organica`.`nombre` AS `unidad_asignada`, `fecha_asignacion` AS `fecha`, `estadoequipo`.`estado` AS `estado`
FROM `equipo`
JOIN `equipo` ON `equipo`.`id_equipo` = `asignacion_equipo`.`id_equipo`
JOIN `unidad_organica` ON `unidad_organica`.`id_unidad_organica` = `asignacion_equipo`.`id_unidad_organica`
WHERE `tipo_unidad_organica`.`id_tipo_unidad` = :tipo_unidad_organica.id_tipo_unidad:', [...], false)
 4 SYSTEMPATH\Model.php(286): CodeIgniter\Database\BaseBuilder->get()
 5 SYSTEMPATH\BaseModel.php(677): CodeIgniter\Model->doFindAll(0, 0)
 6 APPPATH\Models\AsignacionEquipoModel.php(28): CodeIgniter\BaseModel->findAll()
 7 APPPATH\Controllers\AequipoAdmin.php(12): App\Models\AsignacionEquipoModel->obtenerAsigAdministrativas()
 8 SYSTEMPATH\CodeIgniter.php(933): App\Controllers\AequipoAdmin->index()
 9 SYSTEMPATH\CodeIgniter.php(507): CodeIgniter\CodeIgniter->runController(Object(App\Controllers\AequipoAdmin))
10 SYSTEMPATH\CodeIgniter.php(354): CodeIgniter\CodeIgniter->handleRequest(null, Object(Config\Cache), false)
11 SYSTEMPATH\Boot.php(363): CodeIgniter\CodeIgniter->run()
12 SYSTEMPATH\Boot.php(68): CodeIgniter\Boot::runCodeIgniter(Object(CodeIgniter\CodeIgniter))
13 FCPATH\index.php(59): CodeIgniter\Boot::bootWeb(Object(Config\Paths))
14 SYSTEMPATH\rewrite.php(44): require_once('C:\\xampp\\htdocs\\sistemainventario\\public\\index.php')
CRITICAL - 2025-09-10 03:23:39 --> [Caused by] mysqli_sql_exception: Not unique table/alias: 'equipo'
in SYSTEMPATH\Database\MySQLi\Connection.php on line 327.
 1 SYSTEMPATH\Database\MySQLi\Connection.php(327): mysqli->query('SELECT `equipo`.`id_equipo` AS `id_asignacion`, `equipo`.`codigoPatrimonial` AS `codig_patrimonial`, `unidad_organica`.`nombre` AS `unidad_asignada`, `fecha_asignacion` AS `fecha`, `estadoequipo`.`estado` AS `estado`
FROM `equipo`
JOIN `equipo` ON `equipo`.`id_equipo` = `asignacion_equipo`.`id_equipo`
JOIN `unidad_organica` ON `unidad_organica`.`id_unidad_organica` = `asignacion_equipo`.`id_unidad_organica`
WHERE `tipo_unidad_organica`.`id_tipo_unidad` = 1', 0)
 2 SYSTEMPATH\Database\BaseConnection.php(729): CodeIgniter\Database\MySQLi\Connection->execute('SELECT `equipo`.`id_equipo` AS `id_asignacion`, `equipo`.`codigoPatrimonial` AS `codig_patrimonial`, `unidad_organica`.`nombre` AS `unidad_asignada`, `fecha_asignacion` AS `fecha`, `estadoequipo`.`estado` AS `estado`
FROM `equipo`
JOIN `equipo` ON `equipo`.`id_equipo` = `asignacion_equipo`.`id_equipo`
JOIN `unidad_organica` ON `unidad_organica`.`id_unidad_organica` = `asignacion_equipo`.`id_unidad_organica`
WHERE `tipo_unidad_organica`.`id_tipo_unidad` = 1')
 3 SYSTEMPATH\Database\BaseConnection.php(646): CodeIgniter\Database\BaseConnection->simpleQuery('SELECT `equipo`.`id_equipo` AS `id_asignacion`, `equipo`.`codigoPatrimonial` AS `codig_patrimonial`, `unidad_organica`.`nombre` AS `unidad_asignada`, `fecha_asignacion` AS `fecha`, `estadoequipo`.`estado` AS `estado`
FROM `equipo`
JOIN `equipo` ON `equipo`.`id_equipo` = `asignacion_equipo`.`id_equipo`
JOIN `unidad_organica` ON `unidad_organica`.`id_unidad_organica` = `asignacion_equipo`.`id_unidad_organica`
WHERE `tipo_unidad_organica`.`id_tipo_unidad` = 1')
 4 SYSTEMPATH\Database\BaseBuilder.php(1649): CodeIgniter\Database\BaseConnection->query('SELECT `equipo`.`id_equipo` AS `id_asignacion`, `equipo`.`codigoPatrimonial` AS `codig_patrimonial`, `unidad_organica`.`nombre` AS `unidad_asignada`, `fecha_asignacion` AS `fecha`, `estadoequipo`.`estado` AS `estado`
FROM `equipo`
JOIN `equipo` ON `equipo`.`id_equipo` = `asignacion_equipo`.`id_equipo`
JOIN `unidad_organica` ON `unidad_organica`.`id_unidad_organica` = `asignacion_equipo`.`id_unidad_organica`
WHERE `tipo_unidad_organica`.`id_tipo_unidad` = :tipo_unidad_organica.id_tipo_unidad:', [...], false)
 5 SYSTEMPATH\Model.php(286): CodeIgniter\Database\BaseBuilder->get()
 6 SYSTEMPATH\BaseModel.php(677): CodeIgniter\Model->doFindAll(0, 0)
 7 APPPATH\Models\AsignacionEquipoModel.php(28): CodeIgniter\BaseModel->findAll()
 8 APPPATH\Controllers\AequipoAdmin.php(12): App\Models\AsignacionEquipoModel->obtenerAsigAdministrativas()
 9 SYSTEMPATH\CodeIgniter.php(933): App\Controllers\AequipoAdmin->index()
10 SYSTEMPATH\CodeIgniter.php(507): CodeIgniter\CodeIgniter->runController(Object(App\Controllers\AequipoAdmin))
11 SYSTEMPATH\CodeIgniter.php(354): CodeIgniter\CodeIgniter->handleRequest(null, Object(Config\Cache), false)
12 SYSTEMPATH\Boot.php(363): CodeIgniter\CodeIgniter->run()
13 SYSTEMPATH\Boot.php(68): CodeIgniter\Boot::runCodeIgniter(Object(CodeIgniter\CodeIgniter))
14 FCPATH\index.php(59): CodeIgniter\Boot::bootWeb(Object(Config\Paths))
15 SYSTEMPATH\rewrite.php(44): require_once('C:\\xampp\\htdocs\\sistemainventario\\public\\index.php')
CRITICAL - 2025-09-10 03:57:42 --> ErrorException: Undefined variable $AsignacionEquipoModel
[Method: GET, Route: AequiAdminis]
in APPPATH\Controllers\AequipoAdmin.php on line 13.
 1 APPPATH\Controllers\AequipoAdmin.php(13): CodeIgniter\Debug\Exceptions->errorHandler(2, 'Undefined variable $AsignacionEquipoModel', 'C:\\xampp\\htdocs\\sistemainventario\\app\\Controllers\\AequipoAdmin.php', 13)
 2 SYSTEMPATH\CodeIgniter.php(933): App\Controllers\AequipoAdmin->index()
 3 SYSTEMPATH\CodeIgniter.php(507): CodeIgniter\CodeIgniter->runController(Object(App\Controllers\AequipoAdmin))
 4 SYSTEMPATH\CodeIgniter.php(354): CodeIgniter\CodeIgniter->handleRequest(null, Object(Config\Cache), false)
 5 SYSTEMPATH\Boot.php(363): CodeIgniter\CodeIgniter->run()
 6 SYSTEMPATH\Boot.php(68): CodeIgniter\Boot::runCodeIgniter(Object(CodeIgniter\CodeIgniter))
 7 FCPATH\index.php(59): CodeIgniter\Boot::bootWeb(Object(Config\Paths))
 8 SYSTEMPATH\rewrite.php(44): require_once('C:\\xampp\\htdocs\\sistemainventario\\public\\index.php')
CRITICAL - 2025-09-10 03:57:44 --> ParseError: syntax error, unexpected token "endforeach", expecting "elseif" or "else" or "endif"
[Method: GET, Route: AequiAcademi]
in APPPATH\Views\AequiAcademico.php on line 29.
 1 SYSTEMPATH\View\View.php(229): CodeIgniter\View\View->CodeIgniter\View\{closure}()
 2 SYSTEMPATH\Common.php(1167): CodeIgniter\View\View->render('AequiAcademico', [], true)
 3 APPPATH\Controllers\AequipoAcadem.php(9): view('AequiAcademico')
 4 SYSTEMPATH\CodeIgniter.php(933): App\Controllers\AequipoAcadem->index()
 5 SYSTEMPATH\CodeIgniter.php(507): CodeIgniter\CodeIgniter->runController(Object(App\Controllers\AequipoAcadem))
 6 SYSTEMPATH\CodeIgniter.php(354): CodeIgniter\CodeIgniter->handleRequest(null, Object(Config\Cache), false)
 7 SYSTEMPATH\Boot.php(363): CodeIgniter\CodeIgniter->run()
 8 SYSTEMPATH\Boot.php(68): CodeIgniter\Boot::runCodeIgniter(Object(CodeIgniter\CodeIgniter))
 9 FCPATH\index.php(59): CodeIgniter\Boot::bootWeb(Object(Config\Paths))
10 SYSTEMPATH\rewrite.php(44): require_once('C:\\xampp\\htdocs\\sistemainventario\\public\\index.php')
CRITICAL - 2025-09-10 03:57:49 --> ErrorException: Undefined variable $AsignacionEquipoModel
[Method: GET, Route: AequiAdminis]
in APPPATH\Controllers\AequipoAdmin.php on line 13.
 1 APPPATH\Controllers\AequipoAdmin.php(13): CodeIgniter\Debug\Exceptions->errorHandler(2, 'Undefined variable $AsignacionEquipoModel', 'C:\\xampp\\htdocs\\sistemainventario\\app\\Controllers\\AequipoAdmin.php', 13)
 2 SYSTEMPATH\CodeIgniter.php(933): App\Controllers\AequipoAdmin->index()
 3 SYSTEMPATH\CodeIgniter.php(507): CodeIgniter\CodeIgniter->runController(Object(App\Controllers\AequipoAdmin))
 4 SYSTEMPATH\CodeIgniter.php(354): CodeIgniter\CodeIgniter->handleRequest(null, Object(Config\Cache), false)
 5 SYSTEMPATH\Boot.php(363): CodeIgniter\CodeIgniter->run()
 6 SYSTEMPATH\Boot.php(68): CodeIgniter\Boot::runCodeIgniter(Object(CodeIgniter\CodeIgniter))
 7 FCPATH\index.php(59): CodeIgniter\Boot::bootWeb(Object(Config\Paths))
 8 SYSTEMPATH\rewrite.php(44): require_once('C:\\xampp\\htdocs\\sistemainventario\\public\\index.php')
CRITICAL - 2025-09-10 03:59:35 --> ParseError: syntax error, unexpected token "endforeach", expecting "elseif" or "else" or "endif"
[Method: GET, Route: AequiAdminis]
in APPPATH\Views\AequiAcademico.php on line 29.
 1 SYSTEMPATH\View\View.php(229): CodeIgniter\View\View->CodeIgniter\View\{closure}()
 2 SYSTEMPATH\Common.php(1167): CodeIgniter\View\View->render('AequiAcademico', [], true)
 3 APPPATH\Controllers\AequipoAdmin.php(15): view('AequiAcademico', [...])
 4 SYSTEMPATH\CodeIgniter.php(933): App\Controllers\AequipoAdmin->index()
 5 SYSTEMPATH\CodeIgniter.php(507): CodeIgniter\CodeIgniter->runController(Object(App\Controllers\AequipoAdmin))
 6 SYSTEMPATH\CodeIgniter.php(354): CodeIgniter\CodeIgniter->handleRequest(null, Object(Config\Cache), false)
 7 SYSTEMPATH\Boot.php(363): CodeIgniter\CodeIgniter->run()
 8 SYSTEMPATH\Boot.php(68): CodeIgniter\Boot::runCodeIgniter(Object(CodeIgniter\CodeIgniter))
 9 FCPATH\index.php(59): CodeIgniter\Boot::bootWeb(Object(Config\Paths))
10 SYSTEMPATH\rewrite.php(44): require_once('C:\\xampp\\htdocs\\sistemainventario\\public\\index.php')
CRITICAL - 2025-09-10 04:01:36 --> ParseError: syntax error, unexpected token "endforeach", expecting "elseif" or "else" or "endif"
[Method: GET, Route: AequiAdminis]
in APPPATH\Views\AequiAcademico.php on line 29.
 1 SYSTEMPATH\View\View.php(229): CodeIgniter\View\View->CodeIgniter\View\{closure}()
 2 SYSTEMPATH\Common.php(1167): CodeIgniter\View\View->render('AequiAcademico', [], true)
 3 APPPATH\Controllers\AequipoAdmin.php(15): view('AequiAcademico', [...])
 4 SYSTEMPATH\CodeIgniter.php(933): App\Controllers\AequipoAdmin->index()
 5 SYSTEMPATH\CodeIgniter.php(507): CodeIgniter\CodeIgniter->runController(Object(App\Controllers\AequipoAdmin))
 6 SYSTEMPATH\CodeIgniter.php(354): CodeIgniter\CodeIgniter->handleRequest(null, Object(Config\Cache), false)
 7 SYSTEMPATH\Boot.php(363): CodeIgniter\CodeIgniter->run()
 8 SYSTEMPATH\Boot.php(68): CodeIgniter\Boot::runCodeIgniter(Object(CodeIgniter\CodeIgniter))
 9 FCPATH\index.php(59): CodeIgniter\Boot::bootWeb(Object(Config\Paths))
10 SYSTEMPATH\rewrite.php(44): require_once('C:\\xampp\\htdocs\\sistemainventario\\public\\index.php')
DEBUG - 2025-09-10 14:01:05 --> Session: Class initialized using 'CodeIgniter\Session\Handlers\FileHandler' driver.
DEBUG - 2025-09-10 14:01:12 --> Session: Class initialized using 'CodeIgniter\Session\Handlers\FileHandler' driver.
CRITICAL - 2025-09-10 14:12:48 --> Error: Class "App\Model\AsignacionEquipoModel" not found
[Method: GET, Route: AequiAcademi]
in APPPATH\Controllers\AequipoAcadem.php on line 11.
 1 SYSTEMPATH\CodeIgniter.php(933): App\Controllers\AequipoAcadem->index()
 2 SYSTEMPATH\CodeIgniter.php(507): CodeIgniter\CodeIgniter->runController(Object(App\Controllers\AequipoAcadem))
 3 SYSTEMPATH\CodeIgniter.php(354): CodeIgniter\CodeIgniter->handleRequest(null, Object(Config\Cache), false)
 4 SYSTEMPATH\Boot.php(363): CodeIgniter\CodeIgniter->run()
 5 SYSTEMPATH\Boot.php(68): CodeIgniter\Boot::runCodeIgniter(Object(CodeIgniter\CodeIgniter))
 6 FCPATH\index.php(59): CodeIgniter\Boot::bootWeb(Object(Config\Paths))
 7 SYSTEMPATH\rewrite.php(44): require_once('C:\\xampp\\htdocs\\sistemainventario\\public\\index.php')
